2023-10-06 22:58:16,975 [INFO] LogOutputStream:77 - [STDOUT_REDIRECT] 1 : Invalid condition id : UX_CORESTACK_Condition cause : null
2023-10-06 22:58:16,986 [INFO] LogOutputStream:77 - [STDOUT_REDIRECT] 1 : Invalid condition id : UX_CORESTACK_Condition cause : null
2023-10-06 22:58:16,988 [INFO] LogOutputStream:77 - [STDOUT_REDIRECT] 1 : Invalid condition id : UX_CORESTACK_Condition cause : null
2023-10-06 22:58:16,989 [INFO] LogOutputStream:77 - [STDOUT_REDIRECT] 1 : Invalid condition id : UX_CORESTACK_Condition cause : null
2023-10-06 22:58:16,991 [INFO] LogOutputStream:77 - [STDOUT_REDIRECT] 1 : Invalid condition id : UX_CORESTACK_Condition cause : null
2023-10-06 22:58:16,994 [WARN] PackLoader:240 - Cannot read IP mode file for STMicroelectronics.X-CUBE-AZRTOS-WL.2.0.0
2023-10-06 22:58:17,009 [WARN] PackLoader:240 - Cannot read IP mode file for WES.I-CUBE-Cesium.1.3.0
2023-10-06 22:58:17,020 [WARN] PackLoader:240 - Cannot read IP mode file for STMicroelectronics.X-CUBE-BLE2.3.3.0
2023-10-06 22:58:17,032 [WARN] PackLoader:240 - Cannot read IP mode file for STMicroelectronics.X-CUBE-DISPLAY.2.2.0
2023-10-06 22:58:17,050 [WARN] PackLoader:240 - Cannot read IP mode file for STMicroelectronics.X-CUBE-TOF1.3.2.0
2023-10-06 22:58:17,065 [WARN] PackLoader:240 - Cannot read IP mode file for STMicroelectronics.X-CUBE-ISPU.1.0.0
2023-10-06 22:58:17,094 [WARN] PackLoader:240 - Cannot read IP mode file for STMicroelectronics.X-CUBE-AZRTOS-H7.2.1.0
2023-10-06 22:58:17,106 [WARN] PackLoader:240 - Cannot read IP mode file for STMicroelectronics.X-CUBE-TOUCHGFX.4.21.1
2023-10-06 22:58:17,115 [WARN] PackLoader:240 - Cannot read IP mode file for STMicroelectronics.X-CUBE-TOUCHGFX.4.21.0
2023-10-06 22:58:17,123 [WARN] PackLoader:240 - Cannot read IP mode file for STMicroelectronics.X-CUBE-TOUCHGFX.4.21.3
2023-10-06 22:58:17,132 [WARN] PackLoader:240 - Cannot read IP mode file for STMicroelectronics.X-CUBE-TOUCHGFX.4.21.4
2023-10-06 22:58:17,185 [WARN] PackLoader:240 - Cannot read IP mode file for STMicroelectronics.X-CUBE-MEMS1.9.4.0
2023-10-06 22:58:17,278 [WARN] PackLoader:240 - Cannot read IP mode file for STMicroelectronics.X-CUBE-AI.7.3.0
2023-10-06 22:58:17,290 [WARN] PackLoader:240 - Cannot read IP mode file for STMicroelectronics.X-CUBE-ALGOBUILD.1.3.0
2023-10-06 22:58:17,313 [WARN] PackLoader:240 - Cannot read IP mode file for STMicroelectronics.X-CUBE-AZRTOS-G0.1.1.0
2023-10-06 22:58:17,325 [WARN] PackLoader:240 - Cannot read IP mode file for STMicroelectronics.X-CUBE-NFC4.3.0.0
2023-10-06 22:58:17,361 [WARN] PackLoader:240 - Cannot read IP mode file for SEGGER.I-CUBE-embOS.1.2.0
2023-10-06 22:58:17,401 [WARN] PackLoader:240 - Cannot read IP mode file for STMicroelectronics.X-CUBE-BLEMGR.1.3.0
2023-10-06 22:58:17,406 [WARN] PackLoader:240 - Cannot read IP mode file for STMicroelectronics.FP-ATR-SIGFOX1.3.2.0
2023-10-06 22:58:17,416 [WARN] PackLoader:240 - Cannot read IP mode file for emotas.I-CUBE-CANOPEN.1.1.2
2023-10-06 22:58:17,425 [WARN] PackLoader:240 - Cannot read IP mode file for STMicroelectronics.X-CUBE-TOUCHGFX.4.20.0
2023-10-06 22:58:17,467 [WARN] PackLoader:240 - Cannot read IP mode file for STMicroelectronics.X-CUBE-MEMS1.9.5.0
2023-10-06 22:58:17,678 [WARN] PackLoader:240 - Cannot read IP mode file for SEGGER.I-CUBE-embOS.1.3.1
2023-10-06 22:58:17,744 [WARN] PackLoader:240 - Cannot read IP mode file for STMicroelectronics.X-CUBE-GNSS1.6.0.0
2023-10-06 22:58:17,783 [WARN] PackLoader:240 - Cannot read IP mode file for STMicroelectronics.X-CUBE-AZRTOS-F4.1.1.0
2023-10-06 22:58:17,801 [WARN] PackLoader:240 - Cannot read IP mode file for STMicroelectronics.X-CUBE-BLEMGR.1.2.0
2023-10-06 22:58:17,843 [WARN] PackLoader:240 - Cannot read IP mode file for STMicroelectronics.X-CUBE-AZRTOS-L5.2.0.0
2023-10-06 22:58:17,951 [WARN] PackLoader:240 - Cannot read IP mode file for STMicroelectronics.X-CUBE-MEMS1.9.6.0
2023-10-06 22:58:18,081 [WARN] PackLoader:240 - Cannot read IP mode file for ITTIA_DB.I-CUBE-ITTIADB.8.8.0
2023-10-06 22:58:18,099 [WARN] PackLoader:240 - Cannot read IP mode file for STMicroelectronics.X-CUBE-BLEMGR.2.0.0
2023-10-06 22:58:18,117 [WARN] PackLoader:240 - Cannot read IP mode file for STMicroelectronics.X-CUBE-NFC4.2.0.5
2023-10-06 22:58:18,134 [WARN] PackLoader:240 - Cannot read IP mode file for STMicroelectronics.X-CUBE-NFC4.2.0.4
2023-10-06 22:58:18,159 [WARN] ConditionMgr:438 - getConditionDescription Invalid condition id : UX DEVICE CLASS RTOS Condition cause : null
2023-10-06 22:58:18,159 [WARN] ConditionMgr:438 - getConditionDescription Invalid condition id : UX DEVICE CLASS RTOS Condition cause : null
2023-10-06 22:58:18,162 [WARN] PackLoader:240 - Cannot read IP mode file for STMicroelectronics.X-CUBE-AZRTOS-H7.3.1.0
2023-10-06 22:58:18,163 [WARN] ConditionMgr:1039 - genDependencies : Invalid condition id : UX DEVICE CLASS RTOS Condition cause : null
2023-10-06 22:58:18,164 [WARN] ConditionMgr:1039 - genDependencies : Invalid condition id : UX DEVICE CLASS RTOS Condition cause : null
2023-10-06 22:58:18,164 [WARN] ConditionMgr:1039 - genDependencies : Invalid condition id : UX DEVICE CLASS RTOS Condition cause : null
2023-10-06 22:58:18,164 [WARN] ConditionMgr:1039 - genDependencies : Invalid condition id : UX DEVICE CLASS RTOS Condition cause : null
2023-10-06 22:58:18,165 [WARN] ConditionMgr:1039 - genDependencies : Invalid condition id : UX DEVICE CLASS RTOS Condition cause : null
2023-10-06 22:58:18,176 [WARN] PackLoader:240 - Cannot read IP mode file for wolfSSL.I-CUBE-wolfSSL.5.5.0
2023-10-06 22:58:18,185 [WARN] PackLoader:240 - Cannot read IP mode file for STMicroelectronics.X-CUBE-NFC7.1.0.1
2023-10-06 22:58:18,195 [WARN] PackLoader:240 - Cannot read IP mode file for STMicroelectronics.X-CUBE-NFC7.1.0.0
2023-10-06 22:58:18,208 [WARN] PackLoader:240 - Cannot read IP mode file for STMicroelectronics.X-CUBE-NFC6.3.0.0
2023-10-06 22:58:18,220 [WARN] PackLoader:240 - Cannot read IP mode file for STMicroelectronics.X-CUBE-EEPRMA1.4.1.0
2023-10-06 22:58:18,230 [WARN] PackLoader:240 - Cannot read IP mode file for STMicroelectronics.X-CUBE-AI.8.1.0
2023-10-06 22:58:18,254 [WARN] ConditionMgr:438 - getConditionDescription Invalid condition id : LAN8742 Phy interface Condition cause : null
2023-10-06 22:58:18,255 [WARN] PackLoader:240 - Cannot read IP mode file for STMicroelectronics.X-CUBE-AZRTOS-L4.2.0.0
2023-10-06 22:58:18,256 [WARN] ConditionMgr:1039 - genDependencies : Invalid condition id : LAN8742 Phy interface Condition cause : null
2023-10-06 22:58:18,256 [WARN] ConditionMgr:1039 - genDependencies : Invalid condition id : LAN8742 Phy interface Condition cause : null
2023-10-06 22:58:18,256 [WARN] ConditionMgr:1039 - genDependencies : Invalid condition id : LAN8742 Phy interface Condition cause : null
2023-10-06 22:58:18,267 [WARN] PackLoader:240 - Cannot read IP mode file for STMicroelectronics.X-CUBE-SFXS2LP1.4.0.0
2023-10-06 22:58:18,309 [WARN] PackLoader:240 - Cannot read IP mode file for STMicroelectronics.X-CUBE-AZRTOS-H7.3.0.0
2023-10-06 22:58:18,320 [WARN] PackLoader:240 - Cannot read IP mode file for STMicroelectronics.X-CUBE-ISPU.1.1.0
2023-10-06 22:58:18,331 [WARN] PackLoader:240 - Cannot read IP mode file for RoweBots.I-CUBE-UNISONRTOS.5.5.0-4
2023-10-06 22:58:18,340 [WARN] PackLoader:240 - Cannot read IP mode file for STMicroelectronics.X-CUBE-AI.8.0.0
2023-10-06 22:58:18,360 [WARN] ConditionMgr:438 - getConditionDescription Invalid condition id : UX DEVICE CLASS RTOS Condition cause : null
2023-10-06 22:58:18,360 [WARN] ConditionMgr:438 - getConditionDescription Invalid condition id : UX DEVICE CLASS RTOS Condition cause : null
2023-10-06 22:58:18,361 [WARN] PackLoader:240 - Cannot read IP mode file for STMicroelectronics.X-CUBE-AZRTOS-WB.2.0.0
2023-10-06 22:58:18,362 [WARN] ConditionMgr:1039 - genDependencies : Invalid condition id : UX DEVICE CLASS RTOS Condition cause : null
2023-10-06 22:58:18,362 [WARN] ConditionMgr:1039 - genDependencies : Invalid condition id : UX DEVICE CLASS RTOS Condition cause : null
2023-10-06 22:58:18,362 [WARN] ConditionMgr:1039 - genDependencies : Invalid condition id : UX DEVICE CLASS RTOS Condition cause : null
2023-10-06 22:58:18,362 [WARN] ConditionMgr:1039 - genDependencies : Invalid condition id : UX DEVICE CLASS RTOS Condition cause : null
2023-10-06 22:58:18,362 [WARN] ConditionMgr:1039 - genDependencies : Invalid condition id : UX DEVICE CLASS RTOS Condition cause : null
2023-10-06 22:58:18,373 [WARN] PackLoader:240 - Cannot read IP mode file for STMicroelectronics.X-CUBE-FREERTOS.1.0.0
2023-10-06 22:58:18,382 [WARN] PackLoader:240 - Cannot read IP mode file for STMicroelectronics.X-CUBE-FREERTOS.1.0.1
2023-10-06 22:58:18,392 [WARN] PackLoader:240 - Cannot read IP mode file for STMicroelectronics.X-CUBE-BLEMGR.1.0.0
2023-10-06 22:58:18,413 [WARN] PackLoader:240 - Cannot read IP mode file for STMicroelectronics.X-CUBE-AZRTOS-L5.1.1.0
2023-10-06 22:58:18,423 [WARN] PackLoader:240 - Cannot read IP mode file for STMicroelectronics.X-CUBE-AI.8.0.1
2023-10-06 22:58:18,437 [WARN] PackLoader:240 - Cannot read IP mode file for STMicroelectronics.X-CUBE-SUBG2.5.0.0
2023-10-06 22:58:18,454 [WARN] PackLoader:240 - Cannot read IP mode file for STMicroelectronics.X-CUBE-TOF1.3.3.1
2023-10-06 22:58:18,480 [WARN] PackLoader:240 - Cannot read IP mode file for STMicroelectronics.X-CUBE-AZRTOS-G4.2.0.0
2023-10-06 22:58:18,496 [WARN] PackLoader:240 - Cannot read IP mode file for STMicroelectronics.X-CUBE-TOF1.3.3.0
2023-10-06 22:58:18,511 [WARN] PackLoader:240 - Cannot read IP mode file for STMicroelectronics.FP-ATR-ASTRA1.1.1.1
2023-10-06 22:58:18,519 [WARN] PackLoader:240 - Cannot read IP mode file for Infineon.AIROC-Wi-Fi-Bluetooth-STM32.1.5.1
2023-10-06 22:58:18,541 [WARN] PackLoader:240 - Cannot read IP mode file for STMicroelectronics.X-CUBE-AZRTOS-G4.1.0.0
2023-10-06 22:58:18,565 [WARN] PackLoader:240 - Cannot read IP mode file for STMicroelectronics.X-CUBE-AZRTOS-L4.1.0.0
2023-10-06 22:58:18,576 [WARN] PackLoader:240 - Cannot read IP mode file for STMicroelectronics.X-CUBE-FREERTOS.1.1.0
2023-10-06 22:58:18,594 [WARN] PackLoader:240 - Cannot read IP mode file for STMicroelectronics.X-CUBE-AZRTOS-WL.1.0.0
2023-10-06 22:58:18,608 [WARN] PackLoader:240 - Cannot read IP mode file for portGmbH.I-Cube-SoM-uGOAL.1.1.0
2023-10-06 22:58:18,620 [WARN] PackLoader:240 - Cannot read IP mode file for STMicroelectronics.X-CUBE-ALS.1.0.1
2023-10-06 22:58:18,640 [WARN] PackLoader:240 - Cannot read IP mode file for STMicroelectronics.X-CUBE-AZRTOS-WB.1.1.0
2023-10-06 22:58:18,662 [WARN] PackLoader:240 - Cannot read IP mode file for STMicroelectronics.X-CUBE-AZRTOS-L5.1.0.0
2023-10-06 22:58:18,674 [WARN] PackLoader:240 - Cannot read IP mode file for STMicroelectronics.X-CUBE-EEPRMA1.3.1.1
2023-10-06 22:58:18,677 [WARN] PackLoader:240 - Cannot read IP mode file for STMicroelectronics.FP-ATR-ASTRA1.2.0.0
2023-10-06 22:58:18,677 [INFO] ThirdParty:978 - Integrity check success = true
2023-10-06 22:58:18,678 [INFO] IntegrityCheckThread:100 - exiting critical section [integrity check]
2023-10-06 22:58:18,678 [INFO] IntegrityCheckThread:103 - End integrity checks thread
2023-10-06 22:58:18,678 [INFO] ThirdParty:873 - entering critical section [close project]
2023-10-06 22:58:18,679 [INFO] ThirdParty:883 - exiting critical section [close project]
2023-10-06 22:58:18,682 [INFO] PinOutPanel:1499 - setPackage(No Configuration,No Configuration)
2023-10-06 22:58:18,687 [INFO] UtilMem:75 - Begin LoadConfig() Used Memory: 577933976 Bytes (831520768)
2023-10-06 22:58:18,688 [INFO] MicroXplorer:468 - Change Database Path : 
2023-10-06 22:58:18,688 [INFO] MicroXplorer:498 - Change Database Version : DB.6.0.81
2023-10-06 22:58:18,688 [INFO] OpenFileManager:308 - Change cursor
2023-10-06 22:58:18,728 [INFO] Mcu:1937 - Initializing MCU STM32F411R(C-E)Tx STM32F411RETx STM32F411RET6
2023-10-06 22:58:20,264 [INFO] Context:659 - Trying to add GPIOservice into a context  which must be forbidden
2023-10-06 22:58:21,086 [INFO] RtosManager:555 - Registered RTOS mode: class=CMSIS, group=RTOS, mode=CMSIS_V1, owner=FREERTOS
2023-10-06 22:58:21,086 [INFO] RtosManager:555 - Registered RTOS mode: class=CMSIS, group=RTOS2, mode=CMSIS_V2, owner=FREERTOS
2023-10-06 22:58:21,086 [INFO] RtosManager:555 - Registered RTOS mode: class=RTOS, group=Core, mode=CMSIS_V1, owner=FREERTOS
2023-10-06 22:58:21,086 [INFO] RtosManager:555 - Registered RTOS mode: class=RTOS, group=Core, mode=CMSIS_V2, owner=FREERTOS
2023-10-06 22:58:21,086 [WARN] ModelIntegratedComponent:184 - Missing modes for component STMicroelectronics:FreeRTOS:0.0.1:STMicroelectronics:RTOS:FreeRTOS:Core:::10.2.0:
2023-10-06 22:58:21,094 [WARN] ModelIntegratedComponent:63 - No mode defined for component null
2023-10-06 22:58:21,094 [WARN] ModelIntegratedComponent:63 - No mode defined for component null
2023-10-06 22:58:21,094 [WARN] ModelIntegratedComponent:63 - No mode defined for component null
2023-10-06 22:58:21,094 [WARN] ModelIntegratedComponent:63 - No mode defined for component null
2023-10-06 22:58:21,094 [WARN] ModelIntegratedComponent:63 - No mode defined for component null
2023-10-06 22:58:21,094 [WARN] ModelIntegratedComponent:63 - No mode defined for component null
2023-10-06 22:58:21,094 [WARN] ModelIntegratedComponent:63 - No mode defined for component null
2023-10-06 22:58:21,095 [WARN] ModelIntegratedComponent:63 - No mode defined for component null
2023-10-06 22:58:21,095 [WARN] ModelIntegratedComponent:63 - No mode defined for component null
2023-10-06 22:58:21,095 [WARN] ModelIntegratedComponent:63 - No mode defined for component null
2023-10-06 22:58:21,095 [WARN] ModelIntegratedComponent:63 - No mode defined for component null
2023-10-06 22:58:21,095 [WARN] ModelIntegratedComponent:63 - No mode defined for component null
2023-10-06 22:58:21,095 [WARN] ModelIntegratedComponent:63 - No mode defined for component null
2023-10-06 22:58:21,095 [WARN] ModelIntegratedComponent:63 - No mode defined for component null
2023-10-06 22:58:21,095 [WARN] ModelIntegratedComponent:63 - No mode defined for component null
2023-10-06 22:58:21,095 [WARN] ModelIntegratedComponent:63 - No mode defined for component null
2023-10-06 22:58:21,096 [WARN] ModelIntegratedComponent:63 - No mode defined for component null
2023-10-06 22:58:21,096 [WARN] ModelIntegratedComponent:63 - No mode defined for component null
2023-10-06 22:58:21,096 [WARN] ModelIntegratedComponent:63 - No mode defined for component null
2023-10-06 22:58:21,096 [WARN] ModelIntegratedComponent:63 - No mode defined for component null
2023-10-06 22:58:21,096 [WARN] ModelIntegratedComponent:63 - No mode defined for component null
2023-10-06 22:58:21,096 [WARN] ModelIntegratedComponent:63 - No mode defined for component null
2023-10-06 22:58:21,096 [WARN] ModelIntegratedComponent:63 - No mode defined for component null
2023-10-06 22:58:21,096 [WARN] ModelIntegratedComponent:63 - No mode defined for component null
2023-10-06 22:58:21,096 [WARN] ModelIntegratedComponent:63 - No mode defined for component null
2023-10-06 22:58:21,097 [WARN] ModelIntegratedComponent:63 - No mode defined for component null
2023-10-06 22:58:21,097 [WARN] ModelIntegratedComponent:63 - No mode defined for component null
2023-10-06 22:58:21,097 [WARN] ModelIntegratedComponent:63 - No mode defined for component null
2023-10-06 22:58:21,097 [WARN] ModelIntegratedComponent:63 - No mode defined for component null
2023-10-06 22:58:21,097 [WARN] ModelIntegratedComponent:63 - No mode defined for component null
2023-10-06 22:58:21,097 [WARN] ModelIntegratedComponent:63 - No mode defined for component null
2023-10-06 22:58:21,097 [WARN] ModelIntegratedComponent:63 - No mode defined for component null
2023-10-06 22:58:21,097 [WARN] ModelIntegratedComponent:63 - No mode defined for component null
2023-10-06 22:58:21,180 [WARN] ModelIntegratedComponent:182 - Modes not found for component STMicroelectronics:USB_DEVICE:1.0.0:STMicroelectronics:USB::USB Device:Audio HS::1.0:USB_DEVICE_1_0_RESTRICTED_HS
2023-10-06 22:58:21,180 [WARN] ModelIntegratedComponent:188 - Modes not found for component STMicroelectronics:USB_DEVICE:1.0.0:STMicroelectronics:USB::USB Device:Audio HS::1.0:USB_DEVICE_1_0_RESTRICTED_HS
2023-10-06 22:58:21,180 [WARN] ModelIntegratedComponent:182 - Modes not found for component STMicroelectronics:USB_DEVICE:1.0.0:STMicroelectronics:USB::USB Device:CDC HS::1.0:USB_DEVICE_1_0_RESTRICTED_HS
2023-10-06 22:58:21,181 [WARN] ModelIntegratedComponent:188 - Modes not found for component STMicroelectronics:USB_DEVICE:1.0.0:STMicroelectronics:USB::USB Device:CDC HS::1.0:USB_DEVICE_1_0_RESTRICTED_HS
2023-10-06 22:58:21,183 [WARN] ModelIntegratedComponent:182 - Modes not found for component STMicroelectronics:USB_DEVICE:1.0.0:STMicroelectronics:USB::USB Device:DFU HS::1.0:USB_DEVICE_1_0_RESTRICTED_HS
2023-10-06 22:58:21,183 [WARN] ModelIntegratedComponent:188 - Modes not found for component STMicroelectronics:USB_DEVICE:1.0.0:STMicroelectronics:USB::USB Device:DFU HS::1.0:USB_DEVICE_1_0_RESTRICTED_HS
2023-10-06 22:58:21,183 [WARN] ModelIntegratedComponent:182 - Modes not found for component STMicroelectronics:USB_DEVICE:1.0.0:STMicroelectronics:USB::USB Device:HID HS::1.0:USB_DEVICE_1_0_RESTRICTED_HS
2023-10-06 22:58:21,183 [WARN] ModelIntegratedComponent:188 - Modes not found for component STMicroelectronics:USB_DEVICE:1.0.0:STMicroelectronics:USB::USB Device:HID HS::1.0:USB_DEVICE_1_0_RESTRICTED_HS
2023-10-06 22:58:21,183 [WARN] ModelIntegratedComponent:182 - Modes not found for component STMicroelectronics:USB_DEVICE:1.0.0:STMicroelectronics:USB::USB Device:Custom HID HS::1.0:USB_DEVICE_1_0_RESTRICTED_HS
2023-10-06 22:58:21,183 [WARN] ModelIntegratedComponent:188 - Modes not found for component STMicroelectronics:USB_DEVICE:1.0.0:STMicroelectronics:USB::USB Device:Custom HID HS::1.0:USB_DEVICE_1_0_RESTRICTED_HS
2023-10-06 22:58:21,183 [WARN] ModelIntegratedComponent:182 - Modes not found for component STMicroelectronics:USB_DEVICE:1.0.0:STMicroelectronics:USB::USB Device:MSC HS::1.0:USB_DEVICE_1_0_RESTRICTED_HS
2023-10-06 22:58:21,183 [WARN] ModelIntegratedComponent:188 - Modes not found for component STMicroelectronics:USB_DEVICE:1.0.0:STMicroelectronics:USB::USB Device:MSC HS::1.0:USB_DEVICE_1_0_RESTRICTED_HS
2023-10-06 22:58:21,264 [WARN] ModelIntegratedComponent:182 - Modes not found for component STMicroelectronics:USB_HOST:1.0.0:STMicroelectronics:USB::USB Host:Audio HS::1.0:USB_HOST_1_0_RESTRICTED_HS
2023-10-06 22:58:21,264 [WARN] ModelIntegratedComponent:188 - Modes not found for component STMicroelectronics:USB_HOST:1.0.0:STMicroelectronics:USB::USB Host:Audio HS::1.0:USB_HOST_1_0_RESTRICTED_HS
2023-10-06 22:58:21,264 [WARN] ModelIntegratedComponent:182 - Modes not found for component STMicroelectronics:USB_HOST:1.0.0:STMicroelectronics:USB::USB Host:CDC HS::1.0:USB_HOST_1_0_RESTRICTED_HS
2023-10-06 22:58:21,264 [WARN] ModelIntegratedComponent:188 - Modes not found for component STMicroelectronics:USB_HOST:1.0.0:STMicroelectronics:USB::USB Host:CDC HS::1.0:USB_HOST_1_0_RESTRICTED_HS
2023-10-06 22:58:21,264 [WARN] ModelIntegratedComponent:182 - Modes not found for component STMicroelectronics:USB_HOST:1.0.0:STMicroelectronics:USB::USB Host:MSC HS::1.0:USB_HOST_1_0_RESTRICTED_HS
2023-10-06 22:58:21,265 [WARN] ModelIntegratedComponent:188 - Modes not found for component STMicroelectronics:USB_HOST:1.0.0:STMicroelectronics:USB::USB Host:MSC HS::1.0:USB_HOST_1_0_RESTRICTED_HS
2023-10-06 22:58:21,265 [WARN] ModelIntegratedComponent:182 - Modes not found for component STMicroelectronics:USB_HOST:1.0.0:STMicroelectronics:USB::USB Host:HID HS::1.0:USB_HOST_1_0_RESTRICTED_HS
2023-10-06 22:58:21,265 [WARN] ModelIntegratedComponent:188 - Modes not found for component STMicroelectronics:USB_HOST:1.0.0:STMicroelectronics:USB::USB Host:HID HS::1.0:USB_HOST_1_0_RESTRICTED_HS
2023-10-06 22:58:21,265 [WARN] ModelIntegratedComponent:182 - Modes not found for component STMicroelectronics:USB_HOST:1.0.0:STMicroelectronics:USB::USB Host:MTP HS::1.0:USB_HOST_1_0_RESTRICTED_HS
2023-10-06 22:58:21,265 [WARN] ModelIntegratedComponent:188 - Modes not found for component STMicroelectronics:USB_HOST:1.0.0:STMicroelectronics:USB::USB Host:MTP HS::1.0:USB_HOST_1_0_RESTRICTED_HS
2023-10-06 22:58:21,371 [INFO] ThirdPartyModel:298 - Start build external matchings
2023-10-06 22:58:22,895 [INFO] ThirdPartyModel:316 - End build external matchings
2023-10-06 22:58:22,944 [INFO] ImportTextPane:194 - (OptionalMessage_ERROR) IP (DMA) : Parameter (Instance) has Id (ADC1) currently not set
2023-10-06 22:58:22,944 [INFO] ImportTextPane:194 - (OptionalMessage_ERROR) IP (DMA) : Parameter (Channel) has Id (ADC1) currently not set
2023-10-06 22:58:22,944 [INFO] ImportTextPane:194 - (OptionalMessage_ERROR) IP (DMA) : Parameter (Direction) has Id (ADC1) currently not set
2023-10-06 22:58:22,945 [INFO] ImportTextPane:194 - (OptionalMessage_ERROR) IP (DMA) : Parameter (PeriphInc) has Id (ADC1) currently not set
2023-10-06 22:58:22,945 [INFO] ImportTextPane:194 - (OptionalMessage_ERROR) IP (DMA) : Parameter (MemInc) has Id (ADC1) currently not set
2023-10-06 22:58:22,945 [INFO] ImportTextPane:194 - (OptionalMessage_ERROR) IP (DMA) : Parameter (PeriphDataAlignment) has Id (ADC1) currently not set
2023-10-06 22:58:22,945 [INFO] ImportTextPane:194 - (OptionalMessage_ERROR) IP (DMA) : Parameter (MemDataAlignment) has Id (ADC1) currently not set
2023-10-06 22:58:22,945 [INFO] ImportTextPane:194 - (OptionalMessage_ERROR) IP (DMA) : Parameter (Mode) has Id (ADC1) currently not set
2023-10-06 22:58:22,946 [INFO] ImportTextPane:194 - (OptionalMessage_ERROR) IP (DMA) : Parameter (Priority) has Id (ADC1) currently not set
2023-10-06 22:58:22,946 [INFO] ImportTextPane:194 - (OptionalMessage_ERROR) IP (DMA) : Parameter (FIFOMode) has Id (ADC1) currently not set
2023-10-06 22:58:22,946 [INFO] ImportTextPane:194 - (OptionalMessage_ERROR) IP (DMA) : Parameter (FIFOThreshold) has Id (ADC1) currently not set
2023-10-06 22:58:22,946 [INFO] ImportTextPane:194 - (OptionalMessage_ERROR) IP (DMA) : Parameter (FIFOThreshold) has invalid value (null)
2023-10-06 22:58:22,946 [INFO] ImportTextPane:194 - (OptionalMessage_ERROR) IP (DMA) : Parameter (MemBurst) has Id (ADC1) currently not set
2023-10-06 22:58:22,946 [INFO] ImportTextPane:194 - (OptionalMessage_ERROR) IP (DMA) : Parameter (MemBurst) has invalid value (null)
2023-10-06 22:58:22,946 [INFO] ImportTextPane:194 - (OptionalMessage_ERROR) IP (DMA) : Parameter (PeriphBurst) has Id (ADC1) currently not set
2023-10-06 22:58:22,946 [INFO] ImportTextPane:194 - (OptionalMessage_ERROR) IP (DMA) : Parameter (PeriphBurst) has invalid value (null)
2023-10-06 22:58:22,946 [INFO] ImportTextPane:194 - (OptionalMessage_ERROR) IP (DMA) : Parameter (Instance) has Id (I2C1_RX) currently not set
2023-10-06 22:58:22,946 [INFO] ImportTextPane:194 - (OptionalMessage_ERROR) IP (DMA) : Parameter (Channel) has Id (I2C1_RX) currently not set
2023-10-06 22:58:22,946 [INFO] ImportTextPane:194 - (OptionalMessage_ERROR) IP (DMA) : Parameter (Direction) has Id (I2C1_RX) currently not set
2023-10-06 22:58:22,946 [INFO] ImportTextPane:194 - (OptionalMessage_ERROR) IP (DMA) : Parameter (PeriphInc) has Id (I2C1_RX) currently not set
2023-10-06 22:58:22,946 [INFO] ImportTextPane:194 - (OptionalMessage_ERROR) IP (DMA) : Parameter (MemInc) has Id (I2C1_RX) currently not set
2023-10-06 22:58:22,947 [INFO] ImportTextPane:194 - (OptionalMessage_ERROR) IP (DMA) : Parameter (PeriphDataAlignment) has Id (I2C1_RX) currently not set
2023-10-06 22:58:22,947 [INFO] ImportTextPane:194 - (OptionalMessage_ERROR) IP (DMA) : Parameter (MemDataAlignment) has Id (I2C1_RX) currently not set
2023-10-06 22:58:22,947 [INFO] ImportTextPane:194 - (OptionalMessage_ERROR) IP (DMA) : Parameter (Mode) has Id (I2C1_RX) currently not set
2023-10-06 22:58:22,947 [INFO] ImportTextPane:194 - (OptionalMessage_ERROR) IP (DMA) : Parameter (Priority) has Id (I2C1_RX) currently not set
2023-10-06 22:58:22,947 [INFO] ImportTextPane:194 - (OptionalMessage_ERROR) IP (DMA) : Parameter (FIFOMode) has Id (I2C1_RX) currently not set
2023-10-06 22:58:22,956 [INFO] ImportTextPane:194 - (OptionalMessage_ERROR) IP (RCC) : Parameter (RTCHSEDivFreq_Value) has invalid value (12500000)
2023-10-06 22:58:23,258 [INFO] UtilMem:75 - End LoadConfig() Used Memory: 608762056 Bytes (831520768)
2023-10-06 22:58:23,405 [INFO] ApiDb:581 - Connected to CubeFinder SQLite database (C:\Users\Aleksy\.stmcufinder\plugins\mcufinder\mcu\cube-finder-db.db)
2023-10-06 22:58:23,505 [INFO] ApiDb:668 - CubeFinder database Data Model version=2.1
2023-10-06 22:58:23,505 [INFO] ApiDb:669 - CubeFinder database Configuration version=3.0.37
2023-10-06 22:58:23,505 [INFO] ApiDb:670 - CubeFinder database generation date=2023-08-09 (1691586011)
2023-10-06 22:58:23,505 [INFO] ApiDb:671 - CubeFinder database FW Pack versions=[FP-ATR-ASTRA1_V2.0.0, FP-SNS-FLIGHT1_V5.0.1, FP-SNS-FLIGHT1_V5.0.2, FP-SNS-MOTENV1_V4.3.1, FP-SNS-MOTENV1_V4.3.2, STM32Cube_FW_C0_V1.1.0, STM32Cube_FW_F4_V1.27.1, STM32Cube_FW_F7_V1.17.0, STM32Cube_FW_G0_V1.6.1, STM32Cube_FW_G4_V1.5.1, STM32Cube_FW_H5_V0.5.1, STM32Cube_FW_H5_V1.1.0, STM32Cube_FW_H7_V1.11.0, STM32Cube_FW_L0_V1.12.2, STM32Cube_FW_L5_V1.5.0, STM32Cube_FW_U5_V1.3.0, STM32Cube_FW_U5_V1.3.0RC4, STM32Cube_FW_WBA_V1.0.0RC1, STM32Cube_FW_WBA_V1.1.0, STM32Cube_FW_WBA_V1.1.0RC1, STM32Cube_FW_WB_V1.15.0RC1, STM32Cube_FW_WB_V1.16.0, STM32Cube_FW_WB_V1.16.0RC2, STM32Cube_FW_WB_V1.17.0, STM32Cube_FW_WL_V1.3.0, X-CUBE-ALGOBUILD_V1.3.0, X-CUBE-ALS_V1.0.1, X-CUBE-AZRTOS-F4_V1.1.0, X-CUBE-AZRTOS-F7_V1.1.0, X-CUBE-AZRTOS-G0_V1.1.0, X-CUBE-AZRTOS-G4_V2.0.0, X-CUBE-AZRTOS-H7_V3.1.0, X-CUBE-AZRTOS-L4_V1.0.0, X-CUBE-AZRTOS-L4_V2.0.0, X-CUBE-AZRTOS-L5_V1.1.0, X-CUBE-AZRTOS-WB_V1.1.0, X-CUBE-AZRTOS-WL_V2.0.0, X-CUBE-BLE1_V7.0.0, X-CUBE-BLE2_V3.3.0, X-CUBE-BLEMGR_V2.0.0, X-CUBE-EEPRMA1_V4.1.0, X-CUBE-FREERTOS_V1.1.0, X-CUBE-GNSS1_V6.0.0, X-CUBE-MEMS1_V9.1.0, X-CUBE-MEMS1_V9.4.0, X-CUBE-MEMS1_V9.6.0, X-CUBE-NFC4_V3.0.0, X-CUBE-NFC7_V1.0.0, X-CUBE-SFXS2LP1_V4.0.0, X-CUBE-SUBG2_V5.0.0, X-CUBE-TOF1_V3.3.1]
2023-10-06 22:58:25,841 [INFO] ApiDb:240 - Found 297 in-development CPN: [B-G473E-ZEST1S, B-WB1M-WPAN1, B-WL5M-SUBG1, NUCLEO-C031C6, NUCLEO-H503RB, NUCLEO-H563ZI, NUCLEO-U545RE-Q, NUCLEO-U5A5ZJ-Q, NUCLEO-WBA52CG, STEVAL-PROTEUS1, STEVAL-STWINBX1, STM320518-EVAL, STM32C0116-DK, STM32C011D6Y3TR, STM32C011D6Y6TR, STM32C011F4P3, STM32C011F4P6, STM32C011F4U3, STM32C011F4U6TR, STM32C011F6P3, STM32C011F6P6, STM32C011F6U3, STM32C011F6U6TR, STM32C011J4M3, STM32C011J4M6, STM32C011J6M3, STM32C011J6M6, STM32C0316-DK, STM32C031C4T3, STM32C031C4T6, STM32C031C4U3, STM32C031C4U6, STM32C031C6T3, STM32C031C6T6, STM32C031C6U3, STM32C031C6U6, STM32C031F4P3, STM32C031F4P6, STM32C031F6P3, STM32C031F6P6, STM32C031G4U3, STM32C031G4U6, STM32C031G6U3, STM32C031G6U6, STM32C031K4T3, STM32C031K4T6, STM32C031K4U3, STM32C031K4U6, STM32C031K6T3, STM32C031K6T6, STM32C031K6U3, STM32C031K6U6, STM32G071K8TXN, STM32G071K8UXN, STM32G081GBU6N, STM32G081KBT6N, STM32G081KBUXN, STM32G0B1CCT6N, STM32G0B1KCT6, STM32G0B1NEY6TR, STM32G0B1RCT6N, STM32G0C1CCT6, STM32G0C1CCT6N, STM32G0C1CCU6N, STM32G0C1CET6N, STM32G0C1CEU6N, STM32G0C1KCT6, STM32G0C1NEY6TR, STM32G0C1RCI6N, STM32G0C1RCT6N, STM32G0C1REI6N, STM32G0C1RET6N, STM32G0C1VCI6, STM32G0C1VEI6, STM32G471CCT6, STM32G471CCU6, STM32G471CET3, STM32G471CET6, STM32G471CEU3, STM32G471CEU6, STM32G471MCT6, STM32G471MET3, STM32G471MET6, STM32G471MEY6TR, STM32G471QCT6, STM32G471QET3, STM32G471RCT6, STM32G471RET3, STM32G471RET6, STM32G471VCH6, STM32G471VCI6, STM32G471VCT6, STM32G471VEH3, STM32G471VEH6, STM32G471VEI3, STM32G471VEI6, STM32G471VET3, STM32G471VET6, STM32G474CCT6, STM32H503CBT6, STM32H503CBU6, STM32H503EBY6TR, STM32H503KBU6, STM32H503RBT6, STM32H562AGI6, STM32H562AII6, STM32H562IGK6, STM32H562IGT6, STM32H562IIK6, STM32H562IIT6, STM32H562RGT6, STM32H562RGV6, STM32H562RIT6, STM32H562RIV6, STM32H562VGT6, STM32H562VIT6, STM32H562ZGT6, STM32H562ZIT6, STM32H563AGI6, STM32H563AII3Q, STM32H563AII6, STM32H563IGK6, STM32H563IGT6, STM32H563IIK3Q, STM32H563IIK6, STM32H563IIT3Q, STM32H563IIT6, STM32H563MIY3QTR, STM32H563RGT6, STM32H563RGV6, STM32H563RIT6, STM32H563RIV6, STM32H563VGT6, STM32H563VIT3Q, STM32H563VIT6, STM32H563ZGT6, STM32H563ZIT3Q, STM32H563ZIT6, STM32H573AII3Q, STM32H573AII6, STM32H573I-DK, STM32H573IIK3Q, STM32H573IIK6, STM32H573IIT3Q, STM32H573IIT6, STM32H573MIY3QTR, STM32H573RIT6, STM32H573RIV6, STM32H573VIT3Q, STM32H573VIT6, STM32H573ZIT3Q, STM32H573ZIT6, STM32L4R5QGI6STR, STM32MP131AAE3, STM32MP131AAF3, STM32MP131AAG3, STM32MP131CAE3, STM32MP131CAF3, STM32MP131CAG3, STM32MP131DAE7, STM32MP131DAF7, STM32MP131DAG7, STM32MP131FAE7, STM32MP131FAF7, STM32MP131FAG7, STM32MP133AAE3, STM32MP133AAF3, STM32MP133AAG3, STM32MP133CAE3, STM32MP133CAF3, STM32MP133CAG3, STM32MP133DAE7, STM32MP133DAF7, STM32MP133DAG7, STM32MP133FAE7, STM32MP133FAF7, STM32MP133FAG7, STM32MP135AAE3, STM32MP135AAF3, STM32MP135AAG3, STM32MP135CAE3, STM32MP135CAF3, STM32MP135CAG3, STM32MP135DAE7, STM32MP135DAF7, STM32MP135DAG7, STM32MP135F-DK, STM32MP135FAE7, STM32MP135FAF7, STM32MP135FAF7T, STM32MP135FAF7U, STM32MP135FAG7, STM32U535CBT6, STM32U535CBT6Q, STM32U535CBU6, STM32U535CBU6Q, STM32U535CCT6, STM32U535CCT6Q, STM32U535CCU6, STM32U535CCU6Q, STM32U535CET6, STM32U535CET6Q, STM32U535CEU6, STM32U535CEU6Q, STM32U535JEY6QTR, STM32U535NCY6QTR, STM32U535NEY6QTR, STM32U535RBI6, STM32U535RBI6Q, STM32U535RBT6, STM32U535RBT6Q, STM32U535RCI6, STM32U535RCI6Q, STM32U535RCT6, STM32U535RCT6Q, STM32U535REI6, STM32U535REI6Q, STM32U535RET6, STM32U535RET6Q, STM32U535VCI6, STM32U535VCI6Q, STM32U535VCT6, STM32U535VCT6Q, STM32U535VEI6, STM32U535VEI6Q, STM32U535VET6, STM32U535VET6Q, STM32U545CET6, STM32U545CET6Q, STM32U545CEU6, STM32U545CEU6Q, STM32U545JEY6QTR, STM32U545NEY6QTR, STM32U545REI6, STM32U545REI6Q, STM32U545RET6, STM32U545RET6Q, STM32U545VEI6, STM32U545VEI6Q, STM32U545VET6, STM32U545VET6Q, STM32U595AIH6, STM32U595AIH6Q, STM32U595AJH6, STM32U595AJH6Q, STM32U595QII6, STM32U595QII6Q, STM32U595QJI6, STM32U595QJI6Q, STM32U595RIT6, STM32U595RIT6Q, STM32U595RJT6, STM32U595RJT6Q, STM32U595VIT6, STM32U595VIT6Q, STM32U595VJT6, STM32U595VJT6Q, STM32U595ZIT6, STM32U595ZIT6Q, STM32U595ZIY6QTR, STM32U595ZJT6, STM32U595ZJT6Q, STM32U595ZJY6QTR, STM32U599BJY6QTR, STM32U599NIH6Q, STM32U599NJH6Q, STM32U599VIT6Q, STM32U599VJT6, STM32U599VJT6Q, STM32U599ZIT6Q, STM32U599ZIY6QTR, STM32U599ZJT6Q, STM32U599ZJY6QTR, STM32U5A5AJH6, STM32U5A5AJH6Q, STM32U5A5QJI6, STM32U5A5QJI6Q, STM32U5A5RJT6, STM32U5A5RJT6Q, STM32U5A5VJT6, STM32U5A5VJT6Q, STM32U5A5ZJT6, STM32U5A5ZJT6Q, STM32U5A5ZJY6QTR, STM32U5A9BJY6QTR, STM32U5A9J-DK, STM32U5A9NJH6Q, STM32U5A9VJT6Q, STM32U5A9ZJT6Q, STM32U5A9ZJY6QTR, STM32WB1MMCH6, STM32WBA52CEU6, STM32WBA52CEU6T, STM32WBA52CGU6, STM32WBA52CGU6T, STM32WL5MOCH6, STM32WL5MOCH6TR]
2023-10-06 22:58:25,841 [INFO] DbMcus:216 - Found 3825 MCUs, 3825 are supported
2023-10-06 22:58:25,841 [INFO] ApiDb:423 - Load user favorites file C:\Users\Aleksy/.stm32cubeide/favorites.mcus.txt: 0 item(s)
2023-10-06 22:58:25,841 [INFO] ApiDb:427 - User favorites MCUs=[]
2023-10-06 22:58:25,841 [INFO] DbMcus:222 - Set 0 / 0 favorites MCUs
2023-10-06 22:58:26,221 [WARN] ThirdParty:833 - waiting for thirdparty lock release [change project]
2023-10-06 22:58:26,221 [INFO] ThirdParty:835 - entering critical section [change project]
2023-10-06 22:58:26,221 [INFO] ThirdParty:1030 - CMSIS Pack Vendor :STMicroelectronics X-CUBE-GNSS1 6.0.0
2023-10-06 22:58:26,221 [INFO] ThirdParty:1030 - CMSIS Pack Vendor :STMicroelectronics USB_HOST 2.0.0
2023-10-06 22:58:26,221 [INFO] ThirdParty:1030 - CMSIS Pack Vendor :STMicroelectronics X-CUBE-AZRTOS-F4 1.1.0
2023-10-06 22:58:26,221 [INFO] ThirdParty:1030 - CMSIS Pack Vendor :STMicroelectronics LIBJPEG 8.0.0
2023-10-06 22:58:26,221 [INFO] ThirdParty:1030 - CMSIS Pack Vendor :STMicroelectronics X-CUBE-SMBUS 2.1.0
2023-10-06 22:58:26,221 [INFO] ThirdParty:1030 - CMSIS Pack Vendor :STMicroelectronics X-CUBE-BLEMGR 1.2.0
2023-10-06 22:58:26,221 [INFO] ThirdParty:1030 - CMSIS Pack Vendor :STMicroelectronics X-CUBE-AZRTOS-F7 1.1.0
2023-10-06 22:58:26,221 [INFO] ThirdParty:1030 - CMSIS Pack Vendor :STMicroelectronics X-CUBE-AZRTOS-L5 2.0.0
2023-10-06 22:58:26,221 [INFO] ThirdParty:1030 - CMSIS Pack Vendor :STMicroelectronics USB_DEVICE 2.0.0
2023-10-06 22:58:26,221 [INFO] ThirdParty:1030 - CMSIS Pack Vendor :STMicroelectronics X-CUBE-MEMS1 9.6.0
2023-10-06 22:58:26,221 [INFO] ThirdParty:1030 - CMSIS Pack Vendor :ITTIA_DB I-CUBE-ITTIADB 8.8.0
2023-10-06 22:58:26,221 [INFO] ThirdParty:1030 - CMSIS Pack Vendor :STMicroelectronics FP-SNS-MOTENV1 4.3.0
2023-10-06 22:58:26,221 [INFO] ThirdParty:1030 - CMSIS Pack Vendor :STMicroelectronics FP-SNS-MOTENV1 4.3.2
2023-10-06 22:58:26,221 [INFO] ThirdParty:1030 - CMSIS Pack Vendor :STMicroelectronics FP-SNS-FLIGHT1 5.0.0
2023-10-06 22:58:26,221 [INFO] ThirdParty:1030 - CMSIS Pack Vendor :STMicroelectronics FP-SNS-MOTENV1 4.3.1
2023-10-06 22:58:26,221 [INFO] ThirdParty:1030 - CMSIS Pack Vendor :STMicroelectronics FP-SNS-FLIGHT1 5.0.1
2023-10-06 22:58:26,221 [INFO] ThirdParty:1030 - CMSIS Pack Vendor :STMicroelectronics X-CUBE-BLE1 6.2.3
2023-10-06 22:58:26,221 [INFO] ThirdParty:1030 - CMSIS Pack Vendor :STMicroelectronics X-CUBE-BLE1 6.2.4
2023-10-06 22:58:26,221 [INFO] ThirdParty:1030 - CMSIS Pack Vendor :STMicroelectronics FreeRTOS 0.0.1
2023-10-06 22:58:26,221 [INFO] ThirdParty:1030 - CMSIS Pack Vendor :STMicroelectronics X-CUBE-BLEMGR 2.0.0
2023-10-06 22:58:26,221 [INFO] ThirdParty:1030 - CMSIS Pack Vendor :STMicroelectronics FP-SNS-FLIGHT1 5.0.2
2023-10-06 22:58:26,221 [INFO] ThirdParty:1030 - CMSIS Pack Vendor :STMicroelectronics X-CUBE-NFC4 2.0.5
2023-10-06 22:58:26,221 [INFO] ThirdParty:1030 - CMSIS Pack Vendor :STMicroelectronics X-CUBE-NFC4 2.0.4
2023-10-06 22:58:26,221 [INFO] ThirdParty:1030 - CMSIS Pack Vendor :STMicroelectronics X-CUBE-AZRTOS-H7 3.1.0
2023-10-06 22:58:26,221 [INFO] ThirdParty:1030 - CMSIS Pack Vendor :STMicroelectronics PDM2PCM 3.3.0
2023-10-06 22:58:26,221 [INFO] ThirdParty:1030 - CMSIS Pack Vendor :STMicroelectronics X-CUBE-TOF1 3.1.0
2023-10-06 22:58:26,221 [INFO] ThirdParty:1030 - CMSIS Pack Vendor :STMicroelectronics X-CUBE-DISPLAY 3.0.0
2023-10-06 22:58:26,221 [INFO] ThirdParty:1030 - CMSIS Pack Vendor :STMicroelectronics X-CUBE-BLE1 7.0.0
2023-10-06 22:58:26,221 [INFO] ThirdParty:1030 - CMSIS Pack Vendor :wolfSSL I-CUBE-wolfSSL 5.5.0
2023-10-06 22:58:26,221 [INFO] ThirdParty:1030 - CMSIS Pack Vendor :STMicroelectronics HAL Drivers 0.0.0
2023-10-06 22:58:26,221 [INFO] ThirdParty:1030 - CMSIS Pack Vendor :STMicroelectronics X-CUBE-TOUCHGFX 4.22.0
2023-10-06 22:58:26,221 [INFO] ThirdParty:1030 - CMSIS Pack Vendor :STMicroelectronics X-CUBE-NFC7 1.0.1
2023-10-06 22:58:26,221 [INFO] ThirdParty:1030 - CMSIS Pack Vendor :STMicroelectronics MBEDTLS 2.14.1
2023-10-06 22:58:26,221 [INFO] ThirdParty:1030 - CMSIS Pack Vendor :STMicroelectronics X-CUBE-NFC7 1.0.0
2023-10-06 22:58:26,221 [INFO] ThirdParty:1030 - CMSIS Pack Vendor :STMicroelectronics X-CUBE-TOUCHGFX 4.22.1
2023-10-06 22:58:26,221 [INFO] ThirdParty:1030 - CMSIS Pack Vendor :STMicroelectronics X-CUBE-NFC6 3.0.0
2023-10-06 22:58:26,221 [INFO] ThirdParty:1030 - CMSIS Pack Vendor :STMicroelectronics X-CUBE-MEMS1 9.3.0
2023-10-06 22:58:26,221 [INFO] ThirdParty:1030 - CMSIS Pack Vendor :STMicroelectronics X-CUBE-EEPRMA1 4.1.0
2023-10-06 22:58:26,221 [INFO] ThirdParty:1030 - CMSIS Pack Vendor :STMicroelectronics X-CUBE-AI 7.2.0
2023-10-06 22:58:26,221 [INFO] ThirdParty:1030 - CMSIS Pack Vendor :STMicroelectronics FP-SNS-SMARTAG2 1.2.0
2023-10-06 22:58:26,221 [INFO] ThirdParty:1030 - CMSIS Pack Vendor :STMicroelectronics X-CUBE-AZRTOS-WL 2.0.0
2023-10-06 22:58:26,251 [INFO] ThirdParty:1030 - CMSIS Pack Vendor :STMicroelectronics USB_DEVICE 1.0.0
2023-10-06 22:58:26,251 [INFO] ThirdParty:1030 - CMSIS Pack Vendor :STMicroelectronics X-CUBE-AI 8.1.0
2023-10-06 22:58:26,251 [INFO] ThirdParty:1030 - CMSIS Pack Vendor :STMicroelectronics X-CUBE-AZRTOS-L4 2.0.0
2023-10-06 22:58:26,251 [INFO] ThirdParty:1030 - CMSIS Pack Vendor :STMicroelectronics ThreadX 0.0.2
2023-10-06 22:58:26,251 [INFO] ThirdParty:1030 - CMSIS Pack Vendor :WES I-CUBE-Cesium 1.3.0
2023-10-06 22:58:26,251 [INFO] ThirdParty:1030 - CMSIS Pack Vendor :STMicroelectronics lwIP 2.1.2
2023-10-06 22:58:26,251 [INFO] ThirdParty:1030 - CMSIS Pack Vendor :STMicroelectronics X-CUBE-SFXS2LP1 4.0.0
2023-10-06 22:58:26,251 [INFO] ThirdParty:1030 - CMSIS Pack Vendor :STMicroelectronics X-CUBE-BLE2 3.3.0
2023-10-06 22:58:26,251 [INFO] ThirdParty:1030 - CMSIS Pack Vendor :STMicroelectronics X-CUBE-DISPLAY 2.2.0
2023-10-06 22:58:26,251 [INFO] ThirdParty:1030 - CMSIS Pack Vendor :STMicroelectronics X-CUBE-TOF1 3.2.0
2023-10-06 22:58:26,251 [INFO] ThirdParty:1030 - CMSIS Pack Vendor :STMicroelectronics PDM2PCM 3.2.0
2023-10-06 22:58:26,251 [INFO] ThirdParty:1030 - CMSIS Pack Vendor :STMicroelectronics X-CUBE-AZRTOS-H7 3.0.0
2023-10-06 22:58:26,251 [INFO] ThirdParty:1030 - CMSIS Pack Vendor :STMicroelectronics X-CUBE-ISPU 1.0.0
2023-10-06 22:58:26,251 [INFO] ThirdParty:1030 - CMSIS Pack Vendor :STMicroelectronics X-CUBE-ISPU 1.1.0
2023-10-06 22:58:26,251 [INFO] ThirdParty:1030 - CMSIS Pack Vendor :RoweBots I-CUBE-UNISONRTOS 5.5.0-4
2023-10-06 22:58:26,251 [INFO] ThirdParty:1030 - CMSIS Pack Vendor :STMicroelectronics X-CUBE-AZRTOS-H7 2.1.0
2023-10-06 22:58:26,251 [INFO] ThirdParty:1030 - CMSIS Pack Vendor :STMicroelectronics USB_DEVICE 3.0.0
2023-10-06 22:58:26,251 [INFO] ThirdParty:1030 - CMSIS Pack Vendor :STMicroelectronics X-CUBE-AI 8.0.0
2023-10-06 22:58:26,251 [INFO] ThirdParty:1030 - CMSIS Pack Vendor :STMicroelectronics X-CUBE-AZRTOS-WB 2.0.0
2023-10-06 22:58:26,251 [INFO] ThirdParty:1030 - CMSIS Pack Vendor :STMicroelectronics X-CUBE-FREERTOS 1.0.0
2023-10-06 22:58:26,251 [INFO] ThirdParty:1030 - CMSIS Pack Vendor :STMicroelectronics X-CUBE-FREERTOS 1.0.1
2023-10-06 22:58:26,251 [INFO] ThirdParty:1030 - CMSIS Pack Vendor :STMicroelectronics X-CUBE-TOUCHGFX 4.21.1
2023-10-06 22:58:26,251 [INFO] ThirdParty:1030 - CMSIS Pack Vendor :STMicroelectronics X-CUBE-TOUCHGFX 4.21.0
2023-10-06 22:58:26,251 [INFO] ThirdParty:1030 - CMSIS Pack Vendor :STMicroelectronics X-CUBE-TOUCHGFX 4.21.3
2023-10-06 22:58:26,251 [INFO] ThirdParty:1030 - CMSIS Pack Vendor :STMicroelectronics X-CUBE-BLEMGR 1.0.0
2023-10-06 22:58:26,251 [INFO] ThirdParty:1030 - CMSIS Pack Vendor :STMicroelectronics X-CUBE-TOUCHGFX 4.21.4
2023-10-06 22:58:26,251 [INFO] ThirdParty:1030 - CMSIS Pack Vendor :STMicroelectronics X-CUBE-MEMS1 9.4.0
2023-10-06 22:58:26,251 [INFO] ThirdParty:1030 - CMSIS Pack Vendor :STMicroelectronics X-CUBE-AI 7.3.0
2023-10-06 22:58:26,251 [INFO] ThirdParty:1030 - CMSIS Pack Vendor :STMicroelectronics X-CUBE-ALGOBUILD 1.3.0
2023-10-06 22:58:26,251 [INFO] ThirdParty:1030 - CMSIS Pack Vendor :STMicroelectronics X-CUBE-AZRTOS-L5 1.1.0
2023-10-06 22:58:26,251 [INFO] ThirdParty:1030 - CMSIS Pack Vendor :STMicroelectronics X-CUBE-AZRTOS-G0 1.1.0
2023-10-06 22:58:26,251 [INFO] ThirdParty:1030 - CMSIS Pack Vendor :STMicroelectronics X-CUBE-AI 8.0.1
2023-10-06 22:58:26,251 [INFO] ThirdParty:1030 - CMSIS Pack Vendor :STMicroelectronics X-CUBE-NFC4 3.0.0
2023-10-06 22:58:26,251 [INFO] ThirdParty:1030 - CMSIS Pack Vendor :SEGGER I-CUBE-embOS 1.2.0
2023-10-06 22:58:26,251 [INFO] ThirdParty:1030 - CMSIS Pack Vendor :STMicroelectronics X-CUBE-SUBG2 5.0.0
2023-10-06 22:58:26,251 [INFO] ThirdParty:1030 - CMSIS Pack Vendor :STMicroelectronics STM32_WPAN 1.0.0
2023-10-06 22:58:26,251 [INFO] ThirdParty:1030 - CMSIS Pack Vendor :STMicroelectronics lwIP 2.0.3
2023-10-06 22:58:26,251 [INFO] ThirdParty:1030 - CMSIS Pack Vendor :STMicroelectronics USB_HOST 1.0.0
2023-10-06 22:58:26,251 [INFO] ThirdParty:1030 - CMSIS Pack Vendor :STMicroelectronics X-CUBE-TOF1 3.3.1
2023-10-06 22:58:26,251 [INFO] ThirdParty:1030 - CMSIS Pack Vendor :STMicroelectronics X-CUBE-AZRTOS-G4 2.0.0
2023-10-06 22:58:26,251 [INFO] ThirdParty:1030 - CMSIS Pack Vendor :STMicroelectronics PDM2PCM 3.1.0
2023-10-06 22:58:26,251 [INFO] ThirdParty:1030 - CMSIS Pack Vendor :STMicroelectronics X-CUBE-TOF1 3.3.0
2023-10-06 22:58:26,251 [INFO] ThirdParty:1030 - CMSIS Pack Vendor :STMicroelectronics FP-ATR-ASTRA1 1.1.1
2023-10-06 22:58:26,251 [INFO] ThirdParty:1030 - CMSIS Pack Vendor :Infineon AIROC-Wi-Fi-Bluetooth-STM32 1.5.1
2023-10-06 22:58:26,251 [INFO] ThirdParty:1030 - CMSIS Pack Vendor :STMicroelectronics X-CUBE-BLEMGR 1.3.0
2023-10-06 22:58:26,251 [INFO] ThirdParty:1030 - CMSIS Pack Vendor :STMicroelectronics FP-ATR-SIGFOX1 3.2.0
2023-10-06 22:58:26,251 [INFO] ThirdParty:1030 - CMSIS Pack Vendor :STMicroelectronics X-CUBE-AZRTOS-G4 1.0.0
2023-10-06 22:58:26,251 [INFO] ThirdParty:1030 - CMSIS Pack Vendor :STMicroelectronics X-CUBE-AZRTOS-L4 1.0.0
2023-10-06 22:58:26,251 [INFO] ThirdParty:1030 - CMSIS Pack Vendor :STMicroelectronics MBEDTLS 2.16.2
2023-10-06 22:58:26,251 [INFO] ThirdParty:1030 - CMSIS Pack Vendor :emotas I-CUBE-CANOPEN 1.1.2
2023-10-06 22:58:26,251 [INFO] ThirdParty:1030 - CMSIS Pack Vendor :STMicroelectronics X-CUBE-TOUCHGFX 4.20.0
2023-10-06 22:58:26,251 [INFO] ThirdParty:1030 - CMSIS Pack Vendor :STMicroelectronics X-CUBE-FREERTOS 1.1.0
2023-10-06 22:58:26,251 [INFO] ThirdParty:1030 - CMSIS Pack Vendor :STMicroelectronics X-CUBE-AZRTOS-WL 1.0.0
2023-10-06 22:58:26,251 [INFO] ThirdParty:1030 - CMSIS Pack Vendor :portGmbH I-Cube-SoM-uGOAL 1.1.0
2023-10-06 22:58:26,251 [INFO] ThirdParty:1030 - CMSIS Pack Vendor :STMicroelectronics X-CUBE-ALS 1.0.1
2023-10-06 22:58:26,251 [INFO] ThirdParty:1030 - CMSIS Pack Vendor :STMicroelectronics X-CUBE-MEMS1 9.5.0
2023-10-06 22:58:26,251 [INFO] ThirdParty:1030 - CMSIS Pack Vendor :STMicroelectronics ThreadX 1.0.0
2023-10-06 22:58:26,251 [INFO] ThirdParty:1030 - CMSIS Pack Vendor :STMicroelectronics X-CUBE-AZRTOS-WB 1.1.0
2023-10-06 22:58:26,251 [INFO] ThirdParty:1030 - CMSIS Pack Vendor :SEGGER I-CUBE-embOS 1.3.1
2023-10-06 22:58:26,251 [INFO] ThirdParty:1030 - CMSIS Pack Vendor :STMicroelectronics X-CUBE-AZRTOS-L5 1.0.0
2023-10-06 22:58:26,251 [INFO] ThirdParty:1030 - CMSIS Pack Vendor :STMicroelectronics X-CUBE-EEPRMA1 3.1.1
2023-10-06 22:58:26,251 [INFO] ThirdParty:1030 - CMSIS Pack Vendor :STMicroelectronics FP-ATR-ASTRA1 2.0.0
2023-10-06 22:58:26,251 [INFO] ThirdParty:841 - exiting critical section [change project]
2023-10-06 22:58:26,780 [INFO] PinOutPanel:1499 - setPackage(No Configuration,No Configuration)
2023-10-06 22:58:26,781 [INFO] PinOutPanel:1499 - setPackage(STM32F411RETx,LQFP64)
2023-10-06 22:58:27,400 [INFO] UtilMem:75 - Before build in PCC Used Memory: 616014624 Bytes (831520768)
2023-10-06 22:58:28,351 [INFO] UtilMem:75 - After build in PCC Used Memory: 610274192 Bytes (831520768)
2023-10-06 22:58:28,379 [INFO] IPUIPlugin:80 - create IPUIPlugin
2023-10-06 22:58:28,379 [INFO] IPUIPlugin:80 - create IPUIPlugin
2023-10-06 22:58:28,379 [INFO] IPUIPlugin:80 - create IPUIPlugin
2023-10-06 22:58:28,379 [INFO] IPUIPlugin:80 - create IPUIPlugin
2023-10-06 22:58:28,379 [INFO] IPUIPlugin:80 - create IPUIPlugin
2023-10-06 22:58:28,379 [INFO] IPUIPlugin:80 - create IPUIPlugin
2023-10-06 22:58:28,380 [INFO] IPUIPlugin:80 - create IPUIPlugin
2023-10-06 22:58:28,380 [INFO] IPUIPlugin:80 - create IPUIPlugin
2023-10-06 22:58:28,380 [INFO] IPUIPlugin:80 - create IPUIPlugin
2023-10-06 22:58:28,380 [INFO] IPUIPlugin:80 - create IPUIPlugin
2023-10-06 22:58:28,380 [INFO] IPUIPlugin:80 - create IPUIPlugin
2023-10-06 22:58:28,380 [INFO] IPUIPlugin:80 - create IPUIPlugin
2023-10-06 22:58:28,380 [INFO] IPUIPlugin:80 - create IPUIPlugin
2023-10-06 22:58:28,380 [INFO] IPUIPlugin:80 - create IPUIPlugin
2023-10-06 22:58:28,381 [INFO] IPUIPlugin:80 - create IPUIPlugin
2023-10-06 22:58:28,381 [INFO] IPUIPlugin:80 - create IPUIPlugin
2023-10-06 22:58:28,381 [INFO] IPUIPlugin:80 - create IPUIPlugin
2023-10-06 22:58:28,381 [INFO] IPUIPlugin:80 - create IPUIPlugin
2023-10-06 22:58:28,381 [INFO] IPUIPlugin:80 - create IPUIPlugin
2023-10-06 22:58:28,381 [INFO] IPUIPlugin:80 - create IPUIPlugin
2023-10-06 22:58:28,381 [INFO] IPUIPlugin:80 - create IPUIPlugin
2023-10-06 22:58:28,381 [INFO] IPUIPlugin:80 - create IPUIPlugin
2023-10-06 22:58:28,381 [INFO] IPUIPlugin:80 - create IPUIPlugin
2023-10-06 22:58:28,381 [INFO] IPUIPlugin:80 - create IPUIPlugin
2023-10-06 22:58:28,381 [INFO] IPUIPlugin:80 - create IPUIPlugin
2023-10-06 22:58:28,381 [INFO] IPUIPlugin:80 - create IPUIPlugin
2023-10-06 22:58:28,381 [INFO] IPUIPlugin:80 - create IPUIPlugin
2023-10-06 22:58:28,381 [INFO] IPUIPlugin:80 - create IPUIPlugin
2023-10-06 22:58:28,381 [INFO] IPUIPlugin:80 - create IPUIPlugin
2023-10-06 22:58:28,381 [INFO] IPUIPlugin:80 - create IPUIPlugin
2023-10-06 22:58:28,381 [INFO] IPUIPlugin:80 - create IPUIPlugin
2023-10-06 22:58:28,381 [INFO] IPUIPlugin:80 - create IPUIPlugin
2023-10-06 22:58:28,381 [INFO] IPUIPlugin:80 - create IPUIPlugin
2023-10-06 22:58:28,381 [INFO] IPUIPlugin:80 - create IPUIPlugin
2023-10-06 22:58:28,381 [INFO] IPUIPlugin:80 - create IPUIPlugin
2023-10-06 22:58:28,381 [INFO] IPUIPlugin:80 - create IPUIPlugin
2023-10-06 22:58:28,381 [INFO] IPUIPlugin:80 - create IPUIPlugin
2023-10-06 22:58:28,389 [INFO] IPUIPlugin:80 - create IPUIPlugin
2023-10-06 22:58:28,390 [INFO] IPUIPlugin:80 - create IPUIPlugin
2023-10-06 22:58:28,390 [INFO] IPUIPlugin:80 - create IPUIPlugin
2023-10-06 22:58:28,390 [INFO] IPUIPlugin:80 - create IPUIPlugin
2023-10-06 22:58:28,390 [INFO] IPUIPlugin:80 - create IPUIPlugin
2023-10-06 22:58:28,390 [INFO] IPUIPlugin:80 - create IPUIPlugin
2023-10-06 22:58:28,471 [INFO] ApiDbMcu:507 - Load IP Config File for PDM2PCM
2023-10-06 22:58:28,491 [WARN] IP:2113 - I2C_Coeff_DF not found: check if there is a RefParameter without a condition.
2023-10-06 22:58:28,491 [WARN] IP:2113 - Analog_Filter not found: check if there is a RefParameter without a condition.
2023-10-06 22:58:28,740 [INFO] CADModel:165 - CPN selected for project levelSTM32F411RET6
2023-10-06 22:58:28,740 [INFO] CADModel:114 - Register for checkConnection events
2023-10-06 22:58:28,811 [INFO] OpenFileManager:328 - Restore cursor
2023-10-06 22:58:29,131 [WARN] IP:2113 - I2C_Coeff_DF not found: check if there is a RefParameter without a condition.
2023-10-06 22:58:29,131 [WARN] IP:2113 - Analog_Filter not found: check if there is a RefParameter without a condition.
2023-10-06 22:58:29,131 [WARN] IP:2113 - I2C_Coeff_DF not found: check if there is a RefParameter without a condition.
2023-10-06 22:58:29,131 [WARN] IP:2113 - Analog_Filter not found: check if there is a RefParameter without a condition.
2023-10-06 23:08:05,288 [WARN] IP:2113 - I2C_Coeff_DF not found: check if there is a RefParameter without a condition.
2023-10-06 23:08:05,288 [WARN] IP:2113 - Analog_Filter not found: check if there is a RefParameter without a condition.
2023-10-06 23:08:05,288 [WARN] IP:2113 - I2C_Coeff_DF not found: check if there is a RefParameter without a condition.
2023-10-06 23:08:05,290 [WARN] IP:2113 - Analog_Filter not found: check if there is a RefParameter without a condition.
2023-10-06 23:08:05,354 [WARN] IP:2113 - I2C_Coeff_DF not found: check if there is a RefParameter without a condition.
2023-10-06 23:08:05,354 [WARN] IP:2113 - Analog_Filter not found: check if there is a RefParameter without a condition.
2023-10-06 23:08:05,432 [WARN] IP:2113 - I2C_Coeff_DF not found: check if there is a RefParameter without a condition.
2023-10-06 23:08:05,432 [WARN] IP:2113 - Analog_Filter not found: check if there is a RefParameter without a condition.
2023-10-06 23:10:25,159 [INFO] NvicIntPanel:101 - NVIC parent = com.st.microxplorer.plugins.ip.nvic.MultiNvicIntPanel[,0,0,0x0,invalid,layout=javax.swing.BoxLayout,alignmentX=0.0,alignmentY=0.0,border=,flags=9,maximumSize=,minimumSize=,preferredSize=]
2023-10-06 23:10:25,342 [WARN] IP:2113 - I2C_Coeff_DF not found: check if there is a RefParameter without a condition.
2023-10-06 23:10:25,342 [WARN] IP:2113 - Analog_Filter not found: check if there is a RefParameter without a condition.
2023-10-06 23:10:25,342 [WARN] IP:2113 - I2C_Coeff_DF not found: check if there is a RefParameter without a condition.
2023-10-06 23:10:25,342 [WARN] IP:2113 - Analog_Filter not found: check if there is a RefParameter without a condition.
2023-10-06 23:12:24,498 [INFO] UtilMem:75 - End SaveConfig() Used Memory: 686381936 Bytes (831520768)
2023-10-06 23:12:27,559 [INFO] UtilMem:75 - End SaveConfig() Used Memory: 548158176 Bytes (831520768)
2023-10-06 23:12:34,871 [INFO] UtilMem:75 - End SaveConfig() Used Memory: 600064736 Bytes (831520768)
2023-10-06 23:12:35,662 [INFO] BlockDiagram:2759 - set Specific Code input for plugin: RTC
2023-10-06 23:12:35,662 [INFO] BlockDiagram:2759 - set Specific Code input for plugin: NVIC
2023-10-06 23:12:35,662 [INFO] BlockDiagram:2759 - set Specific Code input for plugin: USART
2023-10-06 23:12:35,662 [INFO] BlockDiagram:2759 - set Specific Code input for plugin: USART
2023-10-06 23:12:35,662 [INFO] BlockDiagram:2759 - set Specific Code input for plugin: DMA
2023-10-06 23:12:35,662 [INFO] BlockDiagram:2759 - set Specific Code input for plugin: TIM1_8
2023-10-06 23:12:35,662 [INFO] BlockDiagram:2759 - set Specific Code input for plugin: SYS
2023-10-06 23:12:35,662 [INFO] BlockDiagram:2759 - set Specific Code input for plugin: GPIO
2023-10-06 23:12:35,662 [INFO] BlockDiagram:2759 - set Specific Code input for plugin: ADC
2023-10-06 23:12:35,662 [INFO] BlockDiagram:2759 - set Specific Code input for plugin: RCC
2023-10-06 23:12:35,662 [INFO] BlockDiagram:2759 - set Specific Code input for plugin: I2C
2023-10-06 23:12:35,671 [INFO] CodeGenerator:793 - code generatio: config db path: C:\ST\STM32CubeIDE_1.12.1\STM32CubeIDE\plugins\com.st.stm32cube.common.mx_6.8.1.202304191431\\db\
2023-10-06 23:12:35,690 [WARN] IP:2113 - I2C_Coeff_DF not found: check if there is a RefParameter without a condition.
2023-10-06 23:12:35,690 [WARN] IP:2113 - Analog_Filter not found: check if there is a RefParameter without a condition.
2023-10-06 23:12:36,394 [INFO] CodeEngine:255 - oldGeneratedFile, C:\Users\Aleksy\Desktop\thesisproj\thesisSTMworkspace\Thesisv2\MXTmpFiles\license.tmp_save
2023-10-06 23:12:37,406 [INFO] CodeEngine:279 - Generated code: C:\Users\Aleksy\Desktop\thesisproj\thesisSTMworkspace\Thesisv2\MXTmpFiles\license.tmp
2023-10-06 23:12:37,599 [INFO] CodeEngine:255 - oldGeneratedFile, C:\Users\Aleksy\Desktop\thesisproj\thesisSTMworkspace\Thesisv2\Core\Src\gpio.c_save
2023-10-06 23:12:37,986 [INFO] CodeEngine:279 - Generated code: C:\Users\Aleksy\Desktop\thesisproj\thesisSTMworkspace\Thesisv2\Core\Src\gpio.c
2023-10-06 23:12:38,004 [INFO] CodeEngine:255 - oldGeneratedFile, C:\Users\Aleksy\Desktop\thesisproj\thesisSTMworkspace\Thesisv2\Core\Inc\gpio.h_save
2023-10-06 23:12:38,181 [INFO] CodeEngine:279 - Generated code: C:\Users\Aleksy\Desktop\thesisproj\thesisSTMworkspace\Thesisv2\Core\Inc\gpio.h
2023-10-06 23:12:38,943 [INFO] CodeEngine:255 - oldGeneratedFile, C:\Users\Aleksy\Desktop\thesisproj\thesisSTMworkspace\Thesisv2\Core\Src\adc.c_save
2023-10-06 23:12:39,327 [INFO] CodeEngine:279 - Generated code: C:\Users\Aleksy\Desktop\thesisproj\thesisSTMworkspace\Thesisv2\Core\Src\adc.c
2023-10-06 23:12:39,352 [INFO] CodeEngine:255 - oldGeneratedFile, C:\Users\Aleksy\Desktop\thesisproj\thesisSTMworkspace\Thesisv2\Core\Inc\adc.h_save
2023-10-06 23:12:39,549 [INFO] CodeEngine:279 - Generated code: C:\Users\Aleksy\Desktop\thesisproj\thesisSTMworkspace\Thesisv2\Core\Inc\adc.h
2023-10-06 23:12:39,646 [INFO] CodeEngine:255 - oldGeneratedFile, C:\Users\Aleksy\Desktop\thesisproj\thesisSTMworkspace\Thesisv2\Core\Src\dma.c_save
2023-10-06 23:12:39,834 [INFO] CodeEngine:279 - Generated code: C:\Users\Aleksy\Desktop\thesisproj\thesisSTMworkspace\Thesisv2\Core\Src\dma.c
2023-10-06 23:12:39,854 [INFO] CodeEngine:255 - oldGeneratedFile, C:\Users\Aleksy\Desktop\thesisproj\thesisSTMworkspace\Thesisv2\Core\Inc\dma.h_save
2023-10-06 23:12:39,996 [INFO] CodeEngine:279 - Generated code: C:\Users\Aleksy\Desktop\thesisproj\thesisSTMworkspace\Thesisv2\Core\Inc\dma.h
2023-10-06 23:12:40,024 [INFO] CodeEngine:255 - oldGeneratedFile, C:\Users\Aleksy\Desktop\thesisproj\thesisSTMworkspace\Thesisv2\Core\Src\i2c.c_save
2023-10-06 23:12:40,218 [INFO] CodeEngine:279 - Generated code: C:\Users\Aleksy\Desktop\thesisproj\thesisSTMworkspace\Thesisv2\Core\Src\i2c.c
2023-10-06 23:12:40,225 [INFO] CodeEngine:255 - oldGeneratedFile, C:\Users\Aleksy\Desktop\thesisproj\thesisSTMworkspace\Thesisv2\Core\Inc\i2c.h_save
2023-10-06 23:12:40,336 [INFO] CodeEngine:279 - Generated code: C:\Users\Aleksy\Desktop\thesisproj\thesisSTMworkspace\Thesisv2\Core\Inc\i2c.h
2023-10-06 23:12:40,364 [INFO] CodeEngine:255 - oldGeneratedFile, C:\Users\Aleksy\Desktop\thesisproj\thesisSTMworkspace\Thesisv2\Core\Src\rtc.c_save
2023-10-06 23:12:40,515 [INFO] CodeEngine:279 - Generated code: C:\Users\Aleksy\Desktop\thesisproj\thesisSTMworkspace\Thesisv2\Core\Src\rtc.c
2023-10-06 23:12:40,524 [INFO] CodeEngine:255 - oldGeneratedFile, C:\Users\Aleksy\Desktop\thesisproj\thesisSTMworkspace\Thesisv2\Core\Inc\rtc.h_save
2023-10-06 23:12:40,672 [INFO] CodeEngine:279 - Generated code: C:\Users\Aleksy\Desktop\thesisproj\thesisSTMworkspace\Thesisv2\Core\Inc\rtc.h
2023-10-06 23:12:40,694 [INFO] CodeEngine:255 - oldGeneratedFile, C:\Users\Aleksy\Desktop\thesisproj\thesisSTMworkspace\Thesisv2\Core\Src\tim.c_save
2023-10-06 23:12:40,817 [INFO] CodeEngine:279 - Generated code: C:\Users\Aleksy\Desktop\thesisproj\thesisSTMworkspace\Thesisv2\Core\Src\tim.c
2023-10-06 23:12:40,822 [INFO] CodeEngine:255 - oldGeneratedFile, C:\Users\Aleksy\Desktop\thesisproj\thesisSTMworkspace\Thesisv2\Core\Inc\tim.h_save
2023-10-06 23:12:40,912 [INFO] CodeEngine:279 - Generated code: C:\Users\Aleksy\Desktop\thesisproj\thesisSTMworkspace\Thesisv2\Core\Inc\tim.h
2023-10-06 23:12:40,933 [INFO] CodeEngine:255 - oldGeneratedFile, C:\Users\Aleksy\Desktop\thesisproj\thesisSTMworkspace\Thesisv2\Core\Src\usart.c_save
2023-10-06 23:12:41,111 [INFO] CodeEngine:279 - Generated code: C:\Users\Aleksy\Desktop\thesisproj\thesisSTMworkspace\Thesisv2\Core\Src\usart.c
2023-10-06 23:12:41,121 [INFO] CodeEngine:255 - oldGeneratedFile, C:\Users\Aleksy\Desktop\thesisproj\thesisSTMworkspace\Thesisv2\Core\Inc\usart.h_save
2023-10-06 23:12:41,260 [INFO] CodeEngine:279 - Generated code: C:\Users\Aleksy\Desktop\thesisproj\thesisSTMworkspace\Thesisv2\Core\Inc\usart.h
2023-10-06 23:12:41,298 [INFO] CodeEngine:255 - oldGeneratedFile, C:\Users\Aleksy\Desktop\thesisproj\thesisSTMworkspace\Thesisv2\Core\Src\stm32f4xx_it.c_save
2023-10-06 23:12:41,461 [INFO] CodeEngine:279 - Generated code: C:\Users\Aleksy\Desktop\thesisproj\thesisSTMworkspace\Thesisv2\Core\Src\stm32f4xx_it.c
2023-10-06 23:12:41,480 [INFO] CodeEngine:255 - oldGeneratedFile, C:\Users\Aleksy\Desktop\thesisproj\thesisSTMworkspace\Thesisv2\Core\Inc\stm32f4xx_it.h_save
2023-10-06 23:12:41,590 [INFO] CodeEngine:279 - Generated code: C:\Users\Aleksy\Desktop\thesisproj\thesisSTMworkspace\Thesisv2\Core\Inc\stm32f4xx_it.h
2023-10-06 23:12:41,632 [INFO] CodeEngine:255 - oldGeneratedFile, C:\Users\Aleksy\Desktop\thesisproj\thesisSTMworkspace\Thesisv2\Core\Src\stm32f4xx_hal_msp.c_save
2023-10-06 23:12:41,794 [INFO] CodeEngine:279 - Generated code: C:\Users\Aleksy\Desktop\thesisproj\thesisSTMworkspace\Thesisv2\Core\Src\stm32f4xx_hal_msp.c
2023-10-06 23:12:41,808 [INFO] CodeEngine:255 - oldGeneratedFile, C:\Users\Aleksy\Desktop\thesisproj\thesisSTMworkspace\Thesisv2\MXTmpFiles\system.tmp_save
2023-10-06 23:12:41,898 [INFO] CodeEngine:279 - Generated code: C:\Users\Aleksy\Desktop\thesisproj\thesisSTMworkspace\Thesisv2\MXTmpFiles\system.tmp
2023-10-06 23:12:41,936 [INFO] CodeEngine:311 - oldGeneratedFile, C:\Users\Aleksy\Desktop\thesisproj\thesisSTMworkspace\Thesisv2\Core\Inc\stm32f4xx_hal_conf.h_save
2023-10-06 23:12:42,102 [INFO] CodeEngine:335 - Generated code: C:\Users\Aleksy\Desktop\thesisproj\thesisSTMworkspace\Thesisv2\Core\Inc\stm32f4xx_hal_conf.h
2023-10-06 23:12:42,192 [INFO] CodeEngine:255 - oldGeneratedFile, C:\Users\Aleksy\Desktop\thesisproj\thesisSTMworkspace\Thesisv2\Core\Inc\main.h_save
2023-10-06 23:12:42,362 [INFO] CodeEngine:279 - Generated code: C:\Users\Aleksy\Desktop\thesisproj\thesisSTMworkspace\Thesisv2\Core\Inc\main.h
2023-10-06 23:12:42,392 [INFO] CodeEngine:255 - oldGeneratedFile, C:\Users\Aleksy\Desktop\thesisproj\thesisSTMworkspace\Thesisv2\Core\Src\main.c_save
2023-10-06 23:12:42,584 [INFO] CodeEngine:279 - Generated code: C:\Users\Aleksy\Desktop\thesisproj\thesisSTMworkspace\Thesisv2\Core\Src\main.c
2023-10-06 23:12:43,748 [INFO] ProjectBuilder:2996 - Time for Copy HAL[2] : 4mS.
2023-10-06 23:12:43,778 [INFO] ProjectBuilder:4304 - Project Generator version: 3.19.2
2023-10-06 23:12:44,530 [INFO] ConfigFileManager:1483 - The Die is : DIE431
2023-10-06 23:12:44,550 [INFO] ApiDbMcu:507 - Load IP Config File for FATFS
2023-10-06 23:12:44,570 [INFO] ApiDbMcu:507 - Load IP Config File for FREERTOS
2023-10-06 23:12:44,580 [INFO] ApiDbMcu:507 - Load IP Config File for LIBJPEG
2023-10-06 23:12:44,600 [INFO] ApiDbMcu:507 - Load IP Config File for MBEDTLS
2023-10-06 23:12:44,630 [INFO] ApiDbMcu:507 - Load IP Config File for USB_DEVICE
2023-10-06 23:12:44,650 [INFO] ApiDbMcu:507 - Load IP Config File for USB_HOST
2023-10-06 23:12:46,428 [INFO] LogOutputStream:77 - [STDOUT_REDIRECT] 
2023-10-06 23:12:50,870 [INFO] ProjectBuilder:4505 - Time for Generating toolchain IDE Files: 7083mS.
2023-10-06 23:12:50,870 [INFO] ProjectBuilder:2867 - Time for Copy CMSIS : 0mS.
2023-10-06 23:12:50,870 [INFO] ProjectBuilder:2867 - Time for Copy CMSIS : 0mS.
2023-10-06 23:41:53,527 [INFO] NvicIntPanel:101 - NVIC parent = com.st.microxplorer.plugins.ip.nvic.MultiNvicIntPanel[,0,0,450x135,layout=javax.swing.BoxLayout,alignmentX=0.0,alignmentY=0.0,border=,flags=9,maximumSize=,minimumSize=,preferredSize=]
2023-10-06 23:41:55,121 [INFO] NvicIntPanel:101 - NVIC parent = com.st.microxplorer.plugins.ip.nvic.MultiNvicIntPanel[,0,0,0x0,invalid,layout=javax.swing.BoxLayout,alignmentX=0.0,alignmentY=0.0,border=,flags=9,maximumSize=,minimumSize=,preferredSize=]
2023-10-06 23:42:03,964 [INFO] NvicIntPanel:101 - NVIC parent = com.st.microxplorer.plugins.ip.nvic.MultiNvicIntPanel[,0,0,0x0,invalid,layout=javax.swing.BoxLayout,alignmentX=0.0,alignmentY=0.0,border=,flags=9,maximumSize=,minimumSize=,preferredSize=]
2023-10-06 23:42:09,156 [INFO] NvicIntPanel:101 - NVIC parent = com.st.microxplorer.plugins.ip.nvic.MultiNvicIntPanel[,0,0,0x0,invalid,layout=javax.swing.BoxLayout,alignmentX=0.0,alignmentY=0.0,border=,flags=9,maximumSize=,minimumSize=,preferredSize=]
2023-10-06 23:42:13,788 [INFO] UtilMem:75 - End SaveConfig() Used Memory: 605455056 Bytes (888143872)
2023-10-06 23:42:15,723 [INFO] UtilMem:75 - End SaveConfig() Used Memory: 593133760 Bytes (888143872)
2023-10-06 23:42:18,821 [INFO] UtilMem:75 - End SaveConfig() Used Memory: 705331392 Bytes (888143872)
2023-10-06 23:42:19,178 [INFO] BlockDiagram:2759 - set Specific Code input for plugin: RTC
2023-10-06 23:42:19,178 [INFO] BlockDiagram:2759 - set Specific Code input for plugin: NVIC
2023-10-06 23:42:19,178 [INFO] BlockDiagram:2759 - set Specific Code input for plugin: USART
2023-10-06 23:42:19,179 [INFO] BlockDiagram:2759 - set Specific Code input for plugin: USART
2023-10-06 23:42:19,179 [INFO] BlockDiagram:2759 - set Specific Code input for plugin: DMA
2023-10-06 23:42:19,179 [INFO] BlockDiagram:2759 - set Specific Code input for plugin: TIM1_8
2023-10-06 23:42:19,179 [INFO] BlockDiagram:2759 - set Specific Code input for plugin: SYS
2023-10-06 23:42:19,179 [INFO] BlockDiagram:2759 - set Specific Code input for plugin: GPIO
2023-10-06 23:42:19,179 [INFO] BlockDiagram:2759 - set Specific Code input for plugin: ADC
2023-10-06 23:42:19,179 [INFO] BlockDiagram:2759 - set Specific Code input for plugin: RCC
2023-10-06 23:42:19,179 [INFO] BlockDiagram:2759 - set Specific Code input for plugin: I2C
2023-10-06 23:42:19,180 [INFO] CodeGenerator:793 - code generatio: config db path: C:\ST\STM32CubeIDE_1.12.1\STM32CubeIDE\plugins\com.st.stm32cube.common.mx_6.8.1.202304191431\\db\
2023-10-06 23:42:19,188 [INFO] Argument:319 - Argument : hdmavalue: null
2023-10-06 23:42:19,188 [INFO] Argument:321 - 	 sub Args: 
2023-10-06 23:42:19,189 [INFO] Argument:319 - Argument : Instancevalue: DMA2_Stream0
2023-10-06 23:42:19,189 [INFO] Argument:329 - Argument : Instancevalue: DMA2_Stream0
2023-10-06 23:42:19,189 [INFO] Argument:319 - Argument : Initvalue: null
2023-10-06 23:42:19,189 [INFO] Argument:321 - 	 sub Args: 
2023-10-06 23:42:19,189 [INFO] Argument:319 - Argument : Channelvalue: DMA_CHANNEL_0
2023-10-06 23:42:19,189 [INFO] Argument:329 - Argument : Channelvalue: DMA_CHANNEL_0
2023-10-06 23:42:19,189 [INFO] Argument:319 - Argument : Directionvalue: DMA_PERIPH_TO_MEMORY
2023-10-06 23:42:19,189 [INFO] Argument:329 - Argument : Directionvalue: DMA_PERIPH_TO_MEMORY
2023-10-06 23:42:19,189 [INFO] Argument:319 - Argument : PeriphIncvalue: DMA_PINC_DISABLE
2023-10-06 23:42:19,189 [INFO] Argument:329 - Argument : PeriphIncvalue: DMA_PINC_DISABLE
2023-10-06 23:42:19,189 [INFO] Argument:319 - Argument : MemIncvalue: DMA_MINC_ENABLE
2023-10-06 23:42:19,189 [INFO] Argument:329 - Argument : MemIncvalue: DMA_MINC_ENABLE
2023-10-06 23:42:19,189 [INFO] Argument:319 - Argument : PeriphDataAlignmentvalue: DMA_PDATAALIGN_HALFWORD
2023-10-06 23:42:19,189 [INFO] Argument:329 - Argument : PeriphDataAlignmentvalue: DMA_PDATAALIGN_HALFWORD
2023-10-06 23:42:19,189 [INFO] Argument:319 - Argument : MemDataAlignmentvalue: DMA_MDATAALIGN_HALFWORD
2023-10-06 23:42:19,189 [INFO] Argument:329 - Argument : MemDataAlignmentvalue: DMA_MDATAALIGN_HALFWORD
2023-10-06 23:42:19,189 [INFO] Argument:319 - Argument : Modevalue: DMA_CIRCULAR
2023-10-06 23:42:19,189 [INFO] Argument:329 - Argument : Modevalue: DMA_CIRCULAR
2023-10-06 23:42:19,189 [INFO] Argument:319 - Argument : Priorityvalue: DMA_PRIORITY_HIGH
2023-10-06 23:42:19,189 [INFO] Argument:329 - Argument : Priorityvalue: DMA_PRIORITY_HIGH
2023-10-06 23:42:19,190 [INFO] Argument:319 - Argument : FIFOModevalue: DMA_FIFOMODE_ENABLE
2023-10-06 23:42:19,190 [INFO] Argument:329 - Argument : FIFOModevalue: DMA_FIFOMODE_ENABLE
2023-10-06 23:42:19,190 [INFO] Argument:319 - Argument : FIFOThresholdvalue: DMA_FIFO_THRESHOLD_FULL
2023-10-06 23:42:19,190 [INFO] Argument:329 - Argument : FIFOThresholdvalue: DMA_FIFO_THRESHOLD_FULL
2023-10-06 23:42:19,190 [INFO] Argument:319 - Argument : MemBurstvalue: DMA_MBURST_SINGLE
2023-10-06 23:42:19,190 [INFO] Argument:329 - Argument : MemBurstvalue: DMA_MBURST_SINGLE
2023-10-06 23:42:19,190 [INFO] Argument:319 - Argument : PeriphBurstvalue: DMA_PBURST_SINGLE
2023-10-06 23:42:19,190 [INFO] Argument:329 - Argument : PeriphBurstvalue: DMA_PBURST_SINGLE
2023-10-06 23:42:19,190 [INFO] Argument:319 - Argument : Lockvalue: null
2023-10-06 23:42:19,190 [INFO] Argument:329 - Argument : Lockvalue: null
2023-10-06 23:42:19,190 [INFO] Argument:319 - Argument : Statevalue: null
2023-10-06 23:42:19,190 [INFO] Argument:329 - Argument : Statevalue: null
2023-10-06 23:42:19,190 [INFO] Argument:319 - Argument : Parentvalue: null
2023-10-06 23:42:19,190 [INFO] Argument:329 - Argument : Parentvalue: null
2023-10-06 23:42:19,190 [INFO] Argument:319 - Argument : XferCpltCallbackvalue: null
2023-10-06 23:42:19,190 [INFO] Argument:329 - Argument : XferCpltCallbackvalue: null
2023-10-06 23:42:19,190 [INFO] Argument:319 - Argument : XferHalfCpltCallbackvalue: null
2023-10-06 23:42:19,190 [INFO] Argument:329 - Argument : XferHalfCpltCallbackvalue: null
2023-10-06 23:42:19,190 [INFO] Argument:319 - Argument : XferM1CpltCallbackvalue: null
2023-10-06 23:42:19,190 [INFO] Argument:329 - Argument : XferM1CpltCallbackvalue: null
2023-10-06 23:42:19,190 [INFO] Argument:319 - Argument : XferErrorCallbackvalue: null
2023-10-06 23:42:19,190 [INFO] Argument:329 - Argument : XferErrorCallbackvalue: null
2023-10-06 23:42:19,191 [INFO] Argument:319 - Argument : ErrorCodevalue: null
2023-10-06 23:42:19,191 [INFO] Argument:329 - Argument : ErrorCodevalue: null
2023-10-06 23:42:19,192 [WARN] IP:2113 - I2C_Coeff_DF not found: check if there is a RefParameter without a condition.
2023-10-06 23:42:19,192 [WARN] IP:2113 - Analog_Filter not found: check if there is a RefParameter without a condition.
2023-10-06 23:42:19,193 [INFO] Argument:319 - Argument : hdmavalue: null
2023-10-06 23:42:19,193 [INFO] Argument:321 - 	 sub Args: 
2023-10-06 23:42:19,193 [INFO] Argument:319 - Argument : Instancevalue: DMA1_Stream0
2023-10-06 23:42:19,193 [INFO] Argument:329 - Argument : Instancevalue: DMA1_Stream0
2023-10-06 23:42:19,193 [INFO] Argument:319 - Argument : Initvalue: null
2023-10-06 23:42:19,193 [INFO] Argument:321 - 	 sub Args: 
2023-10-06 23:42:19,193 [INFO] Argument:319 - Argument : Channelvalue: DMA_CHANNEL_1
2023-10-06 23:42:19,193 [INFO] Argument:329 - Argument : Channelvalue: DMA_CHANNEL_1
2023-10-06 23:42:19,193 [INFO] Argument:319 - Argument : Directionvalue: DMA_PERIPH_TO_MEMORY
2023-10-06 23:42:19,193 [INFO] Argument:329 - Argument : Directionvalue: DMA_PERIPH_TO_MEMORY
2023-10-06 23:42:19,193 [INFO] Argument:319 - Argument : PeriphIncvalue: DMA_PINC_DISABLE
2023-10-06 23:42:19,193 [INFO] Argument:329 - Argument : PeriphIncvalue: DMA_PINC_DISABLE
2023-10-06 23:42:19,193 [INFO] Argument:319 - Argument : MemIncvalue: DMA_MINC_ENABLE
2023-10-06 23:42:19,193 [INFO] Argument:329 - Argument : MemIncvalue: DMA_MINC_ENABLE
2023-10-06 23:42:19,193 [INFO] Argument:319 - Argument : PeriphDataAlignmentvalue: DMA_PDATAALIGN_BYTE
2023-10-06 23:42:19,193 [INFO] Argument:329 - Argument : PeriphDataAlignmentvalue: DMA_PDATAALIGN_BYTE
2023-10-06 23:42:19,193 [INFO] Argument:319 - Argument : MemDataAlignmentvalue: DMA_MDATAALIGN_BYTE
2023-10-06 23:42:19,193 [INFO] Argument:329 - Argument : MemDataAlignmentvalue: DMA_MDATAALIGN_BYTE
2023-10-06 23:42:19,193 [INFO] Argument:319 - Argument : Modevalue: DMA_NORMAL
2023-10-06 23:42:19,194 [INFO] Argument:329 - Argument : Modevalue: DMA_NORMAL
2023-10-06 23:42:19,194 [INFO] Argument:319 - Argument : Priorityvalue: DMA_PRIORITY_HIGH
2023-10-06 23:42:19,194 [INFO] Argument:329 - Argument : Priorityvalue: DMA_PRIORITY_HIGH
2023-10-06 23:42:19,194 [INFO] Argument:319 - Argument : FIFOModevalue: DMA_FIFOMODE_DISABLE
2023-10-06 23:42:19,194 [INFO] Argument:329 - Argument : FIFOModevalue: DMA_FIFOMODE_DISABLE
2023-10-06 23:42:19,194 [INFO] Argument:319 - Argument : FIFOThresholdvalue: null
2023-10-06 23:42:19,194 [INFO] Argument:329 - Argument : FIFOThresholdvalue: null
2023-10-06 23:42:19,194 [INFO] Argument:319 - Argument : MemBurstvalue: null
2023-10-06 23:42:19,194 [INFO] Argument:329 - Argument : MemBurstvalue: null
2023-10-06 23:42:19,194 [INFO] Argument:319 - Argument : PeriphBurstvalue: null
2023-10-06 23:42:19,194 [INFO] Argument:329 - Argument : PeriphBurstvalue: null
2023-10-06 23:42:19,194 [INFO] Argument:319 - Argument : Lockvalue: null
2023-10-06 23:42:19,194 [INFO] Argument:329 - Argument : Lockvalue: null
2023-10-06 23:42:19,194 [INFO] Argument:319 - Argument : Statevalue: null
2023-10-06 23:42:19,195 [INFO] Argument:329 - Argument : Statevalue: null
2023-10-06 23:42:19,195 [INFO] Argument:319 - Argument : Parentvalue: null
2023-10-06 23:42:19,195 [INFO] Argument:329 - Argument : Parentvalue: null
2023-10-06 23:42:19,195 [INFO] Argument:319 - Argument : XferCpltCallbackvalue: null
2023-10-06 23:42:19,195 [INFO] Argument:329 - Argument : XferCpltCallbackvalue: null
2023-10-06 23:42:19,195 [INFO] Argument:319 - Argument : XferHalfCpltCallbackvalue: null
2023-10-06 23:42:19,195 [INFO] Argument:329 - Argument : XferHalfCpltCallbackvalue: null
2023-10-06 23:42:19,195 [INFO] Argument:319 - Argument : XferM1CpltCallbackvalue: null
2023-10-06 23:42:19,195 [INFO] Argument:329 - Argument : XferM1CpltCallbackvalue: null
2023-10-06 23:42:19,195 [INFO] Argument:319 - Argument : XferErrorCallbackvalue: null
2023-10-06 23:42:19,195 [INFO] Argument:329 - Argument : XferErrorCallbackvalue: null
2023-10-06 23:42:19,195 [INFO] Argument:319 - Argument : ErrorCodevalue: null
2023-10-06 23:42:19,195 [INFO] Argument:329 - Argument : ErrorCodevalue: null
2023-10-06 23:42:19,356 [INFO] CodeEngine:255 - oldGeneratedFile, C:\Users\Aleksy\Desktop\thesisproj\thesisSTMworkspace\Thesisv2\MXTmpFiles\license.tmp_save
2023-10-06 23:42:19,549 [INFO] CodeEngine:279 - Generated code: C:\Users\Aleksy\Desktop\thesisproj\thesisSTMworkspace\Thesisv2\MXTmpFiles\license.tmp
2023-10-06 23:42:19,581 [INFO] CodeEngine:255 - oldGeneratedFile, C:\Users\Aleksy\Desktop\thesisproj\thesisSTMworkspace\Thesisv2\Core\Src\gpio.c_save
2023-10-06 23:42:19,735 [INFO] CodeEngine:279 - Generated code: C:\Users\Aleksy\Desktop\thesisproj\thesisSTMworkspace\Thesisv2\Core\Src\gpio.c
2023-10-06 23:42:19,743 [INFO] CodeEngine:255 - oldGeneratedFile, C:\Users\Aleksy\Desktop\thesisproj\thesisSTMworkspace\Thesisv2\Core\Inc\gpio.h_save
2023-10-06 23:42:19,830 [INFO] CodeEngine:279 - Generated code: C:\Users\Aleksy\Desktop\thesisproj\thesisSTMworkspace\Thesisv2\Core\Inc\gpio.h
2023-10-06 23:42:20,233 [INFO] CodeEngine:255 - oldGeneratedFile, C:\Users\Aleksy\Desktop\thesisproj\thesisSTMworkspace\Thesisv2\Core\Src\adc.c_save
2023-10-06 23:42:20,373 [INFO] CodeEngine:279 - Generated code: C:\Users\Aleksy\Desktop\thesisproj\thesisSTMworkspace\Thesisv2\Core\Src\adc.c
2023-10-06 23:42:20,387 [INFO] CodeEngine:255 - oldGeneratedFile, C:\Users\Aleksy\Desktop\thesisproj\thesisSTMworkspace\Thesisv2\Core\Inc\adc.h_save
2023-10-06 23:42:20,487 [INFO] CodeEngine:279 - Generated code: C:\Users\Aleksy\Desktop\thesisproj\thesisSTMworkspace\Thesisv2\Core\Inc\adc.h
2023-10-06 23:42:20,531 [INFO] CodeEngine:255 - oldGeneratedFile, C:\Users\Aleksy\Desktop\thesisproj\thesisSTMworkspace\Thesisv2\Core\Src\dma.c_save
2023-10-06 23:42:20,623 [INFO] CodeEngine:279 - Generated code: C:\Users\Aleksy\Desktop\thesisproj\thesisSTMworkspace\Thesisv2\Core\Src\dma.c
2023-10-06 23:42:20,630 [INFO] CodeEngine:255 - oldGeneratedFile, C:\Users\Aleksy\Desktop\thesisproj\thesisSTMworkspace\Thesisv2\Core\Inc\dma.h_save
2023-10-06 23:42:20,741 [INFO] CodeEngine:279 - Generated code: C:\Users\Aleksy\Desktop\thesisproj\thesisSTMworkspace\Thesisv2\Core\Inc\dma.h
2023-10-06 23:42:20,760 [INFO] CodeEngine:255 - oldGeneratedFile, C:\Users\Aleksy\Desktop\thesisproj\thesisSTMworkspace\Thesisv2\Core\Src\i2c.c_save
2023-10-06 23:42:20,847 [INFO] CodeEngine:279 - Generated code: C:\Users\Aleksy\Desktop\thesisproj\thesisSTMworkspace\Thesisv2\Core\Src\i2c.c
2023-10-06 23:42:20,855 [INFO] CodeEngine:255 - oldGeneratedFile, C:\Users\Aleksy\Desktop\thesisproj\thesisSTMworkspace\Thesisv2\Core\Inc\i2c.h_save
2023-10-06 23:42:20,934 [INFO] CodeEngine:279 - Generated code: C:\Users\Aleksy\Desktop\thesisproj\thesisSTMworkspace\Thesisv2\Core\Inc\i2c.h
2023-10-06 23:42:20,956 [INFO] CodeEngine:255 - oldGeneratedFile, C:\Users\Aleksy\Desktop\thesisproj\thesisSTMworkspace\Thesisv2\Core\Src\rtc.c_save
2023-10-06 23:42:21,050 [INFO] CodeEngine:279 - Generated code: C:\Users\Aleksy\Desktop\thesisproj\thesisSTMworkspace\Thesisv2\Core\Src\rtc.c
2023-10-06 23:42:21,055 [INFO] CodeEngine:255 - oldGeneratedFile, C:\Users\Aleksy\Desktop\thesisproj\thesisSTMworkspace\Thesisv2\Core\Inc\rtc.h_save
2023-10-06 23:42:21,103 [INFO] CodeEngine:279 - Generated code: C:\Users\Aleksy\Desktop\thesisproj\thesisSTMworkspace\Thesisv2\Core\Inc\rtc.h
2023-10-06 23:42:21,120 [INFO] CodeEngine:255 - oldGeneratedFile, C:\Users\Aleksy\Desktop\thesisproj\thesisSTMworkspace\Thesisv2\Core\Src\tim.c_save
2023-10-06 23:42:21,191 [INFO] CodeEngine:279 - Generated code: C:\Users\Aleksy\Desktop\thesisproj\thesisSTMworkspace\Thesisv2\Core\Src\tim.c
2023-10-06 23:42:21,195 [INFO] CodeEngine:255 - oldGeneratedFile, C:\Users\Aleksy\Desktop\thesisproj\thesisSTMworkspace\Thesisv2\Core\Inc\tim.h_save
2023-10-06 23:42:21,263 [INFO] CodeEngine:279 - Generated code: C:\Users\Aleksy\Desktop\thesisproj\thesisSTMworkspace\Thesisv2\Core\Inc\tim.h
2023-10-06 23:42:21,276 [INFO] CodeEngine:255 - oldGeneratedFile, C:\Users\Aleksy\Desktop\thesisproj\thesisSTMworkspace\Thesisv2\Core\Src\usart.c_save
2023-10-06 23:42:21,369 [INFO] CodeEngine:279 - Generated code: C:\Users\Aleksy\Desktop\thesisproj\thesisSTMworkspace\Thesisv2\Core\Src\usart.c
2023-10-06 23:42:21,374 [INFO] CodeEngine:255 - oldGeneratedFile, C:\Users\Aleksy\Desktop\thesisproj\thesisSTMworkspace\Thesisv2\Core\Inc\usart.h_save
2023-10-06 23:42:21,425 [INFO] CodeEngine:279 - Generated code: C:\Users\Aleksy\Desktop\thesisproj\thesisSTMworkspace\Thesisv2\Core\Inc\usart.h
2023-10-06 23:42:21,439 [INFO] CodeEngine:255 - oldGeneratedFile, C:\Users\Aleksy\Desktop\thesisproj\thesisSTMworkspace\Thesisv2\Core\Src\stm32f4xx_it.c_save
2023-10-06 23:42:21,661 [INFO] CodeEngine:279 - Generated code: C:\Users\Aleksy\Desktop\thesisproj\thesisSTMworkspace\Thesisv2\Core\Src\stm32f4xx_it.c
2023-10-06 23:42:21,676 [INFO] CodeEngine:255 - oldGeneratedFile, C:\Users\Aleksy\Desktop\thesisproj\thesisSTMworkspace\Thesisv2\Core\Inc\stm32f4xx_it.h_save
2023-10-06 23:42:21,748 [INFO] CodeEngine:279 - Generated code: C:\Users\Aleksy\Desktop\thesisproj\thesisSTMworkspace\Thesisv2\Core\Inc\stm32f4xx_it.h
2023-10-06 23:42:21,765 [INFO] CodeEngine:255 - oldGeneratedFile, C:\Users\Aleksy\Desktop\thesisproj\thesisSTMworkspace\Thesisv2\Core\Src\stm32f4xx_hal_msp.c_save
2023-10-06 23:42:21,847 [INFO] CodeEngine:279 - Generated code: C:\Users\Aleksy\Desktop\thesisproj\thesisSTMworkspace\Thesisv2\Core\Src\stm32f4xx_hal_msp.c
2023-10-06 23:42:21,850 [INFO] CodeEngine:255 - oldGeneratedFile, C:\Users\Aleksy\Desktop\thesisproj\thesisSTMworkspace\Thesisv2\MXTmpFiles\system.tmp_save
2023-10-06 23:42:21,927 [INFO] CodeEngine:279 - Generated code: C:\Users\Aleksy\Desktop\thesisproj\thesisSTMworkspace\Thesisv2\MXTmpFiles\system.tmp
2023-10-06 23:42:21,947 [INFO] CodeEngine:311 - oldGeneratedFile, C:\Users\Aleksy\Desktop\thesisproj\thesisSTMworkspace\Thesisv2\Core\Inc\stm32f4xx_hal_conf.h_save
2023-10-06 23:42:22,055 [INFO] CodeEngine:335 - Generated code: C:\Users\Aleksy\Desktop\thesisproj\thesisSTMworkspace\Thesisv2\Core\Inc\stm32f4xx_hal_conf.h
2023-10-06 23:42:22,104 [INFO] CodeEngine:255 - oldGeneratedFile, C:\Users\Aleksy\Desktop\thesisproj\thesisSTMworkspace\Thesisv2\Core\Inc\main.h_save
2023-10-06 23:42:22,205 [INFO] CodeEngine:279 - Generated code: C:\Users\Aleksy\Desktop\thesisproj\thesisSTMworkspace\Thesisv2\Core\Inc\main.h
2023-10-06 23:42:22,220 [INFO] CodeEngine:255 - oldGeneratedFile, C:\Users\Aleksy\Desktop\thesisproj\thesisSTMworkspace\Thesisv2\Core\Src\main.c_save
2023-10-06 23:42:22,358 [INFO] CodeEngine:279 - Generated code: C:\Users\Aleksy\Desktop\thesisproj\thesisSTMworkspace\Thesisv2\Core\Src\main.c
2023-10-06 23:42:22,805 [INFO] ProjectBuilder:2996 - Time for Copy HAL[2] : 1mS.
2023-10-06 23:42:22,811 [INFO] ProjectBuilder:4304 - Project Generator version: 3.19.2
2023-10-06 23:42:23,217 [INFO] ConfigFileManager:1483 - The Die is : DIE431
2023-10-06 23:42:24,909 [INFO] ProjectBuilder:4505 - Time for Generating toolchain IDE Files: 2098mS.
2023-10-06 23:42:24,910 [INFO] ProjectBuilder:2867 - Time for Copy CMSIS : 0mS.
2023-10-06 23:42:24,921 [INFO] ProjectBuilder:2867 - Time for Copy CMSIS : 1mS.
