2023-10-06 22:57:58,164 [INFO] ApplicationProperties:184 - Using Application install path: C:\ST\STM32CubeIDE_1.12.1\STM32CubeIDE\plugins\com.st.stm32cube.common.mx_6.8.1.202304191431
2023-10-06 22:57:58,192 [INFO] DbMcusXml:78 - Set database path to: C:\ST\STM32CubeIDE_1.12.1\STM32CubeIDE\plugins\com.st.stm32cube.common.mx_6.8.1.202304191431\\db\/mcu/
2023-10-06 22:57:58,193 [INFO] ApiDb:274 - Set plugin database path to: C:\ST\STM32CubeIDE_1.12.1\STM32CubeIDE\plugins\com.st.stm32cube.common.mx_6.8.1.202304191431\\db\/plugins/boardmanager/
2023-10-06 22:57:58,194 [WARN] ApiDb:259 - Overriding images path with different value:  => C:\ST\STM32CubeIDE_1.12.1\STM32CubeIDE\plugins\com.st.stm32cube.common.mx_6.8.1.202304191431\\db\/plugins/mcufinder/images/
2023-10-06 22:57:58,215 [INFO] ApiDb:250 - Set database path to: C:\Users\Aleksy\.stmcufinder\plugins\mcufinder//mcu/
2023-10-06 22:57:58,218 [INFO] DbMcusAds:125 - Set database path to: C:\Users\Aleksy\.stmcufinder\plugins\mcufinder//mcu/
2023-10-06 22:57:58,400 [INFO] CrossReferenceDbSqlite:203 - Set database path to: C:\Users\Aleksy\.stmcufinder\plugins\mcufinder//mcu/cs/
2023-10-06 22:57:58,529 [INFO] RulesReader:64 - Compatibility file has been processed (293 Rules)
2023-10-06 22:57:58,623 [INFO] DbMcusXml:78 - Set database path to: C:\ST\STM32CubeIDE_1.12.1\STM32CubeIDE\plugins\com.st.stm32cube.common.mx_6.8.1.202304191431\\db\/mcu/
2023-10-06 22:57:58,623 [INFO] ApiDb:274 - Set plugin database path to: C:\ST\STM32CubeIDE_1.12.1\STM32CubeIDE\plugins\com.st.stm32cube.common.mx_6.8.1.202304191431\\db\/plugins/boardmanager/
2023-10-06 22:57:58,623 [INFO] ApiDb:261 - Set plugin images path to: C:\ST\STM32CubeIDE_1.12.1\STM32CubeIDE\plugins\com.st.stm32cube.common.mx_6.8.1.202304191431\\db\/plugins/mcufinder/images/
2023-10-06 22:57:58,624 [WARN] DbFile:41 - Overriding database path with different value: C:\Users\Aleksy\.stmcufinder\plugins\mcufinder/ => C:\Users\Aleksy\.stmcufinder\plugins\mcufinder
2023-10-06 22:57:58,624 [INFO] ApiDb:250 - Set database path to: C:\Users\Aleksy\.stmcufinder\plugins\mcufinder//mcu/
2023-10-06 22:57:58,624 [WARN] DbFile:41 - Overriding database path with different value: C:\Users\Aleksy\.stmcufinder\plugins\mcufinder/ => C:\Users\Aleksy\.stmcufinder\plugins\mcufinder
2023-10-06 22:57:58,624 [INFO] DbMcusAds:125 - Set database path to: C:\Users\Aleksy\.stmcufinder\plugins\mcufinder//mcu/
2023-10-06 22:57:58,624 [WARN] DbFile:41 - Overriding database path with different value: C:\Users\Aleksy\.stmcufinder\plugins\mcufinder/ => C:\Users\Aleksy\.stmcufinder\plugins\mcufinder
2023-10-06 22:57:58,624 [WARN] DbFile:41 - Overriding database path with different value: C:\Users\Aleksy\.stmcufinder\plugins\mcufinder/ => C:\Users\Aleksy\.stmcufinder\plugins\mcufinder
2023-10-06 22:57:58,624 [INFO] CrossReferenceDbSqlite:203 - Set database path to: C:\Users\Aleksy\.stmcufinder\plugins\mcufinder//mcu/cs/
2023-10-06 22:57:58,707 [INFO] MainPanel:253 - HeapMemory: 513802240
2023-10-06 22:57:58,814 [INFO] DbMcusXml:78 - Set database path to: C:\ST\STM32CubeIDE_1.12.1\STM32CubeIDE\plugins\com.st.stm32cube.common.mx_6.8.1.202304191431\\db\/mcu/
2023-10-06 22:57:58,814 [INFO] ApiDb:274 - Set plugin database path to: C:\ST\STM32CubeIDE_1.12.1\STM32CubeIDE\plugins\com.st.stm32cube.common.mx_6.8.1.202304191431\\db\/plugins/boardmanager/
2023-10-06 22:57:58,814 [INFO] ApiDb:261 - Set plugin images path to: C:\ST\STM32CubeIDE_1.12.1\STM32CubeIDE\plugins\com.st.stm32cube.common.mx_6.8.1.202304191431\\db\/plugins/mcufinder/images/
2023-10-06 22:57:58,815 [WARN] DbFile:41 - Overriding database path with different value: C:\Users\Aleksy\.stmcufinder\plugins\mcufinder/ => C:\Users\Aleksy\.stmcufinder\plugins\mcufinder
2023-10-06 22:57:58,815 [INFO] ApiDb:250 - Set database path to: C:\Users\Aleksy\.stmcufinder\plugins\mcufinder//mcu/
2023-10-06 22:57:58,815 [WARN] DbFile:41 - Overriding database path with different value: C:\Users\Aleksy\.stmcufinder\plugins\mcufinder/ => C:\Users\Aleksy\.stmcufinder\plugins\mcufinder
2023-10-06 22:57:58,815 [INFO] DbMcusAds:125 - Set database path to: C:\Users\Aleksy\.stmcufinder\plugins\mcufinder//mcu/
2023-10-06 22:57:58,815 [WARN] DbFile:41 - Overriding database path with different value: C:\Users\Aleksy\.stmcufinder\plugins\mcufinder/ => C:\Users\Aleksy\.stmcufinder\plugins\mcufinder
2023-10-06 22:57:58,815 [WARN] DbFile:41 - Overriding database path with different value: C:\Users\Aleksy\.stmcufinder\plugins\mcufinder/ => C:\Users\Aleksy\.stmcufinder\plugins\mcufinder
2023-10-06 22:57:58,815 [INFO] CrossReferenceDbSqlite:203 - Set database path to: C:\Users\Aleksy\.stmcufinder\plugins\mcufinder//mcu/cs/
2023-10-06 22:57:58,840 [INFO] ApplicationProperties:184 - Using Application install path: C:\ST\STM32CubeIDE_1.12.1\STM32CubeIDE\plugins\com.st.stm32cube.common.mx_6.8.1.202304191431
2023-10-06 22:57:58,842 [INFO] PluginManage:196 - Search for loadable plugins [exclusion list=, ]
2023-10-06 22:57:58,844 [INFO] PluginManage:310 - Check plugin analytics
2023-10-06 22:58:03,563 [INFO] AnalyticsPlugin:253 - Accepted Software Licenses: 
2023-10-06 22:58:03,563 [INFO] AnalyticsPlugin:255 - Accepted CMSIS Pack Licenses: 
2023-10-06 22:58:03,563 [INFO] AnalyticsPlugin:257 - Accepted Firmware Licenses: 
2023-10-06 22:58:03,577 [INFO] PluginManage:359 - Loaded plugin analytics (category:tool,tabindex:-1)
2023-10-06 22:58:03,577 [INFO] PluginManage:310 - Check plugin cadmodel
2023-10-06 22:58:03,595 [INFO] CADModel:105 - Init CAD model plugin
2023-10-06 22:58:03,595 [INFO] PluginManage:359 - Loaded plugin cadmodel (category:power,tabindex:5)
2023-10-06 22:58:03,595 [INFO] PluginManage:310 - Check plugin clock
2023-10-06 22:58:03,612 [INFO] PluginManage:359 - Loaded plugin clock (category:base,tabindex:2)
2023-10-06 22:58:03,612 [INFO] PluginManage:310 - Check plugin ddr
2023-10-06 22:58:03,614 [INFO] PluginManage:359 - Loaded plugin ddr (category:tool,tabindex:6)
2023-10-06 22:58:03,614 [INFO] PluginManage:310 - Check plugin filemanager
2023-10-06 22:58:03,751 [INFO] PluginManage:359 - Loaded plugin filemanager (category:base,tabindex:10)
2023-10-06 22:58:03,751 [INFO] PluginManage:310 - Check plugin ipmanager
2023-10-06 22:58:03,759 [INFO] PluginManage:359 - Loaded plugin ipmanager (category:base,tabindex:5)
2023-10-06 22:58:03,759 [INFO] PluginManage:310 - Check plugin lpbam
2023-10-06 22:58:03,775 [INFO] PluginManage:359 - Loaded plugin lpbam (category:base,tabindex:0)
2023-10-06 22:58:03,775 [INFO] PluginManage:310 - Check plugin pinoutandconfiguration
2023-10-06 22:58:03,791 [INFO] PluginManage:359 - Loaded plugin pinoutandconfiguration (category:base,tabindex:1)
2023-10-06 22:58:03,791 [INFO] PluginManage:310 - Check plugin pinoutconfig
2023-10-06 22:58:03,908 [WARN] SupportedApi:132 - Cannot load RTOS API schema: s4s-elt-must-match.1: The content of 'definitions' must match (annotation?, (simpleType | complexType)?, (unique | key | keyref)*)). A problem was found starting at: attribute.
2023-10-06 22:58:04,044 [INFO] PluginManage:359 - Loaded plugin pinoutconfig (category:base,tabindex:0)
2023-10-06 22:58:04,044 [INFO] PluginManage:310 - Check plugin power
2023-10-06 22:58:04,063 [INFO] PluginManage:359 - Loaded plugin power (category:power,tabindex:4)
2023-10-06 22:58:04,063 [INFO] PluginManage:310 - Check plugin projectmanager
2023-10-06 22:58:04,081 [INFO] PluginManage:359 - Loaded plugin projectmanager (category:projectmanager,tabindex:3)
2023-10-06 22:58:04,081 [INFO] PluginManage:310 - Check plugin thirdparty
2023-10-06 22:58:04,355 [INFO] PluginManage:359 - Loaded plugin thirdparty (category:base,tabindex:-1)
2023-10-06 22:58:04,356 [INFO] PluginManage:310 - Check plugin tools
2023-10-06 22:58:04,355 [WARN] IntegrityCheckThread:84 - waiting for thirdparty lock release [integrity check]
2023-10-06 22:58:04,356 [INFO] IntegrityCheckThread:86 - entering critical section [integrity check]
2023-10-06 22:58:04,360 [INFO] ThirdPartyUpdaterWithRetryManager:70 - Updater plugin not ready yet. [1/15]
2023-10-06 22:58:04,388 [INFO] PluginManage:359 - Loaded plugin tools (category:base,tabindex:7)
2023-10-06 22:58:04,389 [INFO] PluginManage:310 - Check plugin tutovideos
2023-10-06 22:58:04,659 [INFO] PluginManage:359 - Loaded plugin tutovideos (category:base,tabindex:-1)
2023-10-06 22:58:04,659 [INFO] PluginManage:310 - Check plugin updater
2023-10-06 22:58:04,678 [INFO] PluginManage:359 - Loaded plugin updater (category:base,tabindex:12)
2023-10-06 22:58:04,679 [INFO] PluginManage:283 - PluginManage : Loaded plugins [15]
2023-10-06 22:58:04,955 [INFO] PinOutPanel:1499 - setPackage(No Configuration,No Configuration)
2023-10-06 22:58:05,018 [INFO] CADModel:165 - CPN selected for project level
2023-10-06 22:58:05,018 [INFO] CADModel:114 - Register for checkConnection events
2023-10-06 22:58:05,044 [INFO] IPUIPlugin:80 - create IPUIPlugin
2023-10-06 22:58:05,044 [INFO] PluginManager:220 - loadIPPluginJar : add adc
2023-10-06 22:58:05,073 [INFO] IPUIPlugin:80 - create IPUIPlugin
2023-10-06 22:58:05,073 [INFO] PluginManager:220 - loadIPPluginJar : add aes
2023-10-06 22:58:05,105 [INFO] IPUIPlugin:80 - create IPUIPlugin
2023-10-06 22:58:05,105 [INFO] PluginManager:220 - loadIPPluginJar : add can
2023-10-06 22:58:05,125 [INFO] IPUIPlugin:80 - create IPUIPlugin
2023-10-06 22:58:05,125 [INFO] PluginManager:220 - loadIPPluginJar : add comp
2023-10-06 22:58:05,151 [INFO] IPUIPlugin:80 - create IPUIPlugin
2023-10-06 22:58:05,151 [INFO] PluginManager:220 - loadIPPluginJar : add cryp
2023-10-06 22:58:05,176 [INFO] IPUIPlugin:80 - create IPUIPlugin
2023-10-06 22:58:05,177 [INFO] PluginManager:220 - loadIPPluginJar : add dfsdm
2023-10-06 22:58:05,190 [INFO] IPUIPlugin:80 - create IPUIPlugin
2023-10-06 22:58:05,191 [INFO] PluginManager:220 - loadIPPluginJar : add dma
2023-10-06 22:58:05,222 [INFO] IPUIPlugin:80 - create IPUIPlugin
2023-10-06 22:58:05,222 [INFO] PluginManager:220 - loadIPPluginJar : add dma3
2023-10-06 22:58:05,239 [INFO] IPUIPlugin:80 - create IPUIPlugin
2023-10-06 22:58:05,239 [INFO] PluginManager:220 - loadIPPluginJar : add fatfs
2023-10-06 22:58:05,275 [INFO] IPUIPlugin:80 - create IPUIPlugin
2023-10-06 22:58:05,275 [INFO] PluginManager:220 - loadIPPluginJar : add fmc
2023-10-06 22:58:05,288 [INFO] IPUIPlugin:80 - create IPUIPlugin
2023-10-06 22:58:05,288 [INFO] PluginManager:220 - loadIPPluginJar : add freertos
2023-10-06 22:58:05,304 [INFO] IPUIPlugin:80 - create IPUIPlugin
2023-10-06 22:58:05,304 [INFO] PluginManager:220 - loadIPPluginJar : add genericplugin
2023-10-06 22:58:05,369 [INFO] IPUIPlugin:80 - create IPUIPlugin
2023-10-06 22:58:05,370 [INFO] PluginManager:220 - loadIPPluginJar : add gfxmmu
2023-10-06 22:58:05,469 [INFO] IPUIPlugin:80 - create IPUIPlugin
2023-10-06 22:58:05,469 [INFO] PluginManager:220 - loadIPPluginJar : add gic
2023-10-06 22:58:05,482 [INFO] IPUIPlugin:80 - create IPUIPlugin
2023-10-06 22:58:05,482 [INFO] PluginManager:220 - loadIPPluginJar : add gpio
2023-10-06 22:58:05,553 [INFO] IPUIPlugin:80 - create IPUIPlugin
2023-10-06 22:58:05,553 [INFO] PluginManager:220 - loadIPPluginJar : add gtzc
2023-10-06 22:58:05,577 [INFO] IPUIPlugin:80 - create IPUIPlugin
2023-10-06 22:58:05,577 [INFO] PluginManager:220 - loadIPPluginJar : add hash
2023-10-06 22:58:05,616 [INFO] IPUIPlugin:80 - create IPUIPlugin
2023-10-06 22:58:05,616 [INFO] PluginManager:220 - loadIPPluginJar : add i2c
2023-10-06 22:58:05,648 [INFO] IPUIPlugin:80 - create IPUIPlugin
2023-10-06 22:58:05,648 [INFO] PluginManager:220 - loadIPPluginJar : add i2s
2023-10-06 22:58:05,683 [INFO] IPUIPlugin:80 - create IPUIPlugin
2023-10-06 22:58:05,683 [INFO] PluginManager:220 - loadIPPluginJar : add i3c
2023-10-06 22:58:05,782 [INFO] IPUIPlugin:80 - create IPUIPlugin
2023-10-06 22:58:05,782 [INFO] PluginManager:220 - loadIPPluginJar : add ipddr
2023-10-06 22:58:05,852 [INFO] IPUIPlugin:80 - create IPUIPlugin
2023-10-06 22:58:05,853 [INFO] PluginManager:220 - loadIPPluginJar : add linkedlist
2023-10-06 22:58:05,878 [INFO] IPUIPlugin:80 - create IPUIPlugin
2023-10-06 22:58:05,878 [INFO] PluginManager:220 - loadIPPluginJar : add lorawan
2023-10-06 22:58:05,904 [INFO] IPUIPlugin:80 - create IPUIPlugin
2023-10-06 22:58:05,904 [INFO] PluginManager:220 - loadIPPluginJar : add ltdc
2023-10-06 22:58:05,918 [INFO] IPUIPlugin:80 - create IPUIPlugin
2023-10-06 22:58:05,918 [INFO] PluginManager:220 - loadIPPluginJar : add mdma
2023-10-06 22:58:05,929 [INFO] IPUIPlugin:80 - create IPUIPlugin
2023-10-06 22:58:05,929 [INFO] PluginManager:220 - loadIPPluginJar : add nvic
2023-10-06 22:58:05,957 [INFO] IPUIPlugin:80 - create IPUIPlugin
2023-10-06 22:58:05,958 [INFO] PluginManager:220 - loadIPPluginJar : add opamp
2023-10-06 22:58:06,001 [INFO] IPUIPlugin:80 - create IPUIPlugin
2023-10-06 22:58:06,002 [INFO] PluginManager:220 - loadIPPluginJar : add openamp
2023-10-06 22:58:06,033 [INFO] IPUIPlugin:80 - create IPUIPlugin
2023-10-06 22:58:06,033 [INFO] PluginManager:220 - loadIPPluginJar : add pdm2pcm
2023-10-06 22:58:06,045 [INFO] IPUIPlugin:80 - create IPUIPlugin
2023-10-06 22:58:06,048 [INFO] PluginManager:220 - loadIPPluginJar : add plateformsettings
2023-10-06 22:58:06,064 [INFO] IPUIPlugin:80 - create IPUIPlugin
2023-10-06 22:58:06,064 [INFO] PluginManager:220 - loadIPPluginJar : add quadspi
2023-10-06 22:58:06,074 [INFO] IPUIPlugin:80 - create IPUIPlugin
2023-10-06 22:58:06,074 [INFO] PluginManager:220 - loadIPPluginJar : add resmgrutility
2023-10-06 22:58:06,112 [INFO] IPUIPlugin:80 - create IPUIPlugin
2023-10-06 22:58:06,112 [INFO] PluginManager:220 - loadIPPluginJar : add sai
2023-10-06 22:58:06,138 [INFO] IPUIPlugin:80 - create IPUIPlugin
2023-10-06 22:58:06,139 [INFO] PluginManager:220 - loadIPPluginJar : add spi
2023-10-06 22:58:06,182 [INFO] IPUIPlugin:80 - create IPUIPlugin
2023-10-06 22:58:06,183 [INFO] PluginManager:220 - loadIPPluginJar : add stm32_wpan
2023-10-06 22:58:06,200 [INFO] IPUIPlugin:80 - create IPUIPlugin
2023-10-06 22:58:06,200 [INFO] PluginManager:220 - loadIPPluginJar : add tim
2023-10-06 22:58:06,243 [INFO] IPUIPlugin:80 - create IPUIPlugin
2023-10-06 22:58:06,243 [INFO] PluginManager:220 - loadIPPluginJar : add touchsensing
2023-10-06 22:58:06,262 [INFO] IPUIPlugin:80 - create IPUIPlugin
2023-10-06 22:58:06,262 [INFO] PluginManager:220 - loadIPPluginJar : add tracer_emb
2023-10-06 22:58:06,280 [INFO] IPUIPlugin:80 - create IPUIPlugin
2023-10-06 22:58:06,280 [INFO] PluginManager:220 - loadIPPluginJar : add ts
2023-10-06 22:58:06,297 [INFO] IPUIPlugin:80 - create IPUIPlugin
2023-10-06 22:58:06,297 [INFO] PluginManager:220 - loadIPPluginJar : add tsc
2023-10-06 22:58:06,315 [INFO] IPUIPlugin:80 - create IPUIPlugin
2023-10-06 22:58:06,315 [INFO] PluginManager:220 - loadIPPluginJar : add ucpd
2023-10-06 22:58:06,352 [INFO] IPUIPlugin:80 - create IPUIPlugin
2023-10-06 22:58:06,352 [INFO] PluginManager:220 - loadIPPluginJar : add usart
2023-10-06 22:58:06,387 [INFO] IPUIPlugin:80 - create IPUIPlugin
2023-10-06 22:58:06,387 [INFO] PluginManager:220 - loadIPPluginJar : add usbx
2023-10-06 22:58:06,523 [INFO] CADModel:165 - CPN selected for project level
2023-10-06 22:58:06,523 [INFO] CADModel:114 - Register for checkConnection events
2023-10-06 22:58:06,523 [FATAL] Updater:308 - Updater called before beeing initialized
2023-10-06 22:58:06,524 [ERROR] CADModel:125 - Updater not yet initialized, retry later 
2023-10-06 22:58:06,680 [INFO] CADModel:165 - CPN selected for project level
2023-10-06 22:58:06,680 [INFO] CADModel:114 - Register for checkConnection events
2023-10-06 22:58:06,680 [FATAL] Updater:308 - Updater called before beeing initialized
2023-10-06 22:58:06,680 [ERROR] CADModel:125 - Updater not yet initialized, retry later 
2023-10-06 22:58:06,683 [FATAL] Updater:308 - Updater called before beeing initialized
2023-10-06 22:58:06,835 [FATAL] Updater:308 - Updater called before beeing initialized
2023-10-06 22:58:06,847 [INFO] DbMcusAds:53 - JSON generation date=Tue Mar 07 09:50:55 CET 2023 (1678179055114)
2023-10-06 22:58:06,847 [FATAL] Updater:308 - Updater called before beeing initialized
2023-10-06 22:58:06,932 [WARN] DetailPanel:346 - Failed to get advertising image, set to default
2023-10-06 22:58:07,074 [FATAL] Updater:308 - Updater called before beeing initialized
2023-10-06 22:58:07,077 [FATAL] Updater:308 - Updater called before beeing initialized
2023-10-06 22:58:07,077 [FATAL] Updater:308 - Updater called before beeing initialized
2023-10-06 22:58:07,077 [WARN] DetailPanel:346 - Failed to get advertising image, set to default
2023-10-06 22:58:07,078 [FATAL] Updater:308 - Updater called before beeing initialized
2023-10-06 22:58:07,197 [ERROR] Updater:1120 - MainUpdater not yet initialized. External WinMGr cannot be set.
2023-10-06 22:58:07,209 [INFO] Updater:1056 - Updater Version found : 6.8.1
2023-10-06 22:58:07,232 [INFO] ApplicationProperties:184 - Using Application install path: C:\ST\STM32CubeIDE_1.12.1\STM32CubeIDE\plugins\com.st.stm32cube.common.mx_6.8.1.202304191431
2023-10-06 22:58:07,368 [INFO] ThirdPartyUpdaterWithRetryManager:70 - Updater plugin not ready yet. [2/15]
2023-10-06 22:58:07,514 [INFO] MainUpdater:2854 - connection check result : 10
2023-10-06 22:58:07,514 [INFO] MainUpdater:3548 - Updater definition file requires update
2023-10-06 22:58:07,515 [INFO] MainUpdater:283 - Updater Check For Update Now.
2023-10-06 22:58:07,516 [INFO] MicroXplorer:498 - Change Database Version : DB.6.0.81
2023-10-06 22:58:07,568 [INFO] ServerAccessManage:473 - Download File updaters.zip
2023-10-06 22:58:07,656 [INFO] FileExtend:240 - Unzip File : updaters.zip
2023-10-06 22:58:07,656 [INFO] FileExtend:255 - Standard Zip Deflate
2023-10-06 22:58:08,173 [INFO] ServerAccessManage:473 - Download File PacksControlFlags.xml
2023-10-06 22:58:08,254 [INFO] ServerAccessManage:473 - Download File cubemx.pidx
2023-10-06 22:58:09,123 [INFO] ServerAccessManage:473 - Download File STMicroelectronics.X-CUBE-TOUCHGFX.pdsc
2023-10-06 22:58:10,375 [WARN] MainUpdater:1187 - Updater busy. Cannot search thirdparties
2023-10-06 22:58:10,375 [INFO] ThirdPartyUpdaterWithRetryManager:96 - Updater plugin is busy. [1/15]
2023-10-06 22:58:11,497 [INFO] ServerAccessManage:473 - Download File ITTIA_DB.I-CUBE-ITTIADB.pdsc
2023-10-06 22:58:13,379 [WARN] MainUpdater:1187 - Updater busy. Cannot search thirdparties
2023-10-06 22:58:13,379 [INFO] ThirdPartyUpdaterWithRetryManager:96 - Updater plugin is busy. [2/15]
2023-10-06 22:58:14,502 [INFO] ServerAccessManage:473 - Download File Infineon.AIROC-Wi-Fi-Bluetooth-STM32.pdsc
2023-10-06 22:58:15,202 [WARN] PackLoader:240 - Cannot read IP mode file for STMicroelectronics.X-CUBE-TOUCHGFX.4.22.1
2023-10-06 22:58:15,215 [WARN] PackLoader:240 - Cannot read IP mode file for ITTIA_DB.I-CUBE-ITTIADB.8.8.0
2023-10-06 22:58:15,232 [WARN] PackLoader:240 - Cannot read IP mode file for Infineon.AIROC-Wi-Fi-Bluetooth-STM32.1.5.1
2023-10-06 22:58:15,239 [INFO] PopulateThirdPartyThread:66 - Ending populate Thread
2023-10-06 22:58:15,246 [INFO] ThirdParty:1030 - CMSIS Pack Vendor :STMicroelectronics X-CUBE-TOUCHGFX 4.22.1
2023-10-06 22:58:15,246 [INFO] ThirdParty:1030 - CMSIS Pack Vendor :Infineon AIROC-Wi-Fi-Bluetooth-STM32 1.5.1
2023-10-06 22:58:15,246 [INFO] ThirdParty:1030 - CMSIS Pack Vendor :ITTIA_DB I-CUBE-ITTIADB 8.8.0
2023-10-06 22:58:15,246 [INFO] LoadServerUpdatesThread:373 - End of LoadServerUpdate Thread
2023-10-06 22:58:15,302 [INFO] CheckServerUpdateThread:120 - End of CheckServer Thread
2023-10-06 22:58:15,502 [INFO] MainUpdater:2854 - connection check result : 10
2023-10-06 22:58:15,510 [INFO] MainUpdater:2854 - connection check result : 10
2023-10-06 22:58:15,664 [INFO] MicroXplorer:468 - Change Database Path : 
2023-10-06 22:58:15,664 [INFO] MicroXplorer:498 - Change Database Version : DB.6.0.81
2023-10-06 22:58:15,664 [WARN] ThirdParty:871 - waiting for thirdparty lock release [close project]
2023-10-06 22:58:16,548 [WARN] PackLoader:240 - Cannot read IP mode file for STMicroelectronics.X-CUBE-SMBUS.2.1.0
2023-10-06 22:58:16,578 [WARN] PackLoader:240 - Cannot read IP mode file for STMicroelectronics.X-CUBE-AZRTOS-F7.1.1.0
2023-10-06 22:58:16,592 [ERROR] RealEvaluatedCondition:428 - Found unsupported composite condition: GROUP='STM32_MetaDataManager' CLASS='Data Exchange'
2023-10-06 22:58:16,593 [ERROR] RealEvaluatedCondition:428 - Found unsupported composite condition: GROUP='STM32_MetaDataManager' CLASS='Data Exchange'
2023-10-06 22:58:16,594 [WARN] PackLoader:240 - Cannot read IP mode file for STMicroelectronics.FP-SNS-MOTENV1.4.3.0
2023-10-06 22:58:16,609 [WARN] PackLoader:240 - Cannot read IP mode file for STMicroelectronics.FP-SNS-MOTENV1.4.3.2
2023-10-06 22:58:16,621 [WARN] PackLoader:240 - Cannot read IP mode file for STMicroelectronics.FP-SNS-FLIGHT1.5.0.0
2023-10-06 22:58:16,633 [ERROR] RealEvaluatedCondition:428 - Found unsupported composite condition: CLASS='Data Exchange' GROUP='STM32_MetaDataManager'
2023-10-06 22:58:16,633 [ERROR] RealEvaluatedCondition:428 - Found unsupported composite condition: GROUP='STM32_MetaDataManager' CLASS='Data Exchange'
2023-10-06 22:58:16,635 [WARN] PackLoader:240 - Cannot read IP mode file for STMicroelectronics.FP-SNS-MOTENV1.4.3.1
2023-10-06 22:58:16,648 [WARN] PackLoader:240 - Cannot read IP mode file for STMicroelectronics.FP-SNS-FLIGHT1.5.0.1
2023-10-06 22:58:16,664 [WARN] PackLoader:240 - Cannot read IP mode file for STMicroelectronics.X-CUBE-BLE1.6.2.3
2023-10-06 22:58:16,675 [WARN] PackLoader:240 - Cannot read IP mode file for STMicroelectronics.X-CUBE-BLE1.6.2.4
2023-10-06 22:58:16,679 [WARN] PackLoader:240 - Cannot read IP mode file for STMicroelectronics.FP-SNS-FLIGHT1.5.0.2
2023-10-06 22:58:16,697 [WARN] PackLoader:240 - Cannot read IP mode file for STMicroelectronics.X-CUBE-TOF1.3.1.0
2023-10-06 22:58:16,717 [WARN] PackLoader:240 - Cannot read IP mode file for STMicroelectronics.X-CUBE-DISPLAY.3.0.0
2023-10-06 22:58:16,734 [WARN] PackLoader:240 - Cannot read IP mode file for STMicroelectronics.X-CUBE-BLE1.7.0.0
2023-10-06 22:58:16,746 [WARN] PackLoader:240 - Cannot read IP mode file for STMicroelectronics.X-CUBE-TOUCHGFX.4.22.0
2023-10-06 22:58:16,748 [WARN] PackLoader:240 - Cannot read IP mode file for STMicroelectronics.X-CUBE-TOUCHGFX.4.22.1
2023-10-06 22:58:16,801 [WARN] PackLoader:240 - Cannot read IP mode file for STMicroelectronics.X-CUBE-MEMS1.9.3.0
2023-10-06 22:58:16,946 [WARN] PackLoader:240 - Cannot read IP mode file for STMicroelectronics.X-CUBE-AI.7.2.0
2023-10-06 22:58:16,957 [WARN] PackLoader:240 - Cannot read IP mode file for STMicroelectronics.FP-SNS-SMARTAG2.1.2.0
