2023-09-27 18:30:29,491 [INFO] MainUpdater:2854 - connection check result : 10
2023-09-27 18:30:29,508 [INFO] MainUpdater:2854 - connection check result : 10
2023-09-27 18:30:29,551 [INFO] MicroXplorer:468 - Change Database Path : 
2023-09-27 18:30:29,551 [INFO] MicroXplorer:498 - Change Database Version : DB.6.0.81
2023-09-27 18:30:29,551 [WARN] ThirdParty:871 - waiting for thirdparty lock release [close project]
2023-09-27 18:30:29,551 [INFO] ThirdParty:873 - entering critical section [close project]
2023-09-27 18:30:29,553 [INFO] ThirdParty:883 - exiting critical section [close project]
2023-09-27 18:30:29,556 [INFO] PinOutPanel:1499 - setPackage(No Configuration,No Configuration)
2023-09-27 18:30:29,567 [INFO] UtilMem:75 - Begin LoadConfig() Used Memory: 495425336 Bytes (618659840)
2023-09-27 18:30:39,851 [INFO] ServerAccessManage:473 - Download File stm32cube_db_v6050.zip
2023-09-27 18:30:41,502 [INFO] FileExtend:240 - Unzip File : stm32cube_db_v6050.zip
2023-09-27 18:30:41,503 [INFO] FileExtend:255 - Standard Zip Deflate
2023-09-27 18:30:51,987 [INFO] LoadServerPackagesThread:196 - End of LoadServerPackages Thread
2023-09-27 18:30:52,238 [INFO] CheckServerUpdateThread:120 - End of CheckServer Thread
2023-09-27 18:30:52,323 [INFO] LoadServerPackagesThread:196 - End of LoadServerPackages Thread
2023-09-27 18:30:52,504 [INFO] CheckServerUpdateThread:120 - End of CheckServer Thread
2023-09-27 18:30:52,586 [INFO] MicroXplorer:468 - Change Database Path : C:/Users/Aleksy/.stm32cubemx/databases/DB.6.0.50/db/
2023-09-27 18:30:52,587 [INFO] MicroXplorer:498 - Change Database Version : DB.6.0.50
2023-09-27 18:30:52,587 [INFO] OpenFileManager:308 - Change cursor
2023-09-27 18:30:52,687 [INFO] Mcu:1937 - Initializing MCU STM32F411R(C-E)Tx STM32F411RETx STM32F411RET6
2023-09-27 18:30:54,251 [INFO] Context:659 - Trying to add GPIOservice into a context  which must be forbidden
2023-09-27 18:30:54,912 [INFO] RtosManager:555 - Registered RTOS mode: class=CMSIS, group=RTOS, mode=CMSIS_V1, owner=FREERTOS
2023-09-27 18:30:54,913 [INFO] RtosManager:555 - Registered RTOS mode: class=CMSIS, group=RTOS2, mode=CMSIS_V2, owner=FREERTOS
2023-09-27 18:30:54,913 [INFO] RtosManager:555 - Registered RTOS mode: class=RTOS, group=Core, mode=CMSIS_V1, owner=FREERTOS
2023-09-27 18:30:54,913 [INFO] RtosManager:555 - Registered RTOS mode: class=RTOS, group=Core, mode=CMSIS_V2, owner=FREERTOS
2023-09-27 18:30:54,914 [WARN] ModelIntegratedComponent:184 - Missing modes for component STMicroelectronics:FreeRTOS:0.0.1:STMicroelectronics:RTOS:FreeRTOS:Core:::10.2.0:
2023-09-27 18:30:54,923 [WARN] ModelIntegratedComponent:63 - No mode defined for component null
2023-09-27 18:30:54,923 [WARN] ModelIntegratedComponent:63 - No mode defined for component null
2023-09-27 18:30:54,923 [WARN] ModelIntegratedComponent:63 - No mode defined for component null
2023-09-27 18:30:54,923 [WARN] ModelIntegratedComponent:63 - No mode defined for component null
2023-09-27 18:30:54,923 [WARN] ModelIntegratedComponent:63 - No mode defined for component null
2023-09-27 18:30:54,923 [WARN] ModelIntegratedComponent:63 - No mode defined for component null
2023-09-27 18:30:54,925 [WARN] ModelIntegratedComponent:63 - No mode defined for component null
2023-09-27 18:30:54,926 [WARN] ModelIntegratedComponent:63 - No mode defined for component null
2023-09-27 18:30:54,926 [WARN] ModelIntegratedComponent:63 - No mode defined for component null
2023-09-27 18:30:54,926 [WARN] ModelIntegratedComponent:63 - No mode defined for component null
2023-09-27 18:30:54,926 [WARN] ModelIntegratedComponent:63 - No mode defined for component null
2023-09-27 18:30:54,926 [WARN] ModelIntegratedComponent:63 - No mode defined for component null
2023-09-27 18:30:54,926 [WARN] ModelIntegratedComponent:63 - No mode defined for component null
2023-09-27 18:30:54,927 [WARN] ModelIntegratedComponent:63 - No mode defined for component null
2023-09-27 18:30:54,927 [WARN] ModelIntegratedComponent:63 - No mode defined for component null
2023-09-27 18:30:54,927 [WARN] ModelIntegratedComponent:63 - No mode defined for component null
2023-09-27 18:30:54,927 [WARN] ModelIntegratedComponent:63 - No mode defined for component null
2023-09-27 18:30:54,927 [WARN] ModelIntegratedComponent:63 - No mode defined for component null
2023-09-27 18:30:54,927 [WARN] ModelIntegratedComponent:63 - No mode defined for component null
2023-09-27 18:30:54,928 [WARN] ModelIntegratedComponent:63 - No mode defined for component null
2023-09-27 18:30:54,928 [WARN] ModelIntegratedComponent:63 - No mode defined for component null
2023-09-27 18:30:54,928 [WARN] ModelIntegratedComponent:63 - No mode defined for component null
2023-09-27 18:30:54,928 [WARN] ModelIntegratedComponent:63 - No mode defined for component null
2023-09-27 18:30:54,928 [WARN] ModelIntegratedComponent:63 - No mode defined for component null
2023-09-27 18:30:54,929 [WARN] ModelIntegratedComponent:63 - No mode defined for component null
2023-09-27 18:30:54,929 [WARN] ModelIntegratedComponent:63 - No mode defined for component null
2023-09-27 18:30:54,929 [WARN] ModelIntegratedComponent:63 - No mode defined for component null
2023-09-27 18:30:54,929 [WARN] ModelIntegratedComponent:63 - No mode defined for component null
2023-09-27 18:30:54,929 [WARN] ModelIntegratedComponent:63 - No mode defined for component null
2023-09-27 18:30:54,929 [WARN] ModelIntegratedComponent:63 - No mode defined for component null
2023-09-27 18:30:54,930 [WARN] ModelIntegratedComponent:63 - No mode defined for component null
2023-09-27 18:30:54,930 [WARN] ModelIntegratedComponent:63 - No mode defined for component null
2023-09-27 18:30:54,930 [WARN] ModelIntegratedComponent:63 - No mode defined for component null
2023-09-27 18:30:54,998 [WARN] ModelIntegratedComponent:182 - Modes not found for component STMicroelectronics:USB_DEVICE:1.0.0:STMicroelectronics:USB::USB Device:Audio HS::1.0:USB_DEVICE_1_0_RESTRICTED_HS
2023-09-27 18:30:54,998 [WARN] ModelIntegratedComponent:188 - Modes not found for component STMicroelectronics:USB_DEVICE:1.0.0:STMicroelectronics:USB::USB Device:Audio HS::1.0:USB_DEVICE_1_0_RESTRICTED_HS
2023-09-27 18:30:54,998 [WARN] ModelIntegratedComponent:182 - Modes not found for component STMicroelectronics:USB_DEVICE:1.0.0:STMicroelectronics:USB::USB Device:CDC HS::1.0:USB_DEVICE_1_0_RESTRICTED_HS
2023-09-27 18:30:54,998 [WARN] ModelIntegratedComponent:188 - Modes not found for component STMicroelectronics:USB_DEVICE:1.0.0:STMicroelectronics:USB::USB Device:CDC HS::1.0:USB_DEVICE_1_0_RESTRICTED_HS
2023-09-27 18:30:54,998 [WARN] ModelIntegratedComponent:182 - Modes not found for component STMicroelectronics:USB_DEVICE:1.0.0:STMicroelectronics:USB::USB Device:DFU HS::1.0:USB_DEVICE_1_0_RESTRICTED_HS
2023-09-27 18:30:54,998 [WARN] ModelIntegratedComponent:188 - Modes not found for component STMicroelectronics:USB_DEVICE:1.0.0:STMicroelectronics:USB::USB Device:DFU HS::1.0:USB_DEVICE_1_0_RESTRICTED_HS
2023-09-27 18:30:54,998 [WARN] ModelIntegratedComponent:182 - Modes not found for component STMicroelectronics:USB_DEVICE:1.0.0:STMicroelectronics:USB::USB Device:HID HS::1.0:USB_DEVICE_1_0_RESTRICTED_HS
2023-09-27 18:30:54,998 [WARN] ModelIntegratedComponent:188 - Modes not found for component STMicroelectronics:USB_DEVICE:1.0.0:STMicroelectronics:USB::USB Device:HID HS::1.0:USB_DEVICE_1_0_RESTRICTED_HS
2023-09-27 18:30:54,999 [WARN] ModelIntegratedComponent:182 - Modes not found for component STMicroelectronics:USB_DEVICE:1.0.0:STMicroelectronics:USB::USB Device:Custom HID HS::1.0:USB_DEVICE_1_0_RESTRICTED_HS
2023-09-27 18:30:54,999 [WARN] ModelIntegratedComponent:188 - Modes not found for component STMicroelectronics:USB_DEVICE:1.0.0:STMicroelectronics:USB::USB Device:Custom HID HS::1.0:USB_DEVICE_1_0_RESTRICTED_HS
2023-09-27 18:30:54,999 [WARN] ModelIntegratedComponent:182 - Modes not found for component STMicroelectronics:USB_DEVICE:1.0.0:STMicroelectronics:USB::USB Device:MSC HS::1.0:USB_DEVICE_1_0_RESTRICTED_HS
2023-09-27 18:30:54,999 [WARN] ModelIntegratedComponent:188 - Modes not found for component STMicroelectronics:USB_DEVICE:1.0.0:STMicroelectronics:USB::USB Device:MSC HS::1.0:USB_DEVICE_1_0_RESTRICTED_HS
2023-09-27 18:30:55,075 [WARN] ModelIntegratedComponent:182 - Modes not found for component STMicroelectronics:USB_HOST:1.0.0:STMicroelectronics:USB::USB Host:Audio HS::1.0:USB_HOST_1_0_RESTRICTED_HS
2023-09-27 18:30:55,075 [WARN] ModelIntegratedComponent:188 - Modes not found for component STMicroelectronics:USB_HOST:1.0.0:STMicroelectronics:USB::USB Host:Audio HS::1.0:USB_HOST_1_0_RESTRICTED_HS
2023-09-27 18:30:55,075 [WARN] ModelIntegratedComponent:182 - Modes not found for component STMicroelectronics:USB_HOST:1.0.0:STMicroelectronics:USB::USB Host:CDC HS::1.0:USB_HOST_1_0_RESTRICTED_HS
2023-09-27 18:30:55,075 [WARN] ModelIntegratedComponent:188 - Modes not found for component STMicroelectronics:USB_HOST:1.0.0:STMicroelectronics:USB::USB Host:CDC HS::1.0:USB_HOST_1_0_RESTRICTED_HS
2023-09-27 18:30:55,075 [WARN] ModelIntegratedComponent:182 - Modes not found for component STMicroelectronics:USB_HOST:1.0.0:STMicroelectronics:USB::USB Host:MSC HS::1.0:USB_HOST_1_0_RESTRICTED_HS
2023-09-27 18:30:55,075 [WARN] ModelIntegratedComponent:188 - Modes not found for component STMicroelectronics:USB_HOST:1.0.0:STMicroelectronics:USB::USB Host:MSC HS::1.0:USB_HOST_1_0_RESTRICTED_HS
2023-09-27 18:30:55,075 [WARN] ModelIntegratedComponent:182 - Modes not found for component STMicroelectronics:USB_HOST:1.0.0:STMicroelectronics:USB::USB Host:HID HS::1.0:USB_HOST_1_0_RESTRICTED_HS
2023-09-27 18:30:55,075 [WARN] ModelIntegratedComponent:188 - Modes not found for component STMicroelectronics:USB_HOST:1.0.0:STMicroelectronics:USB::USB Host:HID HS::1.0:USB_HOST_1_0_RESTRICTED_HS
2023-09-27 18:30:55,075 [WARN] ModelIntegratedComponent:182 - Modes not found for component STMicroelectronics:USB_HOST:1.0.0:STMicroelectronics:USB::USB Host:MTP HS::1.0:USB_HOST_1_0_RESTRICTED_HS
2023-09-27 18:30:55,075 [WARN] ModelIntegratedComponent:188 - Modes not found for component STMicroelectronics:USB_HOST:1.0.0:STMicroelectronics:USB::USB Host:MTP HS::1.0:USB_HOST_1_0_RESTRICTED_HS
2023-09-27 18:30:55,172 [INFO] ThirdPartyModel:298 - Start build external matchings
2023-09-27 18:30:56,565 [INFO] ThirdPartyModel:316 - End build external matchings
2023-09-27 18:30:56,618 [INFO] ImportTextPane:194 - (OptionalMessage_ERROR) IP (DMA) : Parameter (Instance) has Id (ADC1) currently not set
2023-09-27 18:30:56,618 [INFO] ImportTextPane:194 - (OptionalMessage_ERROR) IP (DMA) : Parameter (Channel) has Id (ADC1) currently not set
2023-09-27 18:30:56,618 [INFO] ImportTextPane:194 - (OptionalMessage_ERROR) IP (DMA) : Parameter (Direction) has Id (ADC1) currently not set
2023-09-27 18:30:56,619 [INFO] ImportTextPane:194 - (OptionalMessage_ERROR) IP (DMA) : Parameter (PeriphInc) has Id (ADC1) currently not set
2023-09-27 18:30:56,619 [INFO] ImportTextPane:194 - (OptionalMessage_ERROR) IP (DMA) : Parameter (MemInc) has Id (ADC1) currently not set
2023-09-27 18:30:56,619 [INFO] ImportTextPane:194 - (OptionalMessage_ERROR) IP (DMA) : Parameter (PeriphDataAlignment) has Id (ADC1) currently not set
2023-09-27 18:30:56,619 [INFO] ImportTextPane:194 - (OptionalMessage_ERROR) IP (DMA) : Parameter (MemDataAlignment) has Id (ADC1) currently not set
2023-09-27 18:30:56,619 [INFO] ImportTextPane:194 - (OptionalMessage_ERROR) IP (DMA) : Parameter (Mode) has Id (ADC1) currently not set
2023-09-27 18:30:56,619 [INFO] ImportTextPane:194 - (OptionalMessage_ERROR) IP (DMA) : Parameter (Priority) has Id (ADC1) currently not set
2023-09-27 18:30:56,619 [INFO] ImportTextPane:194 - (OptionalMessage_ERROR) IP (DMA) : Parameter (FIFOMode) has Id (ADC1) currently not set
2023-09-27 18:30:56,620 [INFO] ImportTextPane:194 - (OptionalMessage_ERROR) IP (DMA) : Parameter (FIFOThreshold) has Id (ADC1) currently not set
2023-09-27 18:30:56,620 [INFO] ImportTextPane:194 - (OptionalMessage_ERROR) IP (DMA) : Parameter (FIFOThreshold) has invalid value (null)
2023-09-27 18:30:56,621 [INFO] ImportTextPane:194 - (OptionalMessage_ERROR) IP (DMA) : Parameter (MemBurst) has Id (ADC1) currently not set
2023-09-27 18:30:56,621 [INFO] ImportTextPane:194 - (OptionalMessage_ERROR) IP (DMA) : Parameter (MemBurst) has invalid value (null)
2023-09-27 18:30:56,621 [INFO] ImportTextPane:194 - (OptionalMessage_ERROR) IP (DMA) : Parameter (PeriphBurst) has Id (ADC1) currently not set
2023-09-27 18:30:56,622 [INFO] ImportTextPane:194 - (OptionalMessage_ERROR) IP (DMA) : Parameter (PeriphBurst) has invalid value (null)
2023-09-27 18:30:56,629 [INFO] ImportTextPane:194 - (OptionalMessage_ERROR) IP (RCC) : Parameter (RTCHSEDivFreq_Value) has invalid value (12500000)
2023-09-27 18:30:56,919 [INFO] UtilMem:75 - End LoadConfig() Used Memory: 628483072 Bytes (1073741824)
2023-09-27 18:30:57,194 [WARN] ThirdParty:833 - waiting for thirdparty lock release [change project]
2023-09-27 18:30:57,194 [INFO] ThirdParty:835 - entering critical section [change project]
2023-09-27 18:30:57,194 [INFO] ThirdParty:1030 - CMSIS Pack Vendor :STMicroelectronics X-CUBE-GNSS1 6.0.0
2023-09-27 18:30:57,195 [INFO] ThirdParty:1030 - CMSIS Pack Vendor :STMicroelectronics USB_HOST 2.0.0
2023-09-27 18:30:57,195 [INFO] ThirdParty:1030 - CMSIS Pack Vendor :STMicroelectronics X-CUBE-AZRTOS-F4 1.1.0
2023-09-27 18:30:57,195 [INFO] ThirdParty:1030 - CMSIS Pack Vendor :STMicroelectronics LIBJPEG 8.0.0
2023-09-27 18:30:57,195 [INFO] ThirdParty:1030 - CMSIS Pack Vendor :STMicroelectronics X-CUBE-SMBUS 2.1.0
2023-09-27 18:30:57,195 [INFO] ThirdParty:1030 - CMSIS Pack Vendor :STMicroelectronics X-CUBE-BLEMGR 1.2.0
2023-09-27 18:30:57,195 [INFO] ThirdParty:1030 - CMSIS Pack Vendor :STMicroelectronics X-CUBE-AZRTOS-F7 1.1.0
2023-09-27 18:30:57,195 [INFO] ThirdParty:1030 - CMSIS Pack Vendor :STMicroelectronics X-CUBE-AZRTOS-L5 2.0.0
2023-09-27 18:30:57,195 [INFO] ThirdParty:1030 - CMSIS Pack Vendor :STMicroelectronics USB_DEVICE 2.0.0
2023-09-27 18:30:57,195 [INFO] ThirdParty:1030 - CMSIS Pack Vendor :STMicroelectronics X-CUBE-MEMS1 9.6.0
2023-09-27 18:30:57,196 [INFO] ThirdParty:1030 - CMSIS Pack Vendor :STMicroelectronics FP-SNS-MOTENV1 4.3.0
2023-09-27 18:30:57,196 [INFO] ThirdParty:1030 - CMSIS Pack Vendor :STMicroelectronics FP-SNS-MOTENV1 4.3.2
2023-09-27 18:30:57,196 [INFO] ThirdParty:1030 - CMSIS Pack Vendor :STMicroelectronics FP-SNS-FLIGHT1 5.0.0
2023-09-27 18:30:57,196 [INFO] ThirdParty:1030 - CMSIS Pack Vendor :STMicroelectronics FP-SNS-MOTENV1 4.3.1
2023-09-27 18:30:57,196 [INFO] ThirdParty:1030 - CMSIS Pack Vendor :STMicroelectronics FP-SNS-FLIGHT1 5.0.1
2023-09-27 18:30:57,196 [INFO] ThirdParty:1030 - CMSIS Pack Vendor :STMicroelectronics X-CUBE-BLE1 6.2.3
2023-09-27 18:30:57,196 [INFO] ThirdParty:1030 - CMSIS Pack Vendor :STMicroelectronics X-CUBE-BLE1 6.2.4
2023-09-27 18:30:57,197 [INFO] ThirdParty:1030 - CMSIS Pack Vendor :STMicroelectronics FreeRTOS 0.0.1
2023-09-27 18:30:57,197 [INFO] ThirdParty:1030 - CMSIS Pack Vendor :STMicroelectronics X-CUBE-BLEMGR 2.0.0
2023-09-27 18:30:57,197 [INFO] ThirdParty:1030 - CMSIS Pack Vendor :STMicroelectronics FP-SNS-FLIGHT1 5.0.2
2023-09-27 18:30:57,197 [INFO] ThirdParty:1030 - CMSIS Pack Vendor :STMicroelectronics X-CUBE-NFC4 2.0.5
2023-09-27 18:30:57,197 [INFO] ThirdParty:1030 - CMSIS Pack Vendor :STMicroelectronics X-CUBE-NFC4 2.0.4
2023-09-27 18:30:57,197 [INFO] ThirdParty:1030 - CMSIS Pack Vendor :STMicroelectronics X-CUBE-AZRTOS-H7 3.1.0
2023-09-27 18:30:57,197 [INFO] ThirdParty:1030 - CMSIS Pack Vendor :STMicroelectronics PDM2PCM 3.3.0
2023-09-27 18:30:57,197 [INFO] ThirdParty:1030 - CMSIS Pack Vendor :STMicroelectronics X-CUBE-TOF1 3.1.0
2023-09-27 18:30:57,197 [INFO] ThirdParty:1030 - CMSIS Pack Vendor :STMicroelectronics X-CUBE-DISPLAY 3.0.0
2023-09-27 18:30:57,197 [INFO] ThirdParty:1030 - CMSIS Pack Vendor :STMicroelectronics X-CUBE-BLE1 7.0.0
2023-09-27 18:30:57,197 [INFO] ThirdParty:1030 - CMSIS Pack Vendor :wolfSSL I-CUBE-wolfSSL 5.5.0
2023-09-27 18:30:57,198 [INFO] ThirdParty:1030 - CMSIS Pack Vendor :STMicroelectronics HAL Drivers 0.0.0
2023-09-27 18:30:57,198 [INFO] ThirdParty:1030 - CMSIS Pack Vendor :STMicroelectronics X-CUBE-TOUCHGFX 4.22.0
2023-09-27 18:30:57,198 [INFO] ThirdParty:1030 - CMSIS Pack Vendor :STMicroelectronics X-CUBE-NFC7 1.0.1
2023-09-27 18:30:57,198 [INFO] ThirdParty:1030 - CMSIS Pack Vendor :STMicroelectronics MBEDTLS 2.14.1
2023-09-27 18:30:57,198 [INFO] ThirdParty:1030 - CMSIS Pack Vendor :STMicroelectronics X-CUBE-NFC7 1.0.0
2023-09-27 18:30:57,198 [INFO] ThirdParty:1030 - CMSIS Pack Vendor :STMicroelectronics X-CUBE-NFC6 3.0.0
2023-09-27 18:30:57,198 [INFO] ThirdParty:1030 - CMSIS Pack Vendor :STMicroelectronics X-CUBE-MEMS1 9.3.0
2023-09-27 18:30:57,198 [INFO] ThirdParty:1030 - CMSIS Pack Vendor :STMicroelectronics X-CUBE-EEPRMA1 4.1.0
2023-09-27 18:30:57,198 [INFO] ThirdParty:1030 - CMSIS Pack Vendor :STMicroelectronics X-CUBE-AI 7.2.0
2023-09-27 18:30:57,198 [INFO] ThirdParty:1030 - CMSIS Pack Vendor :STMicroelectronics FP-SNS-SMARTAG2 1.2.0
2023-09-27 18:30:57,198 [INFO] ThirdParty:1030 - CMSIS Pack Vendor :STMicroelectronics X-CUBE-AZRTOS-WL 2.0.0
2023-09-27 18:30:57,198 [INFO] ThirdParty:1030 - CMSIS Pack Vendor :STMicroelectronics USB_DEVICE 1.0.0
2023-09-27 18:30:57,198 [INFO] ThirdParty:1030 - CMSIS Pack Vendor :STMicroelectronics X-CUBE-AI 8.1.0
2023-09-27 18:30:57,198 [INFO] ThirdParty:1030 - CMSIS Pack Vendor :STMicroelectronics X-CUBE-AZRTOS-L4 2.0.0
2023-09-27 18:30:57,198 [INFO] ThirdParty:1030 - CMSIS Pack Vendor :STMicroelectronics ThreadX 0.0.2
2023-09-27 18:30:57,199 [INFO] ThirdParty:1030 - CMSIS Pack Vendor :WES I-CUBE-Cesium 1.3.0
2023-09-27 18:30:57,199 [INFO] ThirdParty:1030 - CMSIS Pack Vendor :STMicroelectronics lwIP 2.1.2
2023-09-27 18:30:57,199 [INFO] ThirdParty:1030 - CMSIS Pack Vendor :STMicroelectronics X-CUBE-SFXS2LP1 4.0.0
2023-09-27 18:30:57,199 [INFO] ThirdParty:1030 - CMSIS Pack Vendor :STMicroelectronics X-CUBE-BLE2 3.3.0
2023-09-27 18:30:57,199 [INFO] ThirdParty:1030 - CMSIS Pack Vendor :STMicroelectronics X-CUBE-DISPLAY 2.2.0
2023-09-27 18:30:57,199 [INFO] ThirdParty:1030 - CMSIS Pack Vendor :STMicroelectronics X-CUBE-TOF1 3.2.0
2023-09-27 18:30:57,199 [INFO] ThirdParty:1030 - CMSIS Pack Vendor :STMicroelectronics PDM2PCM 3.2.0
2023-09-27 18:30:57,199 [INFO] ThirdParty:1030 - CMSIS Pack Vendor :STMicroelectronics X-CUBE-AZRTOS-H7 3.0.0
2023-09-27 18:30:57,199 [INFO] ThirdParty:1030 - CMSIS Pack Vendor :STMicroelectronics X-CUBE-ISPU 1.0.0
2023-09-27 18:30:57,199 [INFO] ThirdParty:1030 - CMSIS Pack Vendor :STMicroelectronics X-CUBE-ISPU 1.1.0
2023-09-27 18:30:57,200 [INFO] ThirdParty:1030 - CMSIS Pack Vendor :RoweBots I-CUBE-UNISONRTOS 5.5.0-4
2023-09-27 18:30:57,200 [INFO] ThirdParty:1030 - CMSIS Pack Vendor :STMicroelectronics X-CUBE-AZRTOS-H7 2.1.0
2023-09-27 18:30:57,200 [INFO] ThirdParty:1030 - CMSIS Pack Vendor :STMicroelectronics USB_DEVICE 3.0.0
2023-09-27 18:30:57,200 [INFO] ThirdParty:1030 - CMSIS Pack Vendor :STMicroelectronics X-CUBE-AI 8.0.0
2023-09-27 18:30:57,200 [INFO] ThirdParty:1030 - CMSIS Pack Vendor :STMicroelectronics X-CUBE-AZRTOS-WB 2.0.0
2023-09-27 18:30:57,200 [INFO] ThirdParty:1030 - CMSIS Pack Vendor :STMicroelectronics X-CUBE-FREERTOS 1.0.0
2023-09-27 18:30:57,200 [INFO] ThirdParty:1030 - CMSIS Pack Vendor :STMicroelectronics X-CUBE-FREERTOS 1.0.1
2023-09-27 18:30:57,200 [INFO] ThirdParty:1030 - CMSIS Pack Vendor :STMicroelectronics X-CUBE-TOUCHGFX 4.21.1
2023-09-27 18:30:57,201 [INFO] ThirdParty:1030 - CMSIS Pack Vendor :STMicroelectronics X-CUBE-TOUCHGFX 4.21.0
2023-09-27 18:30:57,201 [INFO] ThirdParty:1030 - CMSIS Pack Vendor :STMicroelectronics X-CUBE-TOUCHGFX 4.21.3
2023-09-27 18:30:57,201 [INFO] ThirdParty:1030 - CMSIS Pack Vendor :STMicroelectronics X-CUBE-BLEMGR 1.0.0
2023-09-27 18:30:57,201 [INFO] ThirdParty:1030 - CMSIS Pack Vendor :STMicroelectronics X-CUBE-TOUCHGFX 4.21.4
2023-09-27 18:30:57,201 [INFO] ThirdParty:1030 - CMSIS Pack Vendor :STMicroelectronics X-CUBE-MEMS1 9.4.0
2023-09-27 18:30:57,202 [INFO] ThirdParty:1030 - CMSIS Pack Vendor :STMicroelectronics X-CUBE-AI 7.3.0
2023-09-27 18:30:57,202 [INFO] ThirdParty:1030 - CMSIS Pack Vendor :STMicroelectronics X-CUBE-ALGOBUILD 1.3.0
2023-09-27 18:30:57,202 [INFO] ThirdParty:1030 - CMSIS Pack Vendor :STMicroelectronics X-CUBE-AZRTOS-L5 1.1.0
2023-09-27 18:30:57,203 [INFO] ThirdParty:1030 - CMSIS Pack Vendor :STMicroelectronics X-CUBE-AZRTOS-G0 1.1.0
2023-09-27 18:30:57,203 [INFO] ThirdParty:1030 - CMSIS Pack Vendor :STMicroelectronics X-CUBE-AI 8.0.1
2023-09-27 18:30:57,203 [INFO] ThirdParty:1030 - CMSIS Pack Vendor :STMicroelectronics X-CUBE-NFC4 3.0.0
2023-09-27 18:30:57,203 [INFO] ThirdParty:1030 - CMSIS Pack Vendor :SEGGER I-CUBE-embOS 1.2.0
2023-09-27 18:30:57,203 [INFO] ThirdParty:1030 - CMSIS Pack Vendor :STMicroelectronics X-CUBE-SUBG2 5.0.0
2023-09-27 18:30:57,203 [INFO] ThirdParty:1030 - CMSIS Pack Vendor :STMicroelectronics STM32_WPAN 1.0.0
2023-09-27 18:30:57,203 [INFO] ThirdParty:1030 - CMSIS Pack Vendor :STMicroelectronics lwIP 2.0.3
2023-09-27 18:30:57,204 [INFO] ThirdParty:1030 - CMSIS Pack Vendor :STMicroelectronics USB_HOST 1.0.0
2023-09-27 18:30:57,204 [INFO] ThirdParty:1030 - CMSIS Pack Vendor :STMicroelectronics X-CUBE-TOF1 3.3.1
2023-09-27 18:30:57,204 [INFO] ThirdParty:1030 - CMSIS Pack Vendor :STMicroelectronics X-CUBE-AZRTOS-G4 2.0.0
2023-09-27 18:30:57,204 [INFO] ThirdParty:1030 - CMSIS Pack Vendor :STMicroelectronics PDM2PCM 3.1.0
2023-09-27 18:30:57,204 [INFO] ThirdParty:1030 - CMSIS Pack Vendor :STMicroelectronics X-CUBE-TOF1 3.3.0
2023-09-27 18:30:57,204 [INFO] ThirdParty:1030 - CMSIS Pack Vendor :STMicroelectronics FP-ATR-ASTRA1 1.1.1
2023-09-27 18:30:57,204 [INFO] ThirdParty:1030 - CMSIS Pack Vendor :STMicroelectronics X-CUBE-BLEMGR 1.3.0
2023-09-27 18:30:57,204 [INFO] ThirdParty:1030 - CMSIS Pack Vendor :STMicroelectronics FP-ATR-SIGFOX1 3.2.0
2023-09-27 18:30:57,204 [INFO] ThirdParty:1030 - CMSIS Pack Vendor :STMicroelectronics X-CUBE-AZRTOS-G4 1.0.0
2023-09-27 18:30:57,204 [INFO] ThirdParty:1030 - CMSIS Pack Vendor :STMicroelectronics X-CUBE-AZRTOS-L4 1.0.0
2023-09-27 18:30:57,205 [INFO] ThirdParty:1030 - CMSIS Pack Vendor :STMicroelectronics MBEDTLS 2.16.2
2023-09-27 18:30:57,205 [INFO] ThirdParty:1030 - CMSIS Pack Vendor :emotas I-CUBE-CANOPEN 1.1.2
2023-09-27 18:30:57,205 [INFO] ThirdParty:1030 - CMSIS Pack Vendor :STMicroelectronics X-CUBE-TOUCHGFX 4.20.0
2023-09-27 18:30:57,205 [INFO] ThirdParty:1030 - CMSIS Pack Vendor :STMicroelectronics X-CUBE-FREERTOS 1.1.0
2023-09-27 18:30:57,205 [INFO] ThirdParty:1030 - CMSIS Pack Vendor :STMicroelectronics X-CUBE-AZRTOS-WL 1.0.0
2023-09-27 18:30:57,205 [INFO] ThirdParty:1030 - CMSIS Pack Vendor :portGmbH I-Cube-SoM-uGOAL 1.1.0
2023-09-27 18:30:57,205 [INFO] ThirdParty:1030 - CMSIS Pack Vendor :STMicroelectronics X-CUBE-ALS 1.0.1
2023-09-27 18:30:57,205 [INFO] ThirdParty:1030 - CMSIS Pack Vendor :STMicroelectronics X-CUBE-MEMS1 9.5.0
2023-09-27 18:30:57,205 [INFO] ThirdParty:1030 - CMSIS Pack Vendor :STMicroelectronics ThreadX 1.0.0
2023-09-27 18:30:57,205 [INFO] ThirdParty:1030 - CMSIS Pack Vendor :STMicroelectronics X-CUBE-AZRTOS-WB 1.1.0
2023-09-27 18:30:57,205 [INFO] ThirdParty:1030 - CMSIS Pack Vendor :SEGGER I-CUBE-embOS 1.3.1
2023-09-27 18:30:57,206 [INFO] ThirdParty:1030 - CMSIS Pack Vendor :STMicroelectronics X-CUBE-AZRTOS-L5 1.0.0
2023-09-27 18:30:57,206 [INFO] ThirdParty:1030 - CMSIS Pack Vendor :STMicroelectronics X-CUBE-EEPRMA1 3.1.1
2023-09-27 18:30:57,206 [INFO] ThirdParty:1030 - CMSIS Pack Vendor :STMicroelectronics FP-ATR-ASTRA1 2.0.0
2023-09-27 18:30:57,206 [INFO] ThirdParty:841 - exiting critical section [change project]
2023-09-27 18:30:57,617 [INFO] PinOutPanel:1499 - setPackage(No Configuration,No Configuration)
2023-09-27 18:30:57,619 [INFO] PinOutPanel:1499 - setPackage(STM32F411RETx,LQFP64)
2023-09-27 18:30:58,383 [INFO] UtilMem:75 - Before build in PCC Used Memory: 630347800 Bytes (1073741824)
2023-09-27 18:30:59,345 [INFO] UtilMem:75 - After build in PCC Used Memory: 795755688 Bytes (1073741824)
2023-09-27 18:30:59,378 [INFO] IPUIPlugin:80 - create IPUIPlugin
2023-09-27 18:30:59,379 [INFO] IPUIPlugin:80 - create IPUIPlugin
2023-09-27 18:30:59,379 [INFO] IPUIPlugin:80 - create IPUIPlugin
2023-09-27 18:30:59,379 [INFO] IPUIPlugin:80 - create IPUIPlugin
2023-09-27 18:30:59,380 [INFO] IPUIPlugin:80 - create IPUIPlugin
2023-09-27 18:30:59,380 [INFO] IPUIPlugin:80 - create IPUIPlugin
2023-09-27 18:30:59,380 [INFO] IPUIPlugin:80 - create IPUIPlugin
2023-09-27 18:30:59,380 [INFO] IPUIPlugin:80 - create IPUIPlugin
2023-09-27 18:30:59,380 [INFO] IPUIPlugin:80 - create IPUIPlugin
2023-09-27 18:30:59,381 [INFO] IPUIPlugin:80 - create IPUIPlugin
2023-09-27 18:30:59,381 [INFO] IPUIPlugin:80 - create IPUIPlugin
2023-09-27 18:30:59,381 [INFO] IPUIPlugin:80 - create IPUIPlugin
2023-09-27 18:30:59,382 [INFO] IPUIPlugin:80 - create IPUIPlugin
2023-09-27 18:30:59,382 [INFO] IPUIPlugin:80 - create IPUIPlugin
2023-09-27 18:30:59,382 [INFO] IPUIPlugin:80 - create IPUIPlugin
2023-09-27 18:30:59,382 [INFO] IPUIPlugin:80 - create IPUIPlugin
2023-09-27 18:30:59,383 [INFO] IPUIPlugin:80 - create IPUIPlugin
2023-09-27 18:30:59,383 [INFO] IPUIPlugin:80 - create IPUIPlugin
2023-09-27 18:30:59,383 [INFO] IPUIPlugin:80 - create IPUIPlugin
2023-09-27 18:30:59,383 [INFO] IPUIPlugin:80 - create IPUIPlugin
2023-09-27 18:30:59,384 [INFO] IPUIPlugin:80 - create IPUIPlugin
2023-09-27 18:30:59,384 [INFO] IPUIPlugin:80 - create IPUIPlugin
2023-09-27 18:30:59,384 [INFO] IPUIPlugin:80 - create IPUIPlugin
2023-09-27 18:30:59,384 [INFO] IPUIPlugin:80 - create IPUIPlugin
2023-09-27 18:30:59,385 [INFO] IPUIPlugin:80 - create IPUIPlugin
2023-09-27 18:30:59,385 [INFO] IPUIPlugin:80 - create IPUIPlugin
2023-09-27 18:30:59,385 [INFO] IPUIPlugin:80 - create IPUIPlugin
2023-09-27 18:30:59,385 [INFO] IPUIPlugin:80 - create IPUIPlugin
2023-09-27 18:30:59,386 [INFO] IPUIPlugin:80 - create IPUIPlugin
2023-09-27 18:30:59,386 [INFO] IPUIPlugin:80 - create IPUIPlugin
2023-09-27 18:30:59,386 [INFO] IPUIPlugin:80 - create IPUIPlugin
2023-09-27 18:30:59,387 [INFO] IPUIPlugin:80 - create IPUIPlugin
2023-09-27 18:30:59,387 [INFO] IPUIPlugin:80 - create IPUIPlugin
2023-09-27 18:30:59,388 [INFO] IPUIPlugin:80 - create IPUIPlugin
2023-09-27 18:30:59,388 [INFO] IPUIPlugin:80 - create IPUIPlugin
2023-09-27 18:30:59,388 [INFO] IPUIPlugin:80 - create IPUIPlugin
2023-09-27 18:30:59,389 [INFO] IPUIPlugin:80 - create IPUIPlugin
2023-09-27 18:30:59,389 [INFO] IPUIPlugin:80 - create IPUIPlugin
2023-09-27 18:30:59,390 [INFO] IPUIPlugin:80 - create IPUIPlugin
2023-09-27 18:30:59,390 [INFO] IPUIPlugin:80 - create IPUIPlugin
2023-09-27 18:30:59,390 [INFO] IPUIPlugin:80 - create IPUIPlugin
2023-09-27 18:30:59,391 [INFO] IPUIPlugin:80 - create IPUIPlugin
2023-09-27 18:30:59,391 [INFO] IPUIPlugin:80 - create IPUIPlugin
2023-09-27 18:30:59,483 [INFO] ApiDbMcu:507 - Load IP Config File for PDM2PCM
2023-09-27 18:30:59,752 [INFO] CADModel:165 - CPN selected for project levelSTM32F411RET6
2023-09-27 18:30:59,752 [INFO] CADModel:114 - Register for checkConnection events
2023-09-27 18:30:59,803 [INFO] OpenFileManager:328 - Restore cursor
2023-09-27 19:07:31,298 [INFO] UtilMem:75 - End SaveConfig() Used Memory: 569336048 Bytes (1073741824)
2023-09-27 19:07:32,521 [INFO] UtilMem:75 - End SaveConfig() Used Memory: 591878384 Bytes (1073741824)
2023-09-27 19:07:38,655 [INFO] UtilMem:75 - End SaveConfig() Used Memory: 650598640 Bytes (1073741824)
2023-09-27 19:07:39,318 [INFO] BlockDiagram:2759 - set Specific Code input for plugin: RTC
2023-09-27 19:07:39,319 [INFO] BlockDiagram:2759 - set Specific Code input for plugin: NVIC
2023-09-27 19:07:39,319 [INFO] BlockDiagram:2759 - set Specific Code input for plugin: USART
2023-09-27 19:07:39,319 [INFO] BlockDiagram:2759 - set Specific Code input for plugin: DMA
2023-09-27 19:07:39,319 [INFO] BlockDiagram:2759 - set Specific Code input for plugin: SYS
2023-09-27 19:07:39,320 [INFO] BlockDiagram:2759 - set Specific Code input for plugin: GPIO
2023-09-27 19:07:39,320 [INFO] BlockDiagram:2759 - set Specific Code input for plugin: ADC
2023-09-27 19:07:39,320 [INFO] BlockDiagram:2759 - set Specific Code input for plugin: RCC
2023-09-27 19:07:39,322 [INFO] CodeGenerator:793 - code generatio: config db path: C:/Users/Aleksy/.stm32cubemx/databases/DB.6.0.50/db/
2023-09-27 19:07:39,862 [INFO] CodeEngine:255 - oldGeneratedFile, C:\Users\Aleksy\Desktop\thesisproj\thesisSTMworkspace\Thesis_glove\MXTmpFiles\license.tmp_save
2023-09-27 19:07:40,558 [INFO] CodeEngine:279 - Generated code: C:\Users\Aleksy\Desktop\thesisproj\thesisSTMworkspace\Thesis_glove\MXTmpFiles\license.tmp
2023-09-27 19:07:40,693 [INFO] CodeEngine:255 - oldGeneratedFile, C:\Users\Aleksy\Desktop\thesisproj\thesisSTMworkspace\Thesis_glove\Core\Src\gpio.c_save
2023-09-27 19:07:40,858 [INFO] CodeEngine:279 - Generated code: C:\Users\Aleksy\Desktop\thesisproj\thesisSTMworkspace\Thesis_glove\Core\Src\gpio.c
2023-09-27 19:07:40,866 [INFO] CodeEngine:255 - oldGeneratedFile, C:\Users\Aleksy\Desktop\thesisproj\thesisSTMworkspace\Thesis_glove\Core\Inc\gpio.h_save
2023-09-27 19:07:40,981 [INFO] CodeEngine:279 - Generated code: C:\Users\Aleksy\Desktop\thesisproj\thesisSTMworkspace\Thesis_glove\Core\Inc\gpio.h
2023-09-27 19:07:41,189 [INFO] CodeEngine:255 - oldGeneratedFile, C:\Users\Aleksy\Desktop\thesisproj\thesisSTMworkspace\Thesis_glove\Core\Src\adc.c_save
2023-09-27 19:07:41,362 [INFO] CodeEngine:279 - Generated code: C:\Users\Aleksy\Desktop\thesisproj\thesisSTMworkspace\Thesis_glove\Core\Src\adc.c
2023-09-27 19:07:41,376 [INFO] CodeEngine:255 - oldGeneratedFile, C:\Users\Aleksy\Desktop\thesisproj\thesisSTMworkspace\Thesis_glove\Core\Inc\adc.h_save
2023-09-27 19:07:41,480 [INFO] CodeEngine:279 - Generated code: C:\Users\Aleksy\Desktop\thesisproj\thesisSTMworkspace\Thesis_glove\Core\Inc\adc.h
2023-09-27 19:07:41,513 [INFO] CodeEngine:255 - oldGeneratedFile, C:\Users\Aleksy\Desktop\thesisproj\thesisSTMworkspace\Thesis_glove\Core\Src\dma.c_save
2023-09-27 19:07:41,645 [INFO] CodeEngine:279 - Generated code: C:\Users\Aleksy\Desktop\thesisproj\thesisSTMworkspace\Thesis_glove\Core\Src\dma.c
2023-09-27 19:07:41,654 [INFO] CodeEngine:255 - oldGeneratedFile, C:\Users\Aleksy\Desktop\thesisproj\thesisSTMworkspace\Thesis_glove\Core\Inc\dma.h_save
2023-09-27 19:07:41,788 [INFO] CodeEngine:279 - Generated code: C:\Users\Aleksy\Desktop\thesisproj\thesisSTMworkspace\Thesis_glove\Core\Inc\dma.h
2023-09-27 19:07:41,806 [INFO] CodeEngine:255 - oldGeneratedFile, C:\Users\Aleksy\Desktop\thesisproj\thesisSTMworkspace\Thesis_glove\Core\Src\rtc.c_save
2023-09-27 19:07:41,945 [INFO] CodeEngine:279 - Generated code: C:\Users\Aleksy\Desktop\thesisproj\thesisSTMworkspace\Thesis_glove\Core\Src\rtc.c
2023-09-27 19:07:41,953 [INFO] CodeEngine:255 - oldGeneratedFile, C:\Users\Aleksy\Desktop\thesisproj\thesisSTMworkspace\Thesis_glove\Core\Inc\rtc.h_save
2023-09-27 19:07:42,050 [INFO] CodeEngine:279 - Generated code: C:\Users\Aleksy\Desktop\thesisproj\thesisSTMworkspace\Thesis_glove\Core\Inc\rtc.h
2023-09-27 19:07:42,070 [INFO] CodeEngine:255 - oldGeneratedFile, C:\Users\Aleksy\Desktop\thesisproj\thesisSTMworkspace\Thesis_glove\Core\Src\usart.c_save
2023-09-27 19:07:42,196 [INFO] CodeEngine:279 - Generated code: C:\Users\Aleksy\Desktop\thesisproj\thesisSTMworkspace\Thesis_glove\Core\Src\usart.c
2023-09-27 19:07:42,203 [INFO] CodeEngine:255 - oldGeneratedFile, C:\Users\Aleksy\Desktop\thesisproj\thesisSTMworkspace\Thesis_glove\Core\Inc\usart.h_save
2023-09-27 19:07:42,301 [INFO] CodeEngine:279 - Generated code: C:\Users\Aleksy\Desktop\thesisproj\thesisSTMworkspace\Thesis_glove\Core\Inc\usart.h
2023-09-27 19:07:42,335 [INFO] CodeEngine:255 - oldGeneratedFile, C:\Users\Aleksy\Desktop\thesisproj\thesisSTMworkspace\Thesis_glove\Core\Src\stm32f4xx_it.c_save
2023-09-27 19:07:42,457 [INFO] CodeEngine:279 - Generated code: C:\Users\Aleksy\Desktop\thesisproj\thesisSTMworkspace\Thesis_glove\Core\Src\stm32f4xx_it.c
2023-09-27 19:07:42,466 [INFO] CodeEngine:255 - oldGeneratedFile, C:\Users\Aleksy\Desktop\thesisproj\thesisSTMworkspace\Thesis_glove\Core\Inc\stm32f4xx_it.h_save
2023-09-27 19:07:42,550 [INFO] CodeEngine:279 - Generated code: C:\Users\Aleksy\Desktop\thesisproj\thesisSTMworkspace\Thesis_glove\Core\Inc\stm32f4xx_it.h
2023-09-27 19:07:42,652 [INFO] CodeEngine:255 - oldGeneratedFile, C:\Users\Aleksy\Desktop\thesisproj\thesisSTMworkspace\Thesis_glove\Core\Src\stm32f4xx_hal_msp.c_save
2023-09-27 19:07:42,762 [INFO] CodeEngine:279 - Generated code: C:\Users\Aleksy\Desktop\thesisproj\thesisSTMworkspace\Thesis_glove\Core\Src\stm32f4xx_hal_msp.c
2023-09-27 19:07:42,772 [INFO] CodeEngine:255 - oldGeneratedFile, C:\Users\Aleksy\Desktop\thesisproj\thesisSTMworkspace\Thesis_glove\MXTmpFiles\system.tmp_save
2023-09-27 19:07:42,865 [INFO] CodeEngine:279 - Generated code: C:\Users\Aleksy\Desktop\thesisproj\thesisSTMworkspace\Thesis_glove\MXTmpFiles\system.tmp
2023-09-27 19:07:42,890 [INFO] CodeEngine:311 - oldGeneratedFile, C:\Users\Aleksy\Desktop\thesisproj\thesisSTMworkspace\Thesis_glove\Core\Inc\stm32f4xx_hal_conf.h_save
2023-09-27 19:07:42,997 [INFO] CodeEngine:335 - Generated code: C:\Users\Aleksy\Desktop\thesisproj\thesisSTMworkspace\Thesis_glove\Core\Inc\stm32f4xx_hal_conf.h
2023-09-27 19:07:43,058 [INFO] CodeEngine:255 - oldGeneratedFile, C:\Users\Aleksy\Desktop\thesisproj\thesisSTMworkspace\Thesis_glove\Core\Inc\main.h_save
2023-09-27 19:07:43,155 [INFO] CodeEngine:279 - Generated code: C:\Users\Aleksy\Desktop\thesisproj\thesisSTMworkspace\Thesis_glove\Core\Inc\main.h
2023-09-27 19:07:43,179 [INFO] CodeEngine:255 - oldGeneratedFile, C:\Users\Aleksy\Desktop\thesisproj\thesisSTMworkspace\Thesis_glove\Core\Src\main.c_save
2023-09-27 19:07:43,292 [INFO] CodeEngine:279 - Generated code: C:\Users\Aleksy\Desktop\thesisproj\thesisSTMworkspace\Thesis_glove\Core\Src\main.c
2023-09-27 19:07:44,405 [INFO] ProjectBuilder:2996 - Time for Copy HAL[1] : 373mS.
2023-09-27 19:07:44,422 [INFO] ProjectBuilder:4304 - Project Generator version: 3.19.2
2023-09-27 19:07:44,656 [INFO] ConfigFileManager:1483 - The Die is : DIE431
2023-09-27 19:07:44,672 [INFO] ApiDbMcu:507 - Load IP Config File for FATFS
2023-09-27 19:07:44,681 [INFO] ApiDbMcu:507 - Load IP Config File for FREERTOS
2023-09-27 19:07:44,690 [INFO] ApiDbMcu:507 - Load IP Config File for LIBJPEG
2023-09-27 19:07:44,779 [INFO] ApiDbMcu:507 - Load IP Config File for MBEDTLS
2023-09-27 19:07:44,798 [INFO] ApiDbMcu:507 - Load IP Config File for USB_DEVICE
2023-09-27 19:07:44,813 [INFO] ApiDbMcu:507 - Load IP Config File for USB_HOST
