22:55:06 **** Build of configuration Debug for project Thesis_glove ****
make -j12 all 
arm-none-eabi-gcc -mcpu=cortex-m4 -g3 -DDEBUG -c -x assembler-with-cpp -MMD -MP -MF"EWARM/startup_stm32f411xe.d" -MT"EWARM/startup_stm32f411xe.o" --specs=nano.specs -mfpu=fpv4-sp-d16 -mfloat-abi=hard -mthumb -o "EWARM/startup_stm32f411xe.o" "../EWARM/startup_stm32f411xe.s"
arm-none-eabi-gcc "../Drivers/STM32F4xx_HAL_Driver/Src/stm32f4xx_hal.c" -mcpu=cortex-m4 -std=gnu11 -g3 -DDEBUG -DUSE_HAL_DRIVER -DSTM32F411xE -c -I../../Core/Inc -I../../Drivers/STM32F4xx_HAL_Driver/Inc -I../../Drivers/STM32F4xx_HAL_Driver/Inc/Legacy -I../../Drivers/CMSIS/Device/ST/STM32F4xx/Include -I../../Drivers/CMSIS/Include -O0 -ffunction-sections -fdata-sections -Wall -fstack-usage -fcyclomatic-complexity -MMD -MP -MF"Drivers/STM32F4xx_HAL_Driver/Src/stm32f4xx_hal.d" -MT"Drivers/STM32F4xx_HAL_Driver/Src/stm32f4xx_hal.o" --specs=nano.specs -mfpu=fpv4-sp-d16 -mfloat-abi=hard -mthumb -o "Drivers/STM32F4xx_HAL_Driver/Src/stm32f4xx_hal.o"
arm-none-eabi-gcc "../Drivers/STM32F4xx_HAL_Driver/Src/stm32f4xx_hal_adc.c" -mcpu=cortex-m4 -std=gnu11 -g3 -DDEBUG -DUSE_HAL_DRIVER -DSTM32F411xE -c -I../../Core/Inc -I../../Drivers/STM32F4xx_HAL_Driver/Inc -I../../Drivers/STM32F4xx_HAL_Driver/Inc/Legacy -I../../Drivers/CMSIS/Device/ST/STM32F4xx/Include -I../../Drivers/CMSIS/Include -O0 -ffunction-sections -fdata-sections -Wall -fstack-usage -fcyclomatic-complexity -MMD -MP -MF"Drivers/STM32F4xx_HAL_Driver/Src/stm32f4xx_hal_adc.d" -MT"Drivers/STM32F4xx_HAL_Driver/Src/stm32f4xx_hal_adc.o" --specs=nano.specs -mfpu=fpv4-sp-d16 -mfloat-abi=hard -mthumb -o "Drivers/STM32F4xx_HAL_Driver/Src/stm32f4xx_hal_adc.o"
arm-none-eabi-gcc "../Drivers/STM32F4xx_HAL_Driver/Src/stm32f4xx_hal_adc_ex.c" -mcpu=cortex-m4 -std=gnu11 -g3 -DDEBUG -DUSE_HAL_DRIVER -DSTM32F411xE -c -I../../Core/Inc -I../../Drivers/STM32F4xx_HAL_Driver/Inc -I../../Drivers/STM32F4xx_HAL_Driver/Inc/Legacy -I../../Drivers/CMSIS/Device/ST/STM32F4xx/Include -I../../Drivers/CMSIS/Include -O0 -ffunction-sections -fdata-sections -Wall -fstack-usage -fcyclomatic-complexity -MMD -MP -MF"Drivers/STM32F4xx_HAL_Driver/Src/stm32f4xx_hal_adc_ex.d" -MT"Drivers/STM32F4xx_HAL_Driver/Src/stm32f4xx_hal_adc_ex.o" --specs=nano.specs -mfpu=fpv4-sp-d16 -mfloat-abi=hard -mthumb -o "Drivers/STM32F4xx_HAL_Driver/Src/stm32f4xx_hal_adc_ex.o"
arm-none-eabi-gcc "../Drivers/STM32F4xx_HAL_Driver/Src/stm32f4xx_hal_cortex.c" -mcpu=cortex-m4 -std=gnu11 -g3 -DDEBUG -DUSE_HAL_DRIVER -DSTM32F411xE -c -I../../Core/Inc -I../../Drivers/STM32F4xx_HAL_Driver/Inc -I../../Drivers/STM32F4xx_HAL_Driver/Inc/Legacy -I../../Drivers/CMSIS/Device/ST/STM32F4xx/Include -I../../Drivers/CMSIS/Include -O0 -ffunction-sections -fdata-sections -Wall -fstack-usage -fcyclomatic-complexity -MMD -MP -MF"Drivers/STM32F4xx_HAL_Driver/Src/stm32f4xx_hal_cortex.d" -MT"Drivers/STM32F4xx_HAL_Driver/Src/stm32f4xx_hal_cortex.o" --specs=nano.specs -mfpu=fpv4-sp-d16 -mfloat-abi=hard -mthumb -o "Drivers/STM32F4xx_HAL_Driver/Src/stm32f4xx_hal_cortex.o"
arm-none-eabi-gcc "../Drivers/STM32F4xx_HAL_Driver/Src/stm32f4xx_hal_dma.c" -mcpu=cortex-m4 -std=gnu11 -g3 -DDEBUG -DUSE_HAL_DRIVER -DSTM32F411xE -c -I../../Core/Inc -I../../Drivers/STM32F4xx_HAL_Driver/Inc -I../../Drivers/STM32F4xx_HAL_Driver/Inc/Legacy -I../../Drivers/CMSIS/Device/ST/STM32F4xx/Include -I../../Drivers/CMSIS/Include -O0 -ffunction-sections -fdata-sections -Wall -fstack-usage -fcyclomatic-complexity -MMD -MP -MF"Drivers/STM32F4xx_HAL_Driver/Src/stm32f4xx_hal_dma.d" -MT"Drivers/STM32F4xx_HAL_Driver/Src/stm32f4xx_hal_dma.o" --specs=nano.specs -mfpu=fpv4-sp-d16 -mfloat-abi=hard -mthumb -o "Drivers/STM32F4xx_HAL_Driver/Src/stm32f4xx_hal_dma.o"
arm-none-eabi-gcc "../Drivers/STM32F4xx_HAL_Driver/Src/stm32f4xx_hal_dma_ex.c" -mcpu=cortex-m4 -std=gnu11 -g3 -DDEBUG -DUSE_HAL_DRIVER -DSTM32F411xE -c -I../../Core/Inc -I../../Drivers/STM32F4xx_HAL_Driver/Inc -I../../Drivers/STM32F4xx_HAL_Driver/Inc/Legacy -I../../Drivers/CMSIS/Device/ST/STM32F4xx/Include -I../../Drivers/CMSIS/Include -O0 -ffunction-sections -fdata-sections -Wall -fstack-usage -fcyclomatic-complexity -MMD -MP -MF"Drivers/STM32F4xx_HAL_Driver/Src/stm32f4xx_hal_dma_ex.d" -MT"Drivers/STM32F4xx_HAL_Driver/Src/stm32f4xx_hal_dma_ex.o" --specs=nano.specs -mfpu=fpv4-sp-d16 -mfloat-abi=hard -mthumb -o "Drivers/STM32F4xx_HAL_Driver/Src/stm32f4xx_hal_dma_ex.o"
arm-none-eabi-gcc "../Drivers/STM32F4xx_HAL_Driver/Src/stm32f4xx_hal_exti.c" -mcpu=cortex-m4 -std=gnu11 -g3 -DDEBUG -DUSE_HAL_DRIVER -DSTM32F411xE -c -I../../Core/Inc -I../../Drivers/STM32F4xx_HAL_Driver/Inc -I../../Drivers/STM32F4xx_HAL_Driver/Inc/Legacy -I../../Drivers/CMSIS/Device/ST/STM32F4xx/Include -I../../Drivers/CMSIS/Include -O0 -ffunction-sections -fdata-sections -Wall -fstack-usage -fcyclomatic-complexity -MMD -MP -MF"Drivers/STM32F4xx_HAL_Driver/Src/stm32f4xx_hal_exti.d" -MT"Drivers/STM32F4xx_HAL_Driver/Src/stm32f4xx_hal_exti.o" --specs=nano.specs -mfpu=fpv4-sp-d16 -mfloat-abi=hard -mthumb -o "Drivers/STM32F4xx_HAL_Driver/Src/stm32f4xx_hal_exti.o"
arm-none-eabi-gcc "../Drivers/STM32F4xx_HAL_Driver/Src/stm32f4xx_hal_flash.c" -mcpu=cortex-m4 -std=gnu11 -g3 -DDEBUG -DUSE_HAL_DRIVER -DSTM32F411xE -c -I../../Core/Inc -I../../Drivers/STM32F4xx_HAL_Driver/Inc -I../../Drivers/STM32F4xx_HAL_Driver/Inc/Legacy -I../../Drivers/CMSIS/Device/ST/STM32F4xx/Include -I../../Drivers/CMSIS/Include -O0 -ffunction-sections -fdata-sections -Wall -fstack-usage -fcyclomatic-complexity -MMD -MP -MF"Drivers/STM32F4xx_HAL_Driver/Src/stm32f4xx_hal_flash.d" -MT"Drivers/STM32F4xx_HAL_Driver/Src/stm32f4xx_hal_flash.o" --specs=nano.specs -mfpu=fpv4-sp-d16 -mfloat-abi=hard -mthumb -o "Drivers/STM32F4xx_HAL_Driver/Src/stm32f4xx_hal_flash.o"
arm-none-eabi-gcc "../Drivers/STM32F4xx_HAL_Driver/Src/stm32f4xx_hal_flash_ex.c" -mcpu=cortex-m4 -std=gnu11 -g3 -DDEBUG -DUSE_HAL_DRIVER -DSTM32F411xE -c -I../../Core/Inc -I../../Drivers/STM32F4xx_HAL_Driver/Inc -I../../Drivers/STM32F4xx_HAL_Driver/Inc/Legacy -I../../Drivers/CMSIS/Device/ST/STM32F4xx/Include -I../../Drivers/CMSIS/Include -O0 -ffunction-sections -fdata-sections -Wall -fstack-usage -fcyclomatic-complexity -MMD -MP -MF"Drivers/STM32F4xx_HAL_Driver/Src/stm32f4xx_hal_flash_ex.d" -MT"Drivers/STM32F4xx_HAL_Driver/Src/stm32f4xx_hal_flash_ex.o" --specs=nano.specs -mfpu=fpv4-sp-d16 -mfloat-abi=hard -mthumb -o "Drivers/STM32F4xx_HAL_Driver/Src/stm32f4xx_hal_flash_ex.o"
arm-none-eabi-gcc "../Drivers/STM32F4xx_HAL_Driver/Src/stm32f4xx_hal_flash_ramfunc.c" -mcpu=cortex-m4 -std=gnu11 -g3 -DDEBUG -DUSE_HAL_DRIVER -DSTM32F411xE -c -I../../Core/Inc -I../../Drivers/STM32F4xx_HAL_Driver/Inc -I../../Drivers/STM32F4xx_HAL_Driver/Inc/Legacy -I../../Drivers/CMSIS/Device/ST/STM32F4xx/Include -I../../Drivers/CMSIS/Include -O0 -ffunction-sections -fdata-sections -Wall -fstack-usage -fcyclomatic-complexity -MMD -MP -MF"Drivers/STM32F4xx_HAL_Driver/Src/stm32f4xx_hal_flash_ramfunc.d" -MT"Drivers/STM32F4xx_HAL_Driver/Src/stm32f4xx_hal_flash_ramfunc.o" --specs=nano.specs -mfpu=fpv4-sp-d16 -mfloat-abi=hard -mthumb -o "Drivers/STM32F4xx_HAL_Driver/Src/stm32f4xx_hal_flash_ramfunc.o"
arm-none-eabi-gcc "../Drivers/STM32F4xx_HAL_Driver/Src/stm32f4xx_hal_gpio.c" -mcpu=cortex-m4 -std=gnu11 -g3 -DDEBUG -DUSE_HAL_DRIVER -DSTM32F411xE -c -I../../Core/Inc -I../../Drivers/STM32F4xx_HAL_Driver/Inc -I../../Drivers/STM32F4xx_HAL_Driver/Inc/Legacy -I../../Drivers/CMSIS/Device/ST/STM32F4xx/Include -I../../Drivers/CMSIS/Include -O0 -ffunction-sections -fdata-sections -Wall -fstack-usage -fcyclomatic-complexity -MMD -MP -MF"Drivers/STM32F4xx_HAL_Driver/Src/stm32f4xx_hal_gpio.d" -MT"Drivers/STM32F4xx_HAL_Driver/Src/stm32f4xx_hal_gpio.o" --specs=nano.specs -mfpu=fpv4-sp-d16 -mfloat-abi=hard -mthumb -o "Drivers/STM32F4xx_HAL_Driver/Src/stm32f4xx_hal_gpio.o"
../Drivers/STM32F4xx_HAL_Driver/Src/stm32f4xx_hal.c:36:10: fatal error: stm32f4xx_hal.h: No such file or directory
   36 | #include "stm32f4xx_hal.h"
      |          ^~~~~~~~~~~~~~~~~
compilation terminated.
../Drivers/STM32F4xx_HAL_Driver/Src/stm32f4xx_hal_adc.c:248:10: fatal error: stm32f4xx_hal.h: No such file or directory
  248 | #include "stm32f4xx_hal.h"
      |          ^~~~~~~~~~~~~~~~~
compilation terminated.
../Drivers/STM32F4xx_HAL_Driver/Src/stm32f4xx_hal_adc_ex.c:86:10: fatal error: stm32f4xx_hal.h: No such file or directory
   86 | #include "stm32f4xx_hal.h"
      |          ^~~~~~~~~~~~~~~~~
compilation terminated.
../Drivers/STM32F4xx_HAL_Driver/Src/stm32f4xx_hal_cortex.c:81:10: fatal error: stm32f4xx_hal.h: No such file or directory
   81 | #include "stm32f4xx_hal.h"
      |          ^~~~~~~~~~~~~~~~~
compilation terminated.
../EWARM/startup_stm32f411xe.s: Assembler messages:
../EWARM/startup_stm32f411xe.s:1: Error: junk at end of line, first unrecognized character is `*'
../EWARM/startup_stm32f411xe.s:2: Error: junk at end of line, first unrecognized character is `*'
../EWARM/startup_stm32f411xe.s:3: Error: junk at end of line, first unrecognized character is `*'
../EWARM/startup_stm32f411xe.s:4: Error: junk at end of line, first unrecognized character is `*'
../EWARM/startup_stm32f411xe.s:5: Error: junk at end of line, first unrecognized character is `*'
../EWARM/startup_stm32f411xe.s:6: Error: junk at end of line, first unrecognized character is `*'
../EWARM/startup_stm32f411xe.s:7: Error: junk at end of line, first unrecognized character is `*'
../EWARM/startup_stm32f411xe.s:8: Error: junk at end of line, first unrecognized character is `*'
../EWARM/startup_stm32f411xe.s:9: Error: junk at end of line, first unrecognized character is `*'
../EWARM/startup_stm32f411xe.s:10: Error: junk at end of line, first unrecognized character is `*'
../EWARM/startup_stm32f411xe.s:11: Error: junk at end of line, first unrecognized character is `*'
../EWARM/startup_stm32f411xe.s:12: Error: junk at end of line, first unrecognized character is `*'
../EWARM/startup_stm32f411xe.s:13: Error: junk at end of line, first unrecognized character is `*'
../EWARM/startup_stm32f411xe.s:14: Error: junk at end of line, first unrecognized character is `*'
../EWARM/startup_stm32f411xe.s:15: Error: junk at end of line, first unrecognized character is `*'
../EWARM/startup_stm32f411xe.s:16: Error: junk at end of line, first unrecognized character is `*'
../EWARM/startup_stm32f411xe.s:17: Error: junk at end of line, first unrecognized character is `*'
../EWARM/startup_stm32f411xe.s:18: Error: junk at end of line, first unrecognized character is `*'
../EWARM/startup_stm32f411xe.s:19: Error: junk at end of line, first unrecognized character is `*'
../EWARM/startup_stm32f411xe.s:20: Error: junk at end of line, first unrecognized character is `*'
../EWARM/startup_stm32f411xe.s:21: Error: junk at end of line, first unrecognized character is `*'
../EWARM/startup_stm32f411xe.s:22: Error: junk at end of line, first unrecognized character is `*'
../EWARM/startup_stm32f411xe.s:23: Error: junk at end of line, first unrecognized character is `*'
../EWARM/startup_stm32f411xe.s:24: Error: junk at end of line, first unrecognized character is `*'
../EWARM/startup_stm32f411xe.s:25: Error: junk at end of line, first unrecognized character is `*'
../EWARM/startup_stm32f411xe.s:28: Error: bad instruction `the modules in this file are included in the libraries,and may be replaced'
../EWARM/startup_stm32f411xe.s:29: Error: bad instruction `by any user-defined modules that define the PUBLIC symbol _program_start or'
../EWARM/startup_stm32f411xe.s:30: Error: bad instruction `a user defined start symbol.'
../EWARM/startup_stm32f411xe.s:31: Error: bad instruction `to override the cstartup defined in the library,simply add your modified'
../EWARM/startup_stm32f411xe.s:32: Error: bad instruction `version to the workbench project.'
../EWARM/startup_stm32f411xe.s:34: Error: bad instruction `the vector table is normally located at address 0.'
../EWARM/startup_stm32f411xe.s:35: Error: bad instruction `when debugging in RAM,it can be located in RAM,aligned to at least 2^6.'
../EWARM/startup_stm32f411xe.s:36: Error: bad instruction `the name "__vector_table"has special meaning for C-SPY:'
../EWARM/startup_stm32f411xe.s:37: Error: condition required -- `it is where the SP start value is found,and the NVIC vector'
../EWARM/startup_stm32f411xe.s:38: Error: bad instruction `table register(VTOR)is initialized to this address if!=0.'
../EWARM/startup_stm32f411xe.s:40: Error: bad instruction `cortex-M version'
../EWARM/startup_stm32f411xe.s:43: Error: bad instruction `module ?cstartup'
../EWARM/startup_stm32f411xe.s:45: Error: bad instruction `forward declaration of sections.'
../EWARM/startup_stm32f411xe.s:46: Error: bad instruction `section CSTACK:DATA:NOROOT(3)'
../EWARM/startup_stm32f411xe.s:48: Error: bad instruction `section .intvec:CODE:NOROOT(2)'
../EWARM/startup_stm32f411xe.s:50: Error: bad instruction `extern __iar_program_start'
../EWARM/startup_stm32f411xe.s:51: Error: bad instruction `extern SystemInit'
../EWARM/startup_stm32f411xe.s:52: Error: bad instruction `public __vector_table'
../EWARM/startup_stm32f411xe.s:54: Error: bad instruction `data'
../EWARM/startup_stm32f411xe.s:55: Error: bad instruction `__vector_table'
../EWARM/startup_stm32f411xe.s:56: Error: bad instruction `dcd sfe(CSTACK)'
../EWARM/startup_stm32f411xe.s:57: Error: bad instruction `dcd Reset_Handler'
../EWARM/startup_stm32f411xe.s:57: Error: bad instruction `reset Handler'
../EWARM/startup_stm32f411xe.s:59: Error: bad instruction `dcd NMI_Handler'
../EWARM/startup_stm32f411xe.s:59: Error: bad instruction `nmi Handler'
../EWARM/startup_stm32f411xe.s:60: Error: bad instruction `dcd HardFault_Handler'
../EWARM/startup_stm32f411xe.s:60: Error: bad instruction `hard Fault Handler'
../EWARM/startup_stm32f411xe.s:61: Error: bad instruction `dcd MemManage_Handler'
../EWARM/startup_stm32f411xe.s:61: Error: bad instruction `mpu Fault Handler'
../EWARM/startup_stm32f411xe.s:62: Error: bad instruction `dcd BusFault_Handler'
../EWARM/startup_stm32f411xe.s:62: Error: bad instruction `bus Fault Handler'
../EWARM/startup_stm32f411xe.s:63: Error: bad instruction `dcd UsageFault_Handler'
../EWARM/startup_stm32f411xe.s:63: Error: bad instruction `usage Fault Handler'
../EWARM/startup_stm32f411xe.s:64: Error: bad instruction `dcd 0'
../EWARM/startup_stm32f411xe.s:64: Error: bad instruction `reserved'
../EWARM/startup_stm32f411xe.s:65: Error: bad instruction `dcd 0'
../EWARM/startup_stm32f411xe.s:65: Error: bad instruction `reserved'
../EWARM/startup_stm32f411xe.s:66: Error: bad instruction `dcd 0'
../EWARM/startup_stm32f411xe.s:66: Error: bad instruction `reserved'
../EWARM/startup_stm32f411xe.s:67: Error: bad instruction `dcd 0'
../EWARM/startup_stm32f411xe.s:67: Error: bad instruction `reserved'
../EWARM/startup_stm32f411xe.s:68: Error: bad instruction `dcd SVC_Handler'
../EWARM/startup_stm32f411xe.s:68: Error: bad instruction `svcall Handler'
../EWARM/startup_stm32f411xe.s:69: Error: bad instruction `dcd DebugMon_Handler'
../EWARM/startup_stm32f411xe.s:69: Error: bad instruction `debug Monitor Handler'
../EWARM/startup_stm32f411xe.s:70: Error: bad instruction `dcd 0'
../EWARM/startup_stm32f411xe.s:70: Error: bad instruction `reserved'
../EWARM/startup_stm32f411xe.s:71: Error: bad instruction `dcd PendSV_Handler'
../EWARM/startup_stm32f411xe.s:71: Error: bad instruction `pendsv Handler'
../EWARM/startup_stm32f411xe.s:72: Error: bad instruction `dcd SysTick_Handler'
../EWARM/startup_stm32f411xe.s:72: Error: bad instruction `systick Handler'
../EWARM/startup_stm32f411xe.s:74: Error: bad instruction `external Interrupts'
../EWARM/startup_stm32f411xe.s:75: Error: bad instruction `dcd WWDG_IRQHandler'
../EWARM/startup_stm32f411xe.s:75: Error: bad instruction `window WatchDog'
../EWARM/startup_stm32f411xe.s:76: Error: bad instruction `dcd PVD_IRQHandler'
../EWARM/startup_stm32f411xe.s:76: Error: bad instruction `pvd through EXTI Line detection'
../EWARM/startup_stm32f411xe.s:77: Error: bad instruction `dcd TAMP_STAMP_IRQHandler'
../EWARM/startup_stm32f411xe.s:77: Error: bad instruction `tamper and TimeStamps through the EXTI line'
../EWARM/startup_stm32f411xe.s:78: Error: bad instruction `dcd RTC_WKUP_IRQHandler'
../EWARM/startup_stm32f411xe.s:78: Error: bad instruction `rtc Wakeup through the EXTI line'
../EWARM/startup_stm32f411xe.s:79: Error: bad instruction `dcd FLASH_IRQHandler'
../EWARM/startup_stm32f411xe.s:79: Error: bad instruction `flash'
../EWARM/startup_stm32f411xe.s:80: Error: bad instruction `dcd RCC_IRQHandler'
../EWARM/startup_stm32f411xe.s:80: Error: bad instruction `rcc'
../EWARM/startup_stm32f411xe.s:81: Error: bad instruction `dcd EXTI0_IRQHandler'
../EWARM/startup_stm32f411xe.s:81: Error: bad instruction `exti Line0'
../EWARM/startup_stm32f411xe.s:82: Error: bad instruction `dcd EXTI1_IRQHandler'
../EWARM/startup_stm32f411xe.s:82: Error: bad instruction `exti Line1'
../EWARM/startup_stm32f411xe.s:83: Error: bad instruction `dcd EXTI2_IRQHandler'
../EWARM/startup_stm32f411xe.s:83: Error: bad instruction `exti Line2'
../EWARM/startup_stm32f411xe.s:84: Error: bad instruction `dcd EXTI3_IRQHandler'
../EWARM/startup_stm32f411xe.s:84: Error: bad instruction `exti Line3'
../EWARM/startup_stm32f411xe.s:85: Error: bad instruction `dcd EXTI4_IRQHandler'
../EWARM/startup_stm32f411xe.s:85: Error: bad instruction `exti Line4'
../EWARM/startup_stm32f411xe.s:86: Error: bad instruction `dcd DMA1_Stream0_IRQHandler'
../EWARM/startup_stm32f411xe.s:86: Error: bad instruction `dma1 Stream 0'
../EWARM/startup_stm32f411xe.s:87: Error: bad instruction `dcd DMA1_Stream1_IRQHandler'
../EWARM/startup_stm32f411xe.s:87: Error: bad instruction `dma1 Stream 1'
../EWARM/startup_stm32f411xe.s:88: Error: bad instruction `dcd DMA1_Stream2_IRQHandler'
../EWARM/startup_stm32f411xe.s:88: Error: bad instruction `dma1 Stream 2'
../EWARM/startup_stm32f411xe.s:89: Error: bad instruction `dcd DMA1_Stream3_IRQHandler'
../EWARM/startup_stm32f411xe.s:89: Error: bad instruction `dma1 Stream 3'
../EWARM/startup_stm32f411xe.s:90: Error: bad instruction `dcd DMA1_Stream4_IRQHandler'
../EWARM/startup_stm32f411xe.s:90: Error: bad instruction `dma1 Stream 4'
../EWARM/startup_stm32f411xe.s:91: Error: bad instruction `dcd DMA1_Stream5_IRQHandler'
../EWARM/startup_stm32f411xe.s:91: Error: bad instruction `dma1 Stream 5'
../EWARM/startup_stm32f411xe.s:92: Error: bad instruction `dcd DMA1_Stream6_IRQHandler'
../EWARM/startup_stm32f411xe.s:92: Error: bad instruction `dma1 Stream 6'
../EWARM/startup_stm32f411xe.s:93: Error: bad instruction `dcd ADC_IRQHandler'
../EWARM/startup_stm32f411xe.s:93: Error: bad instruction `adc1'
../EWARM/startup_stm32f411xe.s:94: Error: bad instruction `dcd 0'
../EWARM/startup_stm32f411xe.s:94: Error: bad instruction `reserved'
../EWARM/startup_stm32f411xe.s:95: Error: bad instruction `dcd 0'
../EWARM/startup_stm32f411xe.s:95: Error: bad instruction `reserved'
../EWARM/startup_stm32f411xe.s:96: Error: bad instruction `dcd 0'
../EWARM/startup_stm32f411xe.s:96: Error: bad instruction `reserved'
../EWARM/startup_stm32f411xe.s:97: Error: bad instruction `dcd 0'
../EWARM/startup_stm32f411xe.s:97: Error: bad instruction `reserved'
../EWARM/startup_stm32f411xe.s:98: Error: bad instruction `dcd EXTI9_5_IRQHandler'
../EWARM/startup_stm32f411xe.s:98: Error: bad instruction `external Line[9:5]s'
../EWARM/startup_stm32f411xe.s:99: Error: bad instruction `dcd TIM1_BRK_TIM9_IRQHandler'
../EWARM/startup_stm32f411xe.s:99: Error: bad instruction `tim1 Break and TIM9'
../EWARM/startup_stm32f411xe.s:100: Error: bad instruction `dcd TIM1_UP_TIM10_IRQHandler'
../EWARM/startup_stm32f411xe.s:100: Error: bad instruction `tim1 Update and TIM10'
../EWARM/startup_stm32f411xe.s:101: Error: bad instruction `dcd TIM1_TRG_COM_TIM11_IRQHandler'
../EWARM/startup_stm32f411xe.s:101: Error: bad instruction `tim1 Trigger and Commutation and TIM11'
../EWARM/startup_stm32f411xe.s:102: Error: bad instruction `dcd TIM1_CC_IRQHandler'
../EWARM/startup_stm32f411xe.s:102: Error: bad instruction `tim1 Capture Compare'
../EWARM/startup_stm32f411xe.s:103: Error: bad instruction `dcd TIM2_IRQHandler'
../EWARM/startup_stm32f411xe.s:103: Error: bad instruction `tim2'
../EWARM/startup_stm32f411xe.s:104: Error: bad instruction `dcd TIM3_IRQHandler'
../EWARM/startup_stm32f411xe.s:104: Error: bad instruction `tim3'
../EWARM/startup_stm32f411xe.s:105: Error: bad instruction `dcd TIM4_IRQHandler'
../EWARM/startup_stm32f411xe.s:105: Error: bad instruction `tim4'
../EWARM/startup_stm32f411xe.s:106: Error: bad instruction `dcd I2C1_EV_IRQHandler'
../EWARM/startup_stm32f411xe.s:106: Error: bad instruction `i2c1 Event'
../EWARM/startup_stm32f411xe.s:107: Error: bad instruction `dcd I2C1_ER_IRQHandler'
../EWARM/startup_stm32f411xe.s:107: Error: bad instruction `i2c1 Error'
../EWARM/startup_stm32f411xe.s:108: Error: bad instruction `dcd I2C2_EV_IRQHandler'
../EWARM/startup_stm32f411xe.s:108: Error: bad instruction `i2c2 Event'
../EWARM/startup_stm32f411xe.smake: *** [Drivers/STM32F4xx_HAL_Driver/Src/subdir.mk:79: Drivers/STM32F4xx_HAL_Driver/Src/stm32f4xx_hal_adc.o] Error 1
../Drivers/STM32F4xx_HAL_Driver/Src/stm32f4xx_hal_dma.c:97:10: fatal error: stm32f4xx_hal.h: No such file or directory
   97 | #include "stm32f4xx_hal.h"
      |          ^~~~~~~~~~~~~~~~~
make: *** Waiting for unfinished jobs....
:109: Error: bad instruction `dcd I2C2_ER_IRQHandler'
../EWARM/startup_stm32f411xe.s:109: Error: bad instruction `i2c2 Error'
../EWARM/startup_stm32f411xe.s:110: Error: bad instruction `dcd SPI1_IRQHandler'
../EWARM/startup_stm32f411xe.s:110: Error: bad instruction `spi1'
../EWARM/startup_stm32f411xe.s:111: Error: bad instruction `dcd SPI2_IRQHandler'
../EWARM/startup_stm32f411xe.s:111: Error: bad instruction `spi2'
../EWARM/startup_stm32f411xe.s:112: Error: bad instruction `dcd USART1_IRQHandler'
../EWARM/startup_stm32f411xe.s:112: Error: bad instruction `usart1'
../EWARM/startup_stm32f411xe.s:113: Error: bad instruction `dcd USART2_IRQHandler'
../EWARM/startup_stm32f411xe.s:113: Error: bad instruction `usart2'
../EWARM/startup_stm32f411xe.s:114: Error: bad instruction `dcd 0'
../EWARM/startup_stm32f411xe.s:114: Error: bad instruction `reserved'
../EWARM/startup_stm32f411xe.s:115: Error: bad instruction `dcd EXTI15_10_IRQHandler'
../EWARM/startup_stm32f411xe.s:115: Error: bad instruction `external Line[15:10]s'
../EWARM/startup_stm32f411xe.s:116: Error: bad instruction `dcd RTC_Alarm_IRQHandler'
../EWARM/startup_stm32f411xe.s:116: Error: bad instruction `rtc Alarm(A and B)through EXTI Line'
../EWARM/startup_stm32f411xe.s:117: Error: bad instruction `dcd OTG_FS_WKUP_IRQHandler'
../EWARM/startup_stm32f411xe.s:117: Error: bad instruction `usb OTG FS Wakeup through EXTI line'
../EWARM/startup_stm32f411xe.s:118: Error: bad instruction `dcd 0'
../EWARM/startup_stm32f411xe.s:118: Error: bad instruction `reserved'
../EWARM/startup_stm32f411xe.s:119: Error: bad instruction `dcd 0'
../EWARM/startup_stm32f411xe.s:119: Error: bad instruction `reserved'
../EWARM/startup_stm32f411xe.s:120: Error: bad instruction `dcd 0'
../EWARM/startup_stm32f411xe.s:120: Error: bad instruction `reserved'
../EWARM/startup_stm32f411xe.s:121: Error: bad instruction `dcd 0'
../EWARM/startup_stm32f411xe.s:121: Error: bad instruction `reserved'
../EWARM/startup_stm32f411xe.s:122: Error: bad instruction `dcd DMA1_Stream7_IRQHandler'
../EWARM/startup_stm32f411xe.s:122: Error: bad instruction `dma1 Stream7'
../EWARM/startup_stm32f411xe.s:123: Error: bad instruction `dcd 0'
../EWARM/startup_stm32f411xe.s:123: Error: bad instruction `reserved'
../EWARM/startup_stm32f411xe.s:124: Error: bad instruction `dcd SDIO_IRQHandler'
../EWARM/startup_stm32f411xe.s:124: Error: bad instruction `sdio'
../EWARM/startup_stm32f411xe.s:125: Error: bad instruction `dcd TIM5_IRQHandler'
../EWARM/startup_stm32f411xe.s:125: Error: bad instruction `tim5'
../EWARM/startup_stm32f411xe.s:126: Error: bad instruction `dcd SPI3_IRQHandler'
../EWARM/startup_stm32f411xe.s:126: Error: bad instruction `spi3'
../EWARM/startup_stm32f411xe.s:127: Error: bad instruction `dcd 0'
../EWARM/startup_stm32f411xe.s:127: Error: bad instruction `reserved'
../EWARM/startup_stm32f411xe.s:128: Error: bad instruction `dcd 0'
../EWARM/startup_stm32f411xe.s:128: Error: bad instruction `reserved'
../EWARM/startup_stm32f411xe.s:129: Error: bad instruction `dcd 0'
../EWARM/startup_stm32f411xe.s:129: Error: bad instruction `reserved'
../EWARM/startup_stm32f411xe.s:130: Error: bad instruction `dcd 0'
../EWARM/startup_stm32f411xe.s:130: Error: bad instruction `reserved'
../EWARM/startup_stm32f411xe.s:131: Error: bad instruction `dcd DMA2_Stream0_IRQHandler'
../EWARM/startup_stm32f411xe.s:131: Error: bad instruction `dma2 Stream 0'
../EWARM/startup_stm32f411xe.s:132: Error: bad instruction `dcd DMA2_Stream1_IRQHandler'
../EWARM/startup_stm32f411xe.s:132: Error: bad instruction `dma2 Stream 1'
../EWARM/startup_stm32f411xe.s:133: Error: bad instruction `dcd DMA2_Stream2_IRQHandler'
../EWARM/startup_stm32f411xe.s:133: Error: bad instruction `dma2 Stream 2'
../EWARM/startup_stm32f411xe.s:134: Error: bad instruction `dcd DMA2_Stream3_IRQHandler'
../EWARM/startup_stm32f411xe.s:134: Error: bad instruction `dma2 Stream 3'
../EWARM/startup_stm32f411xe.s:135: Error: bad instruction `dcd DMA2_Stream4_IRQHandler'
../EWARM/startup_stm32f411xe.s:135: Error: bad instruction `dma2 Stream 4'
../EWARM/startup_stm32f411xe.s:136: Error: make: *** [Drivers/STM32F4xx_HAL_Driver/Src/subdir.mk:79: Drivers/STM32F4xx_HAL_Driver/Src/stm32f4xx_hal.o] Error 1
compilation terminated.
../Drivers/STM32F4xx_HAL_Driver/Src/stm32f4xx_hal_dma_ex.c:39:10: fatal error: stm32f4xx_hal.h: No such file or directory
   39 | #include "stm32f4xx_hal.h"
      |          ^~~~~~~~~~~~~~~~~
make: *** [Drivers/STM32F4xx_HAL_Driver/Src/subdir.mk:79: Drivers/STM32F4xx_HAL_Driver/Src/stm32f4xx_hal_adc_ex.o] Error 1
compilation terminated.
bad instruction `dcd 0'
../EWARM/startup_stm32f411xe.s:136: Error: bad instruction `reserved'
../EWARM/startup_stm32f411xe.s:137: Error: bad instruction `dcd 0'
../EWARM/startup_stm32f411xe.s:137: Error: bad instruction `reserved'
../EWARM/startup_stm32f411xe.s:138: Error: bad instruction `dcd 0'
../EWARM/startup_stm32f411xe.s:138: Error: bad instruction `reserved'
../EWARM/startup_stm32f411xe.s:139: Error: bad instruction `dcd 0'
../EWARM/startup_stm32f411xe.s:139: Error: bad instruction `reserved'
../EWARM/startup_stm32f411xe.s:140: Error: bad instruction `dcd 0'
../EWARM/startup_stm32f411xe.s:140: Error: bad instruction `reserved'
../EWARM/startup_stm32f411xe.s:141: Error: bad instruction `dcd 0'
../EWARM/startup_stm32f411xe.s:141: Error: bad instruction `reserved'
../EWARM/startup_stm32f411xe.s:142: Error: bad instruction `dcd OTG_FS_IRQHandler'
../EWARM/startup_stm32f411xe.s:142: Error: bad instruction `usb OTG FS'
../EWARM/startup_stm32f411xe.s:143: Error: bad instruction `dcd DMA2_Stream5_IRQHandler'
../EWARM/startup_stm32f411xe.s:143: Error: bad instruction `dma2 Stream 5'
../EWARM/startup_stm32f411xe.s:144: Error: bad instruction `dcd DMA2_Stream6_IRQHandler'
../EWARM/startup_stm32f411xe.s:144: Error: bad instruction `dma2 Stream 6'
../EWARM/startup_stm32f411xe.s:145: Error: bad instruction `dcd DMA2_Stream7_IRQHandler'
../EWARM/startup_stm32f411xe.s:145: Error: bad instruction `dma2 Stream 7'
../EWARM/startup_stm32f411xe.s:146: Error: bad instruction `dcd USART6_IRQHandler'
../EWARM/startup_stm32f411xe.s:146: Error: bad instruction `usart6'
../EWARM/startup_stm32f411xe.s:147: Error: bad instruction `dcd I2C3_EV_IRQHandler'
../EWARM/startup_stm32f411xe.s:147: Error: bad instruction `i2c3 event'
../EWARM/startup_stm32f411xe.s:148: Error: bad instruction `dcd I2C3_ER_IRQHandler'
../EWARM/startup_stm32f411xe.s:148: Error: bad instruction `i2c3 error'
../EWARM/startup_stm32f411xe.s:149: Error: bad instruction `dcd 0'
../EWARM/startup_stm32f411xe.s:149: Error: bad instruction `reserved'
../EWARM/startup_stm32f411xe.s:150: Error: bad instruction `dcd 0'
../EWARM/startup_stm32f411xe.s:150: Error: bad instruction `reserved'
../EWARM/startup_stm32f411xe.s:151: Error: bad instruction `dcd 0'
../EWARM/startup_stm32f411xe.s:151: Error: bad instruction `reserved'
../EWARM/startup_stm32f411xe.s:152: Error: bad instruction `dcd 0'
../EWARM/startup_stm32f411xe.s:152: Error: bad instruction `reserved'
../EWARM/startup_stm32f411xe.s:153: Error: bad instruction `dcd 0'
../EWARM/startup_stm32f411xe.s:153: Error: bad instruction `reserved'
../EWARM/startup_stm32f411xe.s:154: Error: bad instruction `dcd 0'
../EWARM/startup_stm32f411xe.s:154: Error: bad instruction `reserved'
../EWARM/startup_stm32f411xe.s:155: Error: bad instruction `dcd 0'
../EWARM/startup_stm32f411xe.s:155: Error: bad instruction `reserved'
../EWARM/startup_stm32f411xe.s:156: Error: bad instruction `dcd FPU_IRQHandler'
../EWARM/startup_stm32f411xe.s:156: Error: bad instruction `fpu'
../EWARM/startup_stm32f411xe.s:157: Error: bad instruction `dcd 0'
../EWARM/startup_stm32f411xe.s:157: Error: bad instruction `reserved'
../EWARM/startup_stm32f411xe.s:158: Error: bad instruction `dcd 0'
../EWARM/startup_stm32f411xe.s:158: Error: bad instruction `reserved'
../EWARM/startup_stm32f411xe.s:159: Error: bad instruction `dcd SPI4_IRQHandler'
../EWARM/startup_stm32f411xe.s:159: Error: bad instruction `spi4'
../EWARM/startup_stm32f411xe.s:160: Error: bad instruction `dcd SPI5_IRQHandler'
../EWARM/startup_stm32f411xe.s:160: Error: bad instruction `spi5'
../EWARM/startup_stm32f411xe.s:164: Error: bad instruction `default interrupt handlers.'
../EWARM/startup_stm32f411xe.s:166: Error: bad instruction `thumb'
../EWARM/startup_stm32f411xe.s:167: Error: bad instruction `pubweak Reset_Handler'
../EWARM/startup_stm32f411xe.s:168: Error: bad instruction `section .text:CODE:REORDER:NOROOT(2)'
../EWARM/startup_stm32f411xe.s:169: Error: bad instruction `reset_handler'
../EWARM/startup_stm32f411xe.s:176: Error: bad instruction `pubweak NMI_Handler'
../EWARM/startup_stm32f411xe.s:177: Error:make: *** [Drivers/STM32F4xx_HAL_Driver/Src/subdir.mk:79: Drivers/STM32F4xx_HAL_Driver/Src/stm32f4xx_hal_cortex.o] Error 1
../Drivers/STM32F4xx_HAL_Driver/Src/stm32f4xx_hal_flash.c:76:10: fatal error: stm32f4xx_hal.h: No such file or directory
   76 | #include "stm32f4xx_hal.h"
      |          ^~~~~~~~~~~~~~~~~
../Drivers/STM32F4xx_HAL_Driver/Src/stm32f4xx_hal_exti.c:86:10: fatal error: stm32f4xx_hal.h: No such file or directory
   86 | #include "stm32f4xx_hal.h"
      |          ^~~~~~~~~~~~~~~~~
../Drivers/STM32F4xx_HAL_Driver/Src/stm32f4xx_hal_flash_ramfunc.c:47:10: fatal error: stm32f4xx_hal.h: No such file or directory
   47 | #include "stm32f4xx_hal.h"
      |          ^~~~~~~~~~~~~~~~~
 bad instruction `section .text:CODE:REORDER:NOROOT(1)'
../EWARM/startup_stm32f411xe.s:178: Error: bad instruction `nmi_handler'
../EWARM/startup_stm32f411xe.s:181: Error: bad instruction `pubweak HardFault_Handler'
../EWARM/startup_stm32f411xe.s:182: Error: bad instruction `section .text:CODE:REORDER:NOROOT(1)'
../EWARM/startup_stm32f411xe.s:183: Error: bad instruction `hardfault_handler'
../EWARM/startup_stm32f411xe.s:186: Error: bad instruction `pubweak MemManage_Handler'
../EWARM/startup_stm32f411xe.s:187: Error: bad instruction `section .text:CODE:REORDER:NOROOT(1)'
../EWARM/startup_stm32f411xe.s:188: Error: bad instruction `memmanage_handler'
../EWARM/startup_stm32f411xe.s:191: Error: bad instruction `pubweak BusFault_Handler'
../EWARM/startup_stm32f411xe.s:192: Error: bad instruction `section .text:CODE:REORDER:NOROOT(1)'
../EWARM/startup_stm32f411xe.s:193: Error: bad instruction `busfault_handler'
../EWARM/startup_stm32f411xe.s:196: Error: bad instruction `pubweak UsageFault_Handler'
../EWARM/startup_stm32f411xe.s:197: Error: bad instruction `section .text:CODE:REORDER:NOROOT(1)'
../EWARM/startup_stm32f411xe.s:198: Error: bad instruction `usagefault_handler'
../EWARM/startup_stm32f411xe.s:201: Error: bad instruction `pubweak SVC_Handler'
../EWARM/startup_stm32f411xe.s:202: Error: bad instruction `section .text:CODE:REORDER:NOROOT(1)'
../EWARM/startup_stm32f411xe.s:203: Error: bad instruction `svc_handler'
../EWARM/startup_stm32f411xe.s:206: Error: bad instruction `pubweak DebugMon_Handler'
../EWARM/startup_stm32f411xe.s:207: Error: bad instruction `section .text:CODE:REORDER:NOROOT(1)'
../EWARM/startup_stm32f411xe.s:208: Error: bad instruction `debugmon_handler'
../EWARM/startup_stm32f411xe.s:211: Error: bad instruction `pubweak PendSV_Handler'
../EWARM/startup_stm32f411xe.s:212: Error: bad instruction `section .text:CODE:REORDER:NOROOT(1)'
../EWARM/startup_stm32f411xe.s:213: Error: bad instruction `pendsv_handler'
../EWARM/startup_stm32f411xe.s:216: Error: bad instruction `pubweak SysTick_Handler'
../EWARM/startup_stm32f411xe.s:217: Error: bad instruction `section .text:CODE:REORDER:NOROOT(1)'
../EWARM/startup_stm32f411xe.s:218: Error: bad instruction `systick_handler'
../EWARM/startup_stm32f411xe.s:221: Error: bad instruction `pubweak WWDG_IRQHandler'
../EWARM/startup_stm32f411xe.s:222: Error: bad instruction `section .text:CODE:REORDER:NOROOT(1)'
../EWARM/startup_stm32f411xe.s:223: Error: bad instruction `wwdg_irqhandler'
../EWARM/startup_stm32f411xe.s:226: Error: bad instruction `pubweak PVD_IRQHandler'
../EWARM/startup_stm32f411xe.s:227: Error: bad instruction `section .text:CODE:REORDER:NOROOT(1)'
../EWARM/startup_stm32f411xe.s:228: Error: bad instruction `pvd_irqhandler'
../EWARM/startup_stm32f411xe.s:231: Error: bad instruction `pubweak TAMP_STAMP_IRQHandler'
../EWARM/startup_stm32f411xe.s:232: Error: bad instruction `section .text:CODE:REORDER:NOROOT(1)'
../EWARM/startup_stm32f411xe.s:233: Error: bad instruction `tamp_stamp_irqhandler'
../EWARM/startup_stm32f411xe.s:236: Error: bad instruction `pubweak RTC_WKUP_IRQHandler'
../EWARM/startup_stm32f411xe.s:237: Error: bad instruction `section .text:CODE:REORDER:NOROOT(1)'
../EWARM/startup_stm32f411xe.s:238: Error: bad instruction `rtc_wkup_irqhandler'
../EWARM/startup_stm32f411xe.s:241: Error: bad instruction `pubweak FLASH_IRQHandler'
../EWARM/startup_stm32f411xe.s:242: Error: bad instruction `section .text:CODE:REORDER:NOROOT(1)'
../EWARM/startup_stm32f411xe.s:243: Error: bad instruction `flash_irqhandler'
../EWARM/startup_stm32f411xe.s:246: Error: bad instruction `pubweak RCC_IRQHandler'
../EWARM/startup_stm32f411xe.s:247: Error: bad instruction `section .text:CODE:REORDER:NOROOT(1)'
../EWARM/startup_stm32f411xe.s:248: Error: bad instruction `rcc_irqhandler'
../EWARM/startup_stm32f411xe.s:251: Error: bad instruction `pubweak EXTI0_IRQHandler'
../EWARM/startup_stm32f411xe.s:252: Error: bad instruction `section .text:CODE:REORDER:NOROOT(1)'
../EWARM/startup_stm32f411xe.s:253: Error: bad instruction `exti0_irqhandler'
../EWARM/startup_stm32f411xe.s:256: Errcompilation terminated.
compilation terminated.
compilation terminated.
../Drivers/STM32F4xx_HAL_Driver/Src/stm32f4xx_hal_flash_ex.c:62:10: fatal error: stm32f4xx_hal.h: No such file or directory
   62 | #include "stm32f4xx_hal.h"
      |          ^~~~~~~~~~~~~~~~~
make: *** [Drivers/STM32F4xx_HAL_Driver/Src/subdir.mk:79: Drivers/STM32F4xx_HAL_Driver/Src/stm32f4xx_hal_dma.o] Error 1
or: bad instruction `pubweak EXTI1_IRQHandler'
../EWARM/startup_stm32f411xe.s:257: Error: bad instruction `section .text:CODE:REORDER:NOROOT(1)'
../EWARM/startup_stm32f411xe.s:258: Error: bad instruction `exti1_irqhandler'
../EWARM/startup_stm32f411xe.s:261: Error: bad instruction `pubweak EXTI2_IRQHandler'
../EWARM/startup_stm32f411xe.s:262: Error: bad instruction `section .text:CODE:REORDER:NOROOT(1)'
../EWARM/startup_stm32f411xe.s:263: Error: bad instruction `exti2_irqhandler'
../EWARM/startup_stm32f411xe.s:266: Error: bad instruction `pubweak EXTI3_IRQHandler'
../EWARM/startup_stm32f411xe.s:267: Error: bad instruction `section .text:CODE:REORDER:NOROOT(1)'
../EWARM/startup_stm32f411xe.s:268: Error: bad instruction `exti3_irqhandler'
../EWARM/startup_stm32f411xe.s:271: Error: bad instruction `pubweak EXTI4_IRQHandler'
../EWARM/startup_stm32f411xe.s:272: Error: bad instruction `section .text:CODE:REORDER:NOROOT(1)'
../EWARM/startup_stm32f411xe.s:273: Error: bad instruction `exti4_irqhandler'
../EWARM/startup_stm32f411xe.s:276: Error: bad instruction `pubweak DMA1_Stream0_IRQHandler'
../EWARM/startup_stm32f411xe.s:277: Error: bad instruction `section .text:CODE:REORDER:NOROOT(1)'
../EWARM/startup_stm32f411xe.s:278: Error: bad instruction `dma1_stream0_irqhandler'
../EWARM/startup_stm32f411xe.s:281: Error: bad instruction `pubweak DMA1_Stream1_IRQHandler'
../EWARM/startup_stm32f411xe.s:282: Error: bad instruction `section .text:CODE:REORDER:NOROOT(1)'
../EWARM/startup_stm32f411xe.s:283: Error: bad instruction `dma1_stream1_irqhandler'
../EWARM/startup_stm32f411xe.s:286: Error: bad instruction `pubweak DMA1_Stream2_IRQHandler'
../EWARM/startup_stm32f411xe.s:287: Error: bad instruction `section .text:CODE:REORDER:NOROOT(1)'
../EWARM/startup_stm32f411xe.s:288: Error: bad instruction `dma1_stream2_irqhandler'
../EWARM/startup_stm32f411xe.s:291: Error: bad instruction `pubweak DMA1_Stream3_IRQHandler'
../EWARM/startup_stm32f411xe.s:292: Error: bad instruction `section .text:CODE:REORDER:NOROOT(1)'
../EWARM/startup_stm32f411xe.s:293: Error: bad instruction `dma1_stream3_irqhandler'
../EWARM/startup_stm32f411xe.s:296: Error: bad instruction `pubweak DMA1_Stream4_IRQHandler'
../EWARM/startup_stm32f411xe.s:297: Error: bad instruction `section .text:CODE:REORDER:NOROOT(1)'
../EWARM/startup_stm32f411xe.s:298: Error: bad instruction `dma1_stream4_irqhandler'
../EWARM/startup_stm32f411xe.s:301: Error: bad instruction `pubweak DMA1_Stream5_IRQHandler'
../EWARM/startup_stm32f411xe.s:302: Error: bad instruction `section .text:CODE:REORDER:NOROOT(1)'
../EWARM/startup_stm32f411xe.s:303: Error: bad instruction `dma1_stream5_irqhandler'
../EWARM/startup_stm32f411xe.s:306: Error: bad instruction `pubweak DMA1_Stream6_IRQHandler'
../EWARM/startup_stm32f411xe.s:307: Error: bad instruction `section .text:CODE:REORDER:NOROOT(1)'
../EWARM/startup_stm32f411xe.s:308: Error: bad instruction `dma1_stream6_irqhandler'
../EWARM/startup_stm32f411xe.s:311: Error: bad instruction `pubweak ADC_IRQHandler'
../EWARM/startup_stm32f411xe.s:312: Error: bad instruction `section .text:CODE:REORDER:NOROOT(1)'
../EWARM/startup_stm32f411xe.s:313: Error: bad instruction `adc_irqhandler'
../EWARM/startup_stm32f411xe.s:316: Error: bad instruction `pubweak EXTI9_5_IRQHandler'
../EWARM/startup_stm32f411xe.s:317: Error: bad instruction `section .text:CODE:REORDER:NOROOT(1)'
../EWARM/startup_stm32f411xe.s:318: Error: bad instruction `exti9_5_irqhandler'
../EWARM/startup_stm32f411xe.s:321: Error: bad instruction `pubweak TIM1_BRK_TIM9_IRQHandler'
../EWARM/startup_stm32f411xe.s:322: Error: bad instruction `section .text:CODE:REORDER:NOROOT(1)'
../EWARM/startup_stm32f411xe.s:323: Error: bad instruction `tim1_brk_tim9_irqhandler'
../EWARM/startup_stm32f411xe.s:326: Error: bad instruction `pubweak TIM1_UP_TIM10_IRQHandler'
../EWARM/startup_stm32f411xe.s:327: Error: bad instruction `section .text:CODE:REORDER:NOROOT(1)'
../EWARM/startup_stm32f411xe.s:328: Error: bad instruction `tim1_up_tim10_irqhandler'
../EWARM/startup_stm32f411xe.s:331: Error: bad instruction `pubweak TIM1_TRcompilation terminated.
make: *** [Drivers/STM32F4xx_HAL_Driver/Src/subdir.mk:79: Drivers/STM32F4xx_HAL_Driver/Src/stm32f4xx_hal_dma_ex.o] Error 1
G_COM_TIM11_IRQHandler'
../EWARM/startup_stm32f411xe.s:332: Error: bad instruction `section .text:CODE:REORDER:NOROOT(1)'
../EWARM/startup_stm32f411xe.s:333: Error: bad instruction `tim1_trg_com_tim11_irqhandler'
../EWARM/startup_stm32f411xe.s:336: Error: bad instruction `pubweak TIM1_CC_IRQHandler'
../EWARM/startup_stm32f411xe.s:337: Error: bad instruction `section .text:CODE:REORDER:NOROOT(1)'
../EWARM/startup_stm32f411xe.s:338: Error: bad instruction `tim1_cc_irqhandler'
../EWARM/startup_stm32f411xe.s:341: Error: bad instruction `pubweak TIM2_IRQHandler'
../EWARM/startup_stm32f411xe.s:342: Error: bad instruction `section .text:CODE:REORDER:NOROOT(1)'
../EWARM/startup_stm32f411xe.s:343: Error: bad instruction `tim2_irqhandler'
../EWARM/startup_stm32f411xe.s:346: Error: bad instruction `pubweak TIM3_IRQHandler'
../EWARM/startup_stm32f411xe.s:347: Error: bad instruction `section .text:CODE:REORDER:NOROOT(1)'
../EWARM/startup_stm32f411xe.s:348: Error: bad instruction `tim3_irqhandler'
../EWARM/startup_stm32f411xe.s:351: Error: bad instruction `pubweak TIM4_IRQHandler'
../EWARM/startup_stm32f411xe.s:352: Error: bad instruction `section .text:CODE:REORDER:NOROOT(1)'
../EWARM/startup_stm32f411xe.s:353: Error: bad instruction `tim4_irqhandler'
../EWARM/startup_stm32f411xe.s:356: Error: bad instruction `pubweak I2C1_EV_IRQHandler'
../EWARM/startup_stm32f411xe.s:357: Error: bad instruction `section .text:CODE:REORDER:NOROOT(1)'
../EWARM/startup_stm32f411xe.s:358: Error: bad instruction `i2c1_ev_irqhandler'
../EWARM/startup_stm32f411xe.s:361: Error: bad instruction `pubweak I2C1_ER_IRQHandler'
../EWARM/startup_stm32f411xe.s:362: Error: bad instruction `section .text:CODE:REORDER:NOROOT(1)'
../EWARM/startup_stm32f411xe.s:363: Error: bad instruction `i2c1_er_irqhandler'
../EWARM/startup_stm32f411xe.s:366: Error: bad instruction `pubweak I2C2_EV_IRQHandler'
../EWARM/startup_stm32f411xe.s:367: Error: bad instruction `section .text:CODE:REORDER:NOROOT(1)'
../EWARM/startup_stm32f411xe.s:368: Error: bad instruction `i2c2_ev_irqhandler'
../EWARM/startup_stm32f411xe.s:371: Error: bad instruction `pubweak I2C2_ER_IRQHandler'
../EWARM/startup_stm32f411xe.s:372: Error: bad instruction `section .text:CODE:REORDER:NOROOT(1)'
../EWARM/startup_stm32f411xe.s:373: Error: bad instruction `i2c2_er_irqhandler'
../EWARM/startup_stm32f411xe.s:376: Error: bad instruction `pubweak SPI1_IRQHandler'
../EWARM/startup_stm32f411xe.s:377: Error: bad instruction `section .text:CODE:REORDER:NOROOT(1)'
../EWARM/startup_stm32f411xe.s:378: Error: bad instruction `spi1_irqhandler'
../EWARM/startup_stm32f411xe.s:381: Error: bad instruction `pubweak SPI2_IRQHandler'
../EWARM/startup_stm32f411xe.s:382: Error: bad instruction `section .text:CODE:REORDER:NOROOT(1)'
../EWARM/startup_stm32f411xe.s:383: Error: bad instruction `spi2_irqhandler'
../EWARM/startup_stm32f411xe.s:386: Error: bad instruction `pubweak USART1_IRQHandler'
../EWARM/startup_stm32f411xe.s:387: Error: bad instruction `section .text:CODE:REORDER:NOROOT(1)'
../EWARM/startup_stm32f411xe.s:388: Error: bad instruction `usart1_irqhandler'
../EWARM/startup_stm32f411xe.s:391: Error: bad instruction `pubweak USART2_IRQHandler'
../EWARM/startup_stm32f411xe.s:392: Error: bad instruction `section .text:CODE:REORDER:NOROOT(1)'
../EWARM/startup_stm32f411xe.s:393: Error: bad instruction `usart2_irqhandler'
../EWARM/startup_stm32f411xe.s:396: Error: bad instruction `pubweak EXTI15_10_IRQHandler'
../EWARM/startup_stm32f411xe.s:397: Error: bad instruction `section .text:CODE:REORDER:NOROOT(1)'
../EWARM/startup_stm32f411xe.s:398: Error: bad instruction `exti15_10_irqhandler'
../EWARM/startup_stm32f411xe.s:401: Error: bad instruction `pubweak RTC_Alarm_IRQHandler'
../EWARM/startup_stm32f411xe.s:402: Error: bad instruction `section .text:CODE:REORDER:NOROOT(1)'
../EWARM/startup_stm32f411xe.s:403: Error: bad instruction `rtc_alarm_irqhandler'
../EWARM/startup_stm32f411xe.s:406: Error: bad instruction `pubweak OTG_FS_WKUP_IRQHandler'
../EWARM/startup_stm32f411xe.s:407: Error: bad instruction `section .text:CODE:REORDER:NOROOT../Drivers/STM32F4xx_HAL_Driver/Src/stm32f4xx_hal_gpio.c:108:10: fatal error: stm32f4xx_hal.h: No such file or directory
  108 | #include "stm32f4xx_hal.h"
      |          ^~~~~~~~~~~~~~~~~
(1)'
../EWARM/startup_stm32f411xe.s:408: Error: bad instruction `otg_fs_wkup_irqhandler'
../EWARM/startup_stm32f411xe.s:411: Error: bad instruction `pubweak DMA1_Stream7_IRQHandler'
../EWARM/startup_stm32f411xe.s:412: Error: bad instruction `section .text:CODE:REORDER:NOROOT(1)'
../EWARM/startup_stm32f411xe.s:413: Error: bad instruction `dma1_stream7_irqhandler'
../EWARM/startup_stm32f411xe.s:416: Error: bad instruction `pubweak SDIO_IRQHandler'
../EWARM/startup_stm32f411xe.s:417: Error: bad instruction `section .text:CODE:REORDER:NOROOT(1)'
../EWARM/startup_stm32f411xe.s:418: Error: bad instruction `sdio_irqhandler'
../EWARM/startup_stm32f411xe.s:421: Error: bad instruction `pubweak TIM5_IRQHandler'
../EWARM/startup_stm32f411xe.s:422: Error: bad instruction `section .text:CODE:REORDER:NOROOT(1)'
../EWARM/startup_stm32f411xe.s:423: Error: bad instruction `tim5_irqhandler'
../EWARM/startup_stm32f411xe.s:426: Error: bad instruction `pubweak SPI3_IRQHandler'
../EWARM/startup_stm32f411xe.s:427: Error: bad instruction `section .text:CODE:REORDER:NOROOT(1)'
../EWARM/startup_stm32f411xe.s:428: Error: bad instruction `spi3_irqhandler'
../EWARM/startup_stm32f411xe.s:431: Error: bad instruction `pubweak DMA2_Stream0_IRQHandler'
../EWARM/startup_stm32f411xe.s:432: Error: bad instruction `section .text:CODE:REORDER:NOROOT(1)'
../EWARM/startup_stm32f411xe.s:433: Error: bad instruction `dma2_stream0_irqhandler'
../EWARM/startup_stm32f411xe.s:436: Error: bad instruction `pubweak DMA2_Stream1_IRQHandler'
../EWARM/startup_stm32f411xe.s:437: Error: bad instruction `section .text:CODE:REORDER:NOROOT(1)'
../EWARM/startup_stm32f411xe.s:438: Error: bad instruction `dma2_stream1_irqhandler'
../EWARM/startup_stm32f411xe.s:441: Error: bad instruction `pubweak DMA2_Stream2_IRQHandler'
../EWARM/startup_stm32f411xe.s:442: Error: bad instruction `section .text:CODE:REORDER:NOROOT(1)'
../EWARM/startup_stm32f411xe.s:443: Error: bad instruction `dma2_stream2_irqhandler'
../EWARM/startup_stm32f411xe.s:446: Error: bad instruction `pubweak DMA2_Stream3_IRQHandler'
../EWARM/startup_stm32f411xe.s:447: Error: bad instruction `section .text:CODE:REORDER:NOROOT(1)'
../EWARM/startup_stm32f411xe.s:448: Error: bad instruction `dma2_stream3_irqhandler'
../EWARM/startup_stm32f411xe.s:451: Error: bad instruction `pubweak DMA2_Stream4_IRQHandler'
../EWARM/startup_stm32f411xe.s:452: Error: bad instruction `section .text:CODE:REORDER:NOROOT(1)'
../EWARM/startup_stm32f411xe.s:453: Error: bad instruction `dma2_stream4_irqhandler'
../EWARM/startup_stm32f411xe.s:456: Error: bad instruction `pubweak OTG_FS_IRQHandler'
../EWARM/startup_stm32f411xe.s:457: Error: bad instruction `section .text:CODE:REORDER:NOROOT(1)'
../EWARM/startup_stm32f411xe.s:458: Error: bad instruction `otg_fs_irqhandler'
../EWARM/startup_stm32f411xe.s:461: Error: bad instruction `pubweak DMA2_Stream5_IRQHandler'
../EWARM/startup_stm32f411xe.s:462: Error: bad instruction `section .text:CODE:REORDER:NOROOT(1)'
../EWARM/startup_stm32f411xe.s:463: Error: bad instruction `dma2_stream5_irqhandler'
../EWARM/startup_stm32f411xe.s:466: Error: bad instruction `pubweak DMA2_Stream6_IRQHandler'
../EWARM/startup_stm32f411xe.s:467: Error: bad instruction `section .text:CODE:REORDER:NOROOT(1)'
../EWARM/startup_stm32f411xe.s:468: Error: bad instruction `dma2_stream6_irqhandler'
../EWARM/startup_stm32f411xe.s:471: Error: bad instruction `pubweak DMA2_Stream7_IRQHandler'
../EWARM/startup_stm32f411xe.s:472: Error: bad instruction `section .text:CODE:REORDER:NOROOT(1)'
../EWARM/startup_stm32f411xe.s:473: Error: bad instruction `dma2_stream7_irqhandler'
../EWARM/startup_stm32f411xe.s:476: Error: bad instruction `pubweak USART6_IRQHandler'
../EWARM/startup_stm32f411xe.s:477: Error: bad instruction `section .text:CODE:REORDER:NOROOT(1)'
../EWARM/startup_stm32f411xe.s:478: Error: bad instruction `usart6_irqhandler'
../EWARM/startup_stm32f411xe.s:481: Error: bad instruction `pubweak I2C3_EV_IRQHandler'
../EWARM/startup_stm32f411xe.s:482: Error: bad instruction `section .text:CODE:REORDER:NOROOT(1)'
../EWARM/startup_stm32f411xe.compilation terminated.
make: *** [Drivers/STM32F4xx_HAL_Driver/Src/subdir.mk:79: Drivers/STM32F4xx_HAL_Driver/Src/stm32f4xx_hal_flash_ramfunc.o] Error 1
make: *** [Drivers/STM32F4xx_HAL_Driver/Src/subdir.mk:79: Drivers/STM32F4xx_HAL_Driver/Src/stm32f4xx_hal_exti.o] Error 1
s:483: Error: bad instruction `i2c3_ev_irqhandler'
../EWARM/startup_stm32f411xe.s:486: Error: bad instruction `pubweak I2C3_ER_IRQHandler'
../EWARM/startup_stm32f411xe.s:487: Error: bad instruction `section .text:CODE:REORDER:NOROOT(1)'
../EWARM/startup_stm32f411xe.s:488: Error: bad instruction `i2c3_er_irqhandler'
../EWARM/startup_stm32f411xe.s:491: Error: bad instruction `pubweak FPU_IRQHandler'
../EWARM/startup_stm32f411xe.s:492: Error: bad instruction `section .text:CODE:REORDER:NOROOT(1)'
../EWARM/startup_stm32f411xe.s:493: Error: bad instruction `fpu_irqhandler'
../EWARM/startup_stm32f411xe.s:496: Error: bad instruction `pubweak SPI4_IRQHandler'
../EWARM/startup_stm32f411xe.s:497: Error: bad instruction `section .text:CODE:REORDER:NOROOT(1)'
../EWARM/startup_stm32f411xe.s:498: Error: bad instruction `spi4_irqhandler'
../EWARM/startup_stm32f411xe.s:501: Error: bad instruction `pubweak SPI5_IRQHandler'
../EWARM/startup_stm32f411xe.s:502: Error: bad instruction `section .text:CODE:REORDER:NOROOT(1)'
../EWARM/startup_stm32f411xe.s:503: Error: bad instruction `spi5_irqhandler'
../EWARM/startup_stm32f411xe.s:506: Error: bad instruction `end'
make: *** [Drivers/STM32F4xx_HAL_Driver/Src/subdir.mk:79: Drivers/STM32F4xx_HAL_Driver/Src/stm32f4xx_hal_flash.o] Error 1
make: *** [Drivers/STM32F4xx_HAL_Driver/Src/subdir.mk:79: Drivers/STM32F4xx_HAL_Driver/Src/stm32f4xx_hal_flash_ex.o] Error 1
make: *** [EWARM/subdir.mk:19: EWARM/startup_stm32f411xe.o] Error 1
make: *** [Drivers/STM32F4xx_HAL_Driver/Src/subdir.mk:79: Drivers/STM32F4xx_HAL_Driver/Src/stm32f4xx_hal_gpio.o] Error 1
"make -j12 all" terminated with exit code 2. Build might be incomplete.

22:55:09 Build Failed. 474 errors, 0 warnings. (took 2s.453ms)

